<?xml version="1.0" encoding="UTF-8"?>
<testsuite name="integrationTests.ServiceTests" tests="8" skipped="0" failures="0" errors="0" timestamp="2024-05-25T20:02:07" hostname="RyansMacStudio" time="2.13">
  <properties/>
  <testcase name="orderShouldReject()" classname="integrationTests.ServiceTests" time="0.109"/>
  <testcase name="cancelOrder()" classname="integrationTests.ServiceTests" time="0.124"/>
  <testcase name="adjustBalance()" classname="integrationTests.ServiceTests" time="0.102"/>
  <testcase name="executeTrade()" classname="integrationTests.ServiceTests" time="0.094"/>
  <testcase name="placeOrder()" classname="integrationTests.ServiceTests" time="0.089"/>
  <testcase name="error()" classname="integrationTests.ServiceTests" time="0.076"/>
  <testcase name="adjustBalanceUnknownAsset()" classname="integrationTests.ServiceTests" time="0.074"/>
  <testcase name="cancelOrderNotExists()" classname="integrationTests.ServiceTests" time="0.07"/>
  <system-out><![CDATA[INFO  o.s.b.t.c.SpringBootTestContextBootstrapper Neither @ContextConfiguration nor @ContextHierarchy found for test class [integrationTests.ServiceTests], using SpringBootContextLoader
INFO  o.s.t.c.s.AbstractContextLoader Could not detect default resource locations for test class [integrationTests.ServiceTests]: no resource found for suffixes {-context.xml, Context.groovy}.
INFO  o.s.b.t.c.SpringBootTestContextBootstrapper Loaded default TestExecutionListener class names from location [META-INF/spring.factories]: [org.springframework.boot.test.autoconfigure.restdocs.RestDocsTestExecutionListener, org.springframework.boot.test.autoconfigure.web.client.MockRestServiceServerResetTestExecutionListener, org.springframework.boot.test.autoconfigure.web.servlet.MockMvcPrintOnlyOnFailureTestExecutionListener, org.springframework.boot.test.autoconfigure.web.servlet.WebDriverTestExecutionListener, org.springframework.boot.test.autoconfigure.webservices.client.MockWebServiceServerTestExecutionListener, org.springframework.boot.test.mock.mockito.MockitoTestExecutionListener, org.springframework.boot.test.mock.mockito.ResetMocksTestExecutionListener, org.springframework.test.context.web.ServletTestExecutionListener, org.springframework.test.context.support.DirtiesContextBeforeModesTestExecutionListener, org.springframework.test.context.event.ApplicationEventsTestExecutionListener, org.springframework.test.context.support.DependencyInjectionTestExecutionListener, org.springframework.test.context.support.DirtiesContextTestExecutionListener, org.springframework.test.context.transaction.TransactionalTestExecutionListener, org.springframework.test.context.jdbc.SqlScriptsTestExecutionListener, org.springframework.test.context.event.EventPublishingTestExecutionListener]
INFO  o.s.b.t.c.SpringBootTestContextBootstrapper Using TestExecutionListeners: [org.springframework.test.context.web.ServletTestExecutionListener@15ab0461, org.springframework.test.context.support.DirtiesContextBeforeModesTestExecutionListener@2f403d0a, org.springframework.test.context.event.ApplicationEventsTestExecutionListener@186fc6e, org.springframework.boot.test.mock.mockito.MockitoTestExecutionListener@1bd5b1c8, org.springframework.boot.test.autoconfigure.SpringBootDependencyInjectionTestExecutionListener@569026df, org.springframework.test.context.support.DirtiesContextTestExecutionListener@7896e96a, org.springframework.test.context.transaction.TransactionalTestExecutionListener@4e451f9a, org.springframework.test.context.jdbc.SqlScriptsTestExecutionListener@7828bc6b, org.springframework.test.context.event.EventPublishingTestExecutionListener@2f59cb6f, org.springframework.boot.test.autoconfigure.restdocs.RestDocsTestExecutionListener@60cbba57, org.springframework.boot.test.autoconfigure.web.client.MockRestServiceServerResetTestExecutionListener@614d01b, org.springframework.boot.test.autoconfigure.web.servlet.MockMvcPrintOnlyOnFailureTestExecutionListener@3be2ef56, org.springframework.boot.test.autoconfigure.web.servlet.WebDriverTestExecutionListener@5a8149f6, org.springframework.boot.test.autoconfigure.webservices.client.MockWebServiceServerTestExecutionListener@672549f3, org.springframework.boot.test.mock.mockito.ResetMocksTestExecutionListener@4791d904]

  .   ____          _            __ _ _
 /\\ / ___'_ __ _ _(_)_ __  __ _ \ \ \ \
( ( )\___ | '_ | '_| | '_ \/ _` | \ \ \ \
 \\/  ___)| |_)| | | | | || (_| |  ) ) ) )
  '  |____| .__|_| |_|_| |_\__, | / / / /
 =========|_|==============|___/=/_/_/_/
 :: Spring Boot ::                (v2.7.5)

INFO  integrationTests.ServiceTests Starting ServiceTests using Java 17.0.8.1 on RyansMacStudio with PID 14697 (started by ryanossandon in /Users/ryanossandon/Code/ROTE/tradingEngineService)
INFO  integrationTests.ServiceTests No active profile set, falling back to 1 default profile: "default"
INFO  o.s.c.context.scope.GenericScope BeanFactory id=0c3dc5dc-1afe-377a-a787-7f7c807539d4
INFO  o.a.k.c.producer.ProducerConfig ProducerConfig values: 
	acks = -1
	batch.size = 16384
	bootstrap.servers = [localhost:9092]
	buffer.memory = 33554432
	client.dns.lookup = use_all_dns_ips
	client.id = dedf4c6d633f4f8885f481901def38b4
	compression.type = none
	connections.max.idle.ms = 540000
	delivery.timeout.ms = 120000
	enable.idempotence = true
	interceptor.classes = []
	key.serializer = class org.apache.kafka.common.serialization.StringSerializer
	linger.ms = 0
	max.block.ms = 60000
	max.in.flight.requests.per.connection = 5
	max.request.size = 1048576
	metadata.max.age.ms = 300000
	metadata.max.idle.ms = 300000
	metric.reporters = []
	metrics.num.samples = 2
	metrics.recording.level = INFO
	metrics.sample.window.ms = 30000
	partitioner.class = class org.apache.kafka.clients.producer.internals.DefaultPartitioner
	receive.buffer.bytes = 32768
	reconnect.backoff.max.ms = 1000
	reconnect.backoff.ms = 50
	request.timeout.ms = 30000
	retries = 2147483647
	retry.backoff.ms = 100
	sasl.client.callback.handler.class = null
	sasl.jaas.config = null
	sasl.kerberos.kinit.cmd = /usr/bin/kinit
	sasl.kerberos.min.time.before.relogin = 60000
	sasl.kerberos.service.name = null
	sasl.kerberos.ticket.renew.jitter = 0.05
	sasl.kerberos.ticket.renew.window.factor = 0.8
	sasl.login.callback.handler.class = null
	sasl.login.class = null
	sasl.login.connect.timeout.ms = null
	sasl.login.read.timeout.ms = null
	sasl.login.refresh.buffer.seconds = 300
	sasl.login.refresh.min.period.seconds = 60
	sasl.login.refresh.window.factor = 0.8
	sasl.login.refresh.window.jitter = 0.05
	sasl.login.retry.backoff.max.ms = 10000
	sasl.login.retry.backoff.ms = 100
	sasl.mechanism = GSSAPI
	sasl.oauthbearer.clock.skew.seconds = 30
	sasl.oauthbearer.expected.audience = null
	sasl.oauthbearer.expected.issuer = null
	sasl.oauthbearer.jwks.endpoint.refresh.ms = 3600000
	sasl.oauthbearer.jwks.endpoint.retry.backoff.max.ms = 10000
	sasl.oauthbearer.jwks.endpoint.retry.backoff.ms = 100
	sasl.oauthbearer.jwks.endpoint.url = null
	sasl.oauthbearer.scope.claim.name = scope
	sasl.oauthbearer.sub.claim.name = sub
	sasl.oauthbearer.token.endpoint.url = null
	security.protocol = PLAINTEXT
	security.providers = null
	send.buffer.bytes = 131072
	socket.connection.setup.timeout.max.ms = 30000
	socket.connection.setup.timeout.ms = 10000
	ssl.cipher.suites = null
	ssl.enabled.protocols = [TLSv1.2, TLSv1.3]
	ssl.endpoint.identification.algorithm = https
	ssl.engine.factory.class = null
	ssl.key.password = null
	ssl.keymanager.algorithm = SunX509
	ssl.keystore.certificate.chain = null
	ssl.keystore.key = null
	ssl.keystore.location = null
	ssl.keystore.password = null
	ssl.keystore.type = JKS
	ssl.protocol = TLSv1.3
	ssl.provider = null
	ssl.secure.random.implementation = null
	ssl.trustmanager.algorithm = PKIX
	ssl.truststore.certificates = null
	ssl.truststore.location = null
	ssl.truststore.password = null
	ssl.truststore.type = JKS
	transaction.timeout.ms = 60000
	transactional.id = null
	value.serializer = class org.springframework.kafka.support.serializer.JsonSerializer

INFO  o.a.k.c.producer.KafkaProducer [Producer clientId=dedf4c6d633f4f8885f481901def38b4] Instantiated an idempotent producer.
INFO  o.a.k.common.utils.AppInfoParser Kafka version: 3.1.2
INFO  o.a.k.common.utils.AppInfoParser Kafka commitId: f8c67dc3ae0a3265
INFO  o.a.k.common.utils.AppInfoParser Kafka startTimeMs: 1716667327635
INFO  org.apache.kafka.clients.Metadata [Producer clientId=dedf4c6d633f4f8885f481901def38b4] Cluster ID: vYZdA2sdT-SraCOH9C0BQQ
INFO  o.a.k.c.p.i.TransactionManager [Producer clientId=dedf4c6d633f4f8885f481901def38b4] ProducerId set to 2 with epoch 0
WARN  o.s.b.a.s.s.UserDetailsServiceAutoConfiguration 

Using generated security password: cd6d2e19-e40c-4851-9d03-072a9042b612

This generated password is for development use only. Your security configuration must be updated before running your application in production.

INFO  o.s.s.w.DefaultSecurityFilterChain Will secure any request with [org.springframework.security.web.session.DisableEncodeUrlFilter@45f32b12, org.springframework.security.web.context.request.async.WebAsyncManagerIntegrationFilter@54dc163a, org.springframework.security.web.context.SecurityContextPersistenceFilter@32aa27a7, org.springframework.security.web.header.HeaderWriterFilter@6db84cae, org.springframework.security.web.csrf.CsrfFilter@4822fc53, org.springframework.security.web.authentication.logout.LogoutFilter@6c289070, org.springframework.security.web.authentication.UsernamePasswordAuthenticationFilter@43a9988a, org.springframework.security.web.authentication.ui.DefaultLoginPageGeneratingFilter@328b2c2a, org.springframework.security.web.authentication.ui.DefaultLogoutPageGeneratingFilter@5bbeb9e3, org.springframework.security.web.authentication.www.BasicAuthenticationFilter@611ffa8d, org.springframework.security.web.savedrequest.RequestCacheAwareFilter@5c7c22ce, org.springframework.security.web.servletapi.SecurityContextHolderAwareRequestFilter@738ed8d3, org.springframework.security.web.authentication.AnonymousAuthenticationFilter@456beb8b, org.springframework.security.web.session.SessionManagementFilter@6db59e26, org.springframework.security.web.access.ExceptionTranslationFilter@6e200307, org.springframework.security.web.access.intercept.FilterSecurityInterceptor@622e39d]
INFO  o.a.k.c.admin.AdminClientConfig AdminClientConfig values: 
	bootstrap.servers = [localhost:9092]
	client.dns.lookup = use_all_dns_ips
	client.id = 
	connections.max.idle.ms = 300000
	default.api.timeout.ms = 60000
	metadata.max.age.ms = 300000
	metric.reporters = []
	metrics.num.samples = 2
	metrics.recording.level = INFO
	metrics.sample.window.ms = 30000
	receive.buffer.bytes = 65536
	reconnect.backoff.max.ms = 1000
	reconnect.backoff.ms = 50
	request.timeout.ms = 30000
	retries = 2147483647
	retry.backoff.ms = 100
	sasl.client.callback.handler.class = null
	sasl.jaas.config = null
	sasl.kerberos.kinit.cmd = /usr/bin/kinit
	sasl.kerberos.min.time.before.relogin = 60000
	sasl.kerberos.service.name = null
	sasl.kerberos.ticket.renew.jitter = 0.05
	sasl.kerberos.ticket.renew.window.factor = 0.8
	sasl.login.callback.handler.class = null
	sasl.login.class = null
	sasl.login.connect.timeout.ms = null
	sasl.login.read.timeout.ms = null
	sasl.login.refresh.buffer.seconds = 300
	sasl.login.refresh.min.period.seconds = 60
	sasl.login.refresh.window.factor = 0.8
	sasl.login.refresh.window.jitter = 0.05
	sasl.login.retry.backoff.max.ms = 10000
	sasl.login.retry.backoff.ms = 100
	sasl.mechanism = GSSAPI
	sasl.oauthbearer.clock.skew.seconds = 30
	sasl.oauthbearer.expected.audience = null
	sasl.oauthbearer.expected.issuer = null
	sasl.oauthbearer.jwks.endpoint.refresh.ms = 3600000
	sasl.oauthbearer.jwks.endpoint.retry.backoff.max.ms = 10000
	sasl.oauthbearer.jwks.endpoint.retry.backoff.ms = 100
	sasl.oauthbearer.jwks.endpoint.url = null
	sasl.oauthbearer.scope.claim.name = scope
	sasl.oauthbearer.sub.claim.name = sub
	sasl.oauthbearer.token.endpoint.url = null
	security.protocol = PLAINTEXT
	security.providers = null
	send.buffer.bytes = 131072
	socket.connection.setup.timeout.max.ms = 30000
	socket.connection.setup.timeout.ms = 10000
	ssl.cipher.suites = null
	ssl.enabled.protocols = [TLSv1.2, TLSv1.3]
	ssl.endpoint.identification.algorithm = https
	ssl.engine.factory.class = null
	ssl.key.password = null
	ssl.keymanager.algorithm = SunX509
	ssl.keystore.certificate.chain = null
	ssl.keystore.key = null
	ssl.keystore.location = null
	ssl.keystore.password = null
	ssl.keystore.type = JKS
	ssl.protocol = TLSv1.3
	ssl.provider = null
	ssl.secure.random.implementation = null
	ssl.trustmanager.algorithm = PKIX
	ssl.truststore.certificates = null
	ssl.truststore.location = null
	ssl.truststore.password = null
	ssl.truststore.type = JKS

INFO  o.a.k.c.admin.AdminClientConfig AdminClientConfig values: 
	bootstrap.servers = [localhost:9092]
	client.dns.lookup = use_all_dns_ips
	client.id = 
	connections.max.idle.ms = 300000
	default.api.timeout.ms = 60000
	metadata.max.age.ms = 300000
	metric.reporters = []
	metrics.num.samples = 2
	metrics.recording.level = INFO
	metrics.sample.window.ms = 30000
	receive.buffer.bytes = 65536
	reconnect.backoff.max.ms = 1000
	reconnect.backoff.ms = 50
	request.timeout.ms = 30000
	retries = 2147483647
	retry.backoff.ms = 100
	sasl.client.callback.handler.class = null
	sasl.jaas.config = null
	sasl.kerberos.kinit.cmd = /usr/bin/kinit
	sasl.kerberos.min.time.before.relogin = 60000
	sasl.kerberos.service.name = null
	sasl.kerberos.ticket.renew.jitter = 0.05
	sasl.kerberos.ticket.renew.window.factor = 0.8
	sasl.login.callback.handler.class = null
	sasl.login.class = null
	sasl.login.connect.timeout.ms = null
	sasl.login.read.timeout.ms = null
	sasl.login.refresh.buffer.seconds = 300
	sasl.login.refresh.min.period.seconds = 60
	sasl.login.refresh.window.factor = 0.8
	sasl.login.refresh.window.jitter = 0.05
	sasl.login.retry.backoff.max.ms = 10000
	sasl.login.retry.backoff.ms = 100
	sasl.mechanism = GSSAPI
	sasl.oauthbearer.clock.skew.seconds = 30
	sasl.oauthbearer.expected.audience = null
	sasl.oauthbearer.expected.issuer = null
	sasl.oauthbearer.jwks.endpoint.refresh.ms = 3600000
	sasl.oauthbearer.jwks.endpoint.retry.backoff.max.ms = 10000
	sasl.oauthbearer.jwks.endpoint.retry.backoff.ms = 100
	sasl.oauthbearer.jwks.endpoint.url = null
	sasl.oauthbearer.scope.claim.name = scope
	sasl.oauthbearer.sub.claim.name = sub
	sasl.oauthbearer.token.endpoint.url = null
	security.protocol = PLAINTEXT
	security.providers = null
	send.buffer.bytes = 131072
	socket.connection.setup.timeout.max.ms = 30000
	socket.connection.setup.timeout.ms = 10000
	ssl.cipher.suites = null
	ssl.enabled.protocols = [TLSv1.2, TLSv1.3]
	ssl.endpoint.identification.algorithm = https
	ssl.engine.factory.class = null
	ssl.key.password = null
	ssl.keymanager.algorithm = SunX509
	ssl.keystore.certificate.chain = null
	ssl.keystore.key = null
	ssl.keystore.location = null
	ssl.keystore.password = null
	ssl.keystore.type = JKS
	ssl.protocol = TLSv1.3
	ssl.provider = null
	ssl.secure.random.implementation = null
	ssl.trustmanager.algorithm = PKIX
	ssl.truststore.certificates = null
	ssl.truststore.location = null
	ssl.truststore.password = null
	ssl.truststore.type = JKS

INFO  integrationTests.ServiceTests Started ServiceTests in 0.263 seconds (JVM running for 4.925)
INFO  o.a.k.common.utils.AppInfoParser Kafka version: 3.1.2
INFO  o.a.k.common.utils.AppInfoParser Kafka commitId: f8c67dc3ae0a3265
INFO  o.a.k.common.utils.AppInfoParser Kafka startTimeMs: 1716667327805
INFO  o.a.k.common.utils.AppInfoParser Kafka version: 3.1.2
INFO  o.a.k.common.utils.AppInfoParser Kafka commitId: f8c67dc3ae0a3265
INFO  o.a.k.common.utils.AppInfoParser Kafka startTimeMs: 1716667327805
INFO  s.kafka.KafkaRequestResponseClient Created topic 89c0c96b56c84467afcd588dca410d22-trading-engine-requests-writes
INFO  s.kafka.KafkaRequestResponseClient Created topic 89c0c96b56c84467afcd588dca410d22-526692b4654e4d598a820f77c3c6320d-responses
INFO  o.a.k.common.utils.AppInfoParser App info kafka.admin.client for adminclient-6 unregistered
INFO  o.a.kafka.common.metrics.Metrics Metrics scheduler closed
INFO  o.a.kafka.common.metrics.Metrics Closing reporter org.apache.kafka.common.metrics.JmxReporter
INFO  o.a.kafka.common.metrics.Metrics Metrics reporters closed
INFO  o.a.k.c.consumer.ConsumerConfig ConsumerConfig values: 
	allow.auto.create.topics = true
	auto.commit.interval.ms = 5000
	auto.offset.reset = earliest
	bootstrap.servers = [localhost:9092]
	check.crcs = true
	client.dns.lookup = use_all_dns_ips
	client.id = 083f24c0d4ed474cadffa123bb4dfc4d
	client.rack = 
	connections.max.idle.ms = 540000
	default.api.timeout.ms = 60000
	enable.auto.commit = false
	exclude.internal.topics = true
	fetch.max.bytes = 52428800
	fetch.max.wait.ms = 500
	fetch.min.bytes = 1
	group.id = 89c0c96b56c84467afcd588dca410d22default
	group.instance.id = null
	heartbeat.interval.ms = 3000
	interceptor.classes = []
	internal.leave.group.on.close = true
	internal.throw.on.fetch.stable.offset.unsupported = false
	isolation.level = read_uncommitted
	key.deserializer = class org.apache.kafka.common.serialization.StringDeserializer
	max.partition.fetch.bytes = 1048576
	max.poll.interval.ms = 300000
	max.poll.records = 500
	metadata.max.age.ms = 300000
	metric.reporters = []
	metrics.num.samples = 2
	metrics.recording.level = INFO
	metrics.sample.window.ms = 30000
	partition.assignment.strategy = [class org.apache.kafka.clients.consumer.RangeAssignor, class org.apache.kafka.clients.consumer.CooperativeStickyAssignor]
	receive.buffer.bytes = 65536
	reconnect.backoff.max.ms = 1000
	reconnect.backoff.ms = 50
	request.timeout.ms = 30000
	retry.backoff.ms = 100
	sasl.client.callback.handler.class = null
	sasl.jaas.config = null
	sasl.kerberos.kinit.cmd = /usr/bin/kinit
	sasl.kerberos.min.time.before.relogin = 60000
	sasl.kerberos.service.name = null
	sasl.kerberos.ticket.renew.jitter = 0.05
	sasl.kerberos.ticket.renew.window.factor = 0.8
	sasl.login.callback.handler.class = null
	sasl.login.class = null
	sasl.login.connect.timeout.ms = null
	sasl.login.read.timeout.ms = null
	sasl.login.refresh.buffer.seconds = 300
	sasl.login.refresh.min.period.seconds = 60
	sasl.login.refresh.window.factor = 0.8
	sasl.login.refresh.window.jitter = 0.05
	sasl.login.retry.backoff.max.ms = 10000
	sasl.login.retry.backoff.ms = 100
	sasl.mechanism = GSSAPI
	sasl.oauthbearer.clock.skew.seconds = 30
	sasl.oauthbearer.expected.audience = null
	sasl.oauthbearer.expected.issuer = null
	sasl.oauthbearer.jwks.endpoint.refresh.ms = 3600000
	sasl.oauthbearer.jwks.endpoint.retry.backoff.max.ms = 10000
	sasl.oauthbearer.jwks.endpoint.retry.backoff.ms = 100
	sasl.oauthbearer.jwks.endpoint.url = null
	sasl.oauthbearer.scope.claim.name = scope
	sasl.oauthbearer.sub.claim.name = sub
	sasl.oauthbearer.token.endpoint.url = null
	security.protocol = PLAINTEXT
	security.providers = null
	send.buffer.bytes = 131072
	session.timeout.ms = 45000
	socket.connection.setup.timeout.max.ms = 30000
	socket.connection.setup.timeout.ms = 10000
	ssl.cipher.suites = null
	ssl.enabled.protocols = [TLSv1.2, TLSv1.3]
	ssl.endpoint.identification.algorithm = https
	ssl.engine.factory.class = null
	ssl.key.password = null
	ssl.keymanager.algorithm = SunX509
	ssl.keystore.certificate.chain = null
	ssl.keystore.key = null
	ssl.keystore.location = null
	ssl.keystore.password = null
	ssl.keystore.type = JKS
	ssl.protocol = TLSv1.3
	ssl.provider = null
	ssl.secure.random.implementation = null
	ssl.trustmanager.algorithm = PKIX
	ssl.truststore.certificates = null
	ssl.truststore.location = null
	ssl.truststore.password = null
	ssl.truststore.type = JKS
	value.deserializer = class org.springframework.kafka.support.serializer.JsonDeserializer

INFO  o.a.k.common.utils.AppInfoParser Kafka version: 3.1.2
INFO  o.a.k.common.utils.AppInfoParser Kafka commitId: f8c67dc3ae0a3265
INFO  o.a.k.common.utils.AppInfoParser Kafka startTimeMs: 1716667327849
INFO  o.a.k.c.consumer.KafkaConsumer [Consumer clientId=083f24c0d4ed474cadffa123bb4dfc4d, groupId=89c0c96b56c84467afcd588dca410d22default] Subscribed to partition(s): 89c0c96b56c84467afcd588dca410d22-526692b4654e4d598a820f77c3c6320d-responses-0
INFO  o.a.k.c.consumer.KafkaConsumer [Consumer clientId=083f24c0d4ed474cadffa123bb4dfc4d, groupId=89c0c96b56c84467afcd588dca410d22default] Seeking to offset 0 for partition 89c0c96b56c84467afcd588dca410d22-526692b4654e4d598a820f77c3c6320d-responses-0
INFO  org.apache.kafka.clients.Metadata [Producer clientId=dedf4c6d633f4f8885f481901def38b4] Resetting the last seen epoch of partition 89c0c96b56c84467afcd588dca410d22-trading-engine-requests-writes-0 to 0 since the associated topicId changed from null to PAcG5O7FRyutsfxCd_eEzA
INFO  org.apache.kafka.clients.Metadata [Consumer clientId=083f24c0d4ed474cadffa123bb4dfc4d, groupId=89c0c96b56c84467afcd588dca410d22default] Resetting the last seen epoch of partition 89c0c96b56c84467afcd588dca410d22-526692b4654e4d598a820f77c3c6320d-responses-0 to 0 since the associated topicId changed from null to WQLaEiglRJawkDsFJMZDGQ
INFO  org.apache.kafka.clients.Metadata [Consumer clientId=083f24c0d4ed474cadffa123bb4dfc4d, groupId=89c0c96b56c84467afcd588dca410d22default] Cluster ID: vYZdA2sdT-SraCOH9C0BQQ
INFO  o.a.k.c.c.i.ConsumerCoordinator [Consumer clientId=73fb418bbf9648e7a3fe000b3a15c0b3, groupId=57e33215ec3d4aba93509e3e51d18d35default] Resetting generation due to: consumer pro-actively leaving the group
INFO  o.a.k.c.c.i.ConsumerCoordinator [Consumer clientId=73fb418bbf9648e7a3fe000b3a15c0b3, groupId=57e33215ec3d4aba93509e3e51d18d35default] Request joining group due to: consumer pro-actively leaving the group
INFO  o.a.kafka.common.metrics.Metrics Metrics scheduler closed
INFO  o.a.kafka.common.metrics.Metrics Closing reporter org.apache.kafka.common.metrics.JmxReporter
INFO  o.a.kafka.common.metrics.Metrics Metrics reporters closed
INFO  o.a.k.common.utils.AppInfoParser App info kafka.consumer for 73fb418bbf9648e7a3fe000b3a15c0b3 unregistered
INFO  t.s.TradingEngineStreamingService Stopped trading engine service
INFO  o.a.k.c.c.i.ConsumerCoordinator [Consumer clientId=1b361ab7fabb4246badf429e8bdd42b9, groupId=57e33215ec3d4aba93509e3e51d18d35default] Resetting generation due to: consumer pro-actively leaving the group
INFO  o.a.k.c.c.i.ConsumerCoordinator [Consumer clientId=1b361ab7fabb4246badf429e8bdd42b9, groupId=57e33215ec3d4aba93509e3e51d18d35default] Request joining group due to: consumer pro-actively leaving the group
INFO  o.a.kafka.common.metrics.Metrics Metrics scheduler closed
INFO  o.a.kafka.common.metrics.Metrics Closing reporter org.apache.kafka.common.metrics.JmxReporter
INFO  o.a.kafka.common.metrics.Metrics Metrics reporters closed
INFO  o.a.k.common.utils.AppInfoParser App info kafka.consumer for 1b361ab7fabb4246badf429e8bdd42b9 unregistered
INFO  s.kafka.KafkaRequestResponseClient Created topic 89c0c96b56c84467afcd588dca410d22-trading-engine-requests-reads
INFO  s.kafka.KafkaRequestResponseClient Created topic 89c0c96b56c84467afcd588dca410d22-market-data
INFO  o.a.k.common.utils.AppInfoParser App info kafka.admin.client for adminclient-5 unregistered
INFO  o.a.kafka.common.metrics.Metrics Metrics scheduler closed
INFO  o.a.kafka.common.metrics.Metrics Closing reporter org.apache.kafka.common.metrics.JmxReporter
INFO  o.a.kafka.common.metrics.Metrics Metrics reporters closed
INFO  t.s.TradingEngineStreamingService Running trading engine service; starting at offset '0'
INFO  o.a.k.c.consumer.ConsumerConfig ConsumerConfig values: 
	allow.auto.create.topics = true
	auto.commit.interval.ms = 5000
	auto.offset.reset = earliest
	bootstrap.servers = [localhost:9092]
	check.crcs = true
	client.dns.lookup = use_all_dns_ips
	client.id = 3bcb4c4d128d4b2a90cec7bd132e388d
	client.rack = 
	connections.max.idle.ms = 540000
	default.api.timeout.ms = 60000
	enable.auto.commit = false
	exclude.internal.topics = true
	fetch.max.bytes = 52428800
	fetch.max.wait.ms = 500
	fetch.min.bytes = 1
	group.id = 89c0c96b56c84467afcd588dca410d22default
	group.instance.id = null
	heartbeat.interval.ms = 3000
	interceptor.classes = []
	internal.leave.group.on.close = true
	internal.throw.on.fetch.stable.offset.unsupported = false
	isolation.level = read_uncommitted
	key.deserializer = class org.apache.kafka.common.serialization.StringDeserializer
	max.partition.fetch.bytes = 1048576
	max.poll.interval.ms = 300000
	max.poll.records = 500
	metadata.max.age.ms = 300000
	metric.reporters = []
	metrics.num.samples = 2
	metrics.recording.level = INFO
	metrics.sample.window.ms = 30000
	partition.assignment.strategy = [class org.apache.kafka.clients.consumer.RangeAssignor, class org.apache.kafka.clients.consumer.CooperativeStickyAssignor]
	receive.buffer.bytes = 65536
	reconnect.backoff.max.ms = 1000
	reconnect.backoff.ms = 50
	request.timeout.ms = 30000
	retry.backoff.ms = 100
	sasl.client.callback.handler.class = null
	sasl.jaas.config = null
	sasl.kerberos.kinit.cmd = /usr/bin/kinit
	sasl.kerberos.min.time.before.relogin = 60000
	sasl.kerberos.service.name = null
	sasl.kerberos.ticket.renew.jitter = 0.05
	sasl.kerberos.ticket.renew.window.factor = 0.8
	sasl.login.callback.handler.class = null
	sasl.login.class = null
	sasl.login.connect.timeout.ms = null
	sasl.login.read.timeout.ms = null
	sasl.login.refresh.buffer.seconds = 300
	sasl.login.refresh.min.period.seconds = 60
	sasl.login.refresh.window.factor = 0.8
	sasl.login.refresh.window.jitter = 0.05
	sasl.login.retry.backoff.max.ms = 10000
	sasl.login.retry.backoff.ms = 100
	sasl.mechanism = GSSAPI
	sasl.oauthbearer.clock.skew.seconds = 30
	sasl.oauthbearer.expected.audience = null
	sasl.oauthbearer.expected.issuer = null
	sasl.oauthbearer.jwks.endpoint.refresh.ms = 3600000
	sasl.oauthbearer.jwks.endpoint.retry.backoff.max.ms = 10000
	sasl.oauthbearer.jwks.endpoint.retry.backoff.ms = 100
	sasl.oauthbearer.jwks.endpoint.url = null
	sasl.oauthbearer.scope.claim.name = scope
	sasl.oauthbearer.sub.claim.name = sub
	sasl.oauthbearer.token.endpoint.url = null
	security.protocol = PLAINTEXT
	security.providers = null
	send.buffer.bytes = 131072
	session.timeout.ms = 45000
	socket.connection.setup.timeout.max.ms = 30000
	socket.connection.setup.timeout.ms = 10000
	ssl.cipher.suites = null
	ssl.enabled.protocols = [TLSv1.2, TLSv1.3]
	ssl.endpoint.identification.algorithm = https
	ssl.engine.factory.class = null
	ssl.key.password = null
	ssl.keymanager.algorithm = SunX509
	ssl.keystore.certificate.chain = null
	ssl.keystore.key = null
	ssl.keystore.location = null
	ssl.keystore.password = null
	ssl.keystore.type = JKS
	ssl.protocol = TLSv1.3
	ssl.provider = null
	ssl.secure.random.implementation = null
	ssl.trustmanager.algorithm = PKIX
	ssl.truststore.certificates = null
	ssl.truststore.location = null
	ssl.truststore.password = null
	ssl.truststore.type = JKS
	value.deserializer = class org.springframework.kafka.support.serializer.JsonDeserializer

INFO  o.a.k.common.utils.AppInfoParser Kafka version: 3.1.2
INFO  o.a.k.common.utils.AppInfoParser Kafka commitId: f8c67dc3ae0a3265
INFO  o.a.k.common.utils.AppInfoParser Kafka startTimeMs: 1716667327886
INFO  o.a.k.c.consumer.KafkaConsumer [Consumer clientId=3bcb4c4d128d4b2a90cec7bd132e388d, groupId=89c0c96b56c84467afcd588dca410d22default] Subscribed to partition(s): 89c0c96b56c84467afcd588dca410d22-trading-engine-requests-writes-0, 89c0c96b56c84467afcd588dca410d22-trading-engine-requests-reads-0
INFO  o.a.k.c.consumer.KafkaConsumer [Consumer clientId=3bcb4c4d128d4b2a90cec7bd132e388d, groupId=89c0c96b56c84467afcd588dca410d22default] Seeking to offset 0 for partition 89c0c96b56c84467afcd588dca410d22-trading-engine-requests-writes-0
INFO  org.apache.kafka.clients.Metadata [Consumer clientId=3bcb4c4d128d4b2a90cec7bd132e388d, groupId=89c0c96b56c84467afcd588dca410d22default] Resetting the last seen epoch of partition 89c0c96b56c84467afcd588dca410d22-trading-engine-requests-reads-0 to 0 since the associated topicId changed from null to ukj5o8RiQV-67EEu6Q1PwQ
INFO  org.apache.kafka.clients.Metadata [Consumer clientId=3bcb4c4d128d4b2a90cec7bd132e388d, groupId=89c0c96b56c84467afcd588dca410d22default] Resetting the last seen epoch of partition 89c0c96b56c84467afcd588dca410d22-trading-engine-requests-writes-0 to 0 since the associated topicId changed from null to PAcG5O7FRyutsfxCd_eEzA
INFO  org.apache.kafka.clients.Metadata [Consumer clientId=3bcb4c4d128d4b2a90cec7bd132e388d, groupId=89c0c96b56c84467afcd588dca410d22default] Cluster ID: vYZdA2sdT-SraCOH9C0BQQ
INFO  o.a.k.c.c.i.ConsumerCoordinator [Consumer clientId=3bcb4c4d128d4b2a90cec7bd132e388d, groupId=89c0c96b56c84467afcd588dca410d22default] Discovered group coordinator localhost:9092 (id: 2147483646 rack: null)
INFO  o.a.k.c.c.i.ConsumerCoordinator [Consumer clientId=3bcb4c4d128d4b2a90cec7bd132e388d, groupId=89c0c96b56c84467afcd588dca410d22default] Found no committed offset for partition 89c0c96b56c84467afcd588dca410d22-trading-engine-requests-reads-0
INFO  o.a.k.c.c.i.SubscriptionState [Consumer clientId=3bcb4c4d128d4b2a90cec7bd132e388d, groupId=89c0c96b56c84467afcd588dca410d22default] Resetting offset for partition 89c0c96b56c84467afcd588dca410d22-trading-engine-requests-reads-0 to position FetchPosition{offset=0, offsetEpoch=Optional.empty, currentLeader=LeaderAndEpoch{leader=Optional[localhost:9092 (id: 1 rack: null)], epoch=0}}.
INFO  t.s.TradingEngineStreamingService Processing 'LimitOrder' request
INFO  org.apache.kafka.clients.Metadata [Producer clientId=dedf4c6d633f4f8885f481901def38b4] Resetting the last seen epoch of partition 89c0c96b56c84467afcd588dca410d22-526692b4654e4d598a820f77c3c6320d-responses-0 to 0 since the associated topicId changed from null to WQLaEiglRJawkDsFJMZDGQ
INFO  o.a.k.c.producer.KafkaProducer [Producer clientId=dedf4c6d633f4f8885f481901def38b4] Closing the Kafka producer with timeoutMillis = 9223372036854775807 ms.
INFO  o.a.kafka.common.metrics.Metrics Metrics scheduler closed
INFO  o.a.kafka.common.metrics.Metrics Closing reporter org.apache.kafka.common.metrics.JmxReporter
INFO  o.a.kafka.common.metrics.Metrics Metrics reporters closed
INFO  o.a.k.common.utils.AppInfoParser App info kafka.producer for dedf4c6d633f4f8885f481901def38b4 unregistered
INFO  o.a.k.c.producer.KafkaProducer [Producer clientId=dedf4c6d633f4f8885f481901def38b4] Closing the Kafka producer with timeoutMillis = 9223372036854775807 ms.
INFO  o.a.kafka.common.metrics.Metrics Metrics scheduler closed
INFO  o.a.kafka.common.metrics.Metrics Closing reporter org.apache.kafka.common.metrics.JmxReporter
INFO  o.a.kafka.common.metrics.Metrics Metrics reporters closed
INFO  o.a.k.common.utils.AppInfoParser App info kafka.producer for dedf4c6d633f4f8885f481901def38b4 unregistered
INFO  o.a.k.c.producer.KafkaProducer [Producer clientId=dedf4c6d633f4f8885f481901def38b4] Closing the Kafka producer with timeoutMillis = 9223372036854775807 ms.
INFO  o.a.kafka.common.metrics.Metrics Metrics scheduler closed
INFO  o.a.kafka.common.metrics.Metrics Closing reporter org.apache.kafka.common.metrics.JmxReporter
INFO  o.a.kafka.common.metrics.Metrics Metrics reporters closed
INFO  o.a.k.common.utils.AppInfoParser App info kafka.producer for dedf4c6d633f4f8885f481901def38b4 unregistered

  .   ____          _            __ _ _
 /\\ / ___'_ __ _ _(_)_ __  __ _ \ \ \ \
( ( )\___ | '_ | '_| | '_ \/ _` | \ \ \ \
 \\/  ___)| |_)| | | | | || (_| |  ) ) ) )
  '  |____| .__|_| |_|_| |_\__, | / / / /
 =========|_|==============|___/=/_/_/_/
 :: Spring Boot ::                (v2.7.5)

INFO  integrationTests.ServiceTests Starting ServiceTests using Java 17.0.8.1 on RyansMacStudio with PID 14697 (started by ryanossandon in /Users/ryanossandon/Code/ROTE/tradingEngineService)
INFO  integrationTests.ServiceTests No active profile set, falling back to 1 default profile: "default"
INFO  o.s.c.context.scope.GenericScope BeanFactory id=0c3dc5dc-1afe-377a-a787-7f7c807539d4
INFO  o.a.k.c.producer.ProducerConfig ProducerConfig values: 
	acks = -1
	batch.size = 16384
	bootstrap.servers = [localhost:9092]
	buffer.memory = 33554432
	client.dns.lookup = use_all_dns_ips
	client.id = 9267af88c0c746929e0869f92054f350
	compression.type = none
	connections.max.idle.ms = 540000
	delivery.timeout.ms = 120000
	enable.idempotence = true
	interceptor.classes = []
	key.serializer = class org.apache.kafka.common.serialization.StringSerializer
	linger.ms = 0
	max.block.ms = 60000
	max.in.flight.requests.per.connection = 5
	max.request.size = 1048576
	metadata.max.age.ms = 300000
	metadata.max.idle.ms = 300000
	metric.reporters = []
	metrics.num.samples = 2
	metrics.recording.level = INFO
	metrics.sample.window.ms = 30000
	partitioner.class = class org.apache.kafka.clients.producer.internals.DefaultPartitioner
	receive.buffer.bytes = 32768
	reconnect.backoff.max.ms = 1000
	reconnect.backoff.ms = 50
	request.timeout.ms = 30000
	retries = 2147483647
	retry.backoff.ms = 100
	sasl.client.callback.handler.class = null
	sasl.jaas.config = null
	sasl.kerberos.kinit.cmd = /usr/bin/kinit
	sasl.kerberos.min.time.before.relogin = 60000
	sasl.kerberos.service.name = null
	sasl.kerberos.ticket.renew.jitter = 0.05
	sasl.kerberos.ticket.renew.window.factor = 0.8
	sasl.login.callback.handler.class = null
	sasl.login.class = null
	sasl.login.connect.timeout.ms = null
	sasl.login.read.timeout.ms = null
	sasl.login.refresh.buffer.seconds = 300
	sasl.login.refresh.min.period.seconds = 60
	sasl.login.refresh.window.factor = 0.8
	sasl.login.refresh.window.jitter = 0.05
	sasl.login.retry.backoff.max.ms = 10000
	sasl.login.retry.backoff.ms = 100
	sasl.mechanism = GSSAPI
	sasl.oauthbearer.clock.skew.seconds = 30
	sasl.oauthbearer.expected.audience = null
	sasl.oauthbearer.expected.issuer = null
	sasl.oauthbearer.jwks.endpoint.refresh.ms = 3600000
	sasl.oauthbearer.jwks.endpoint.retry.backoff.max.ms = 10000
	sasl.oauthbearer.jwks.endpoint.retry.backoff.ms = 100
	sasl.oauthbearer.jwks.endpoint.url = null
	sasl.oauthbearer.scope.claim.name = scope
	sasl.oauthbearer.sub.claim.name = sub
	sasl.oauthbearer.token.endpoint.url = null
	security.protocol = PLAINTEXT
	security.providers = null
	send.buffer.bytes = 131072
	socket.connection.setup.timeout.max.ms = 30000
	socket.connection.setup.timeout.ms = 10000
	ssl.cipher.suites = null
	ssl.enabled.protocols = [TLSv1.2, TLSv1.3]
	ssl.endpoint.identification.algorithm = https
	ssl.engine.factory.class = null
	ssl.key.password = null
	ssl.keymanager.algorithm = SunX509
	ssl.keystore.certificate.chain = null
	ssl.keystore.key = null
	ssl.keystore.location = null
	ssl.keystore.password = null
	ssl.keystore.type = JKS
	ssl.protocol = TLSv1.3
	ssl.provider = null
	ssl.secure.random.implementation = null
	ssl.trustmanager.algorithm = PKIX
	ssl.truststore.certificates = null
	ssl.truststore.location = null
	ssl.truststore.password = null
	ssl.truststore.type = JKS
	transaction.timeout.ms = 60000
	transactional.id = null
	value.serializer = class org.springframework.kafka.support.serializer.JsonSerializer

INFO  o.a.k.c.producer.KafkaProducer [Producer clientId=9267af88c0c746929e0869f92054f350] Instantiated an idempotent producer.
INFO  o.a.k.common.utils.AppInfoParser Kafka version: 3.1.2
INFO  o.a.k.common.utils.AppInfoParser Kafka commitId: f8c67dc3ae0a3265
INFO  o.a.k.common.utils.AppInfoParser Kafka startTimeMs: 1716667328008
INFO  org.apache.kafka.clients.Metadata [Producer clientId=9267af88c0c746929e0869f92054f350] Cluster ID: vYZdA2sdT-SraCOH9C0BQQ
INFO  o.a.k.c.p.i.TransactionManager [Producer clientId=9267af88c0c746929e0869f92054f350] ProducerId set to 3 with epoch 0
WARN  o.s.b.a.s.s.UserDetailsServiceAutoConfiguration 

Using generated security password: ed1b729d-2049-4e40-b5e9-cb159bb31dfd

This generated password is for development use only. Your security configuration must be updated before running your application in production.

INFO  o.s.s.w.DefaultSecurityFilterChain Will secure any request with [org.springframework.security.web.session.DisableEncodeUrlFilter@cbd9494, org.springframework.security.web.context.request.async.WebAsyncManagerIntegrationFilter@45594dfe, org.springframework.security.web.context.SecurityContextPersistenceFilter@38f2342b, org.springframework.security.web.header.HeaderWriterFilter@5db6083b, org.springframework.security.web.csrf.CsrfFilter@3e60be48, org.springframework.security.web.authentication.logout.LogoutFilter@1418a1bd, org.springframework.security.web.authentication.UsernamePasswordAuthenticationFilter@39336f5, org.springframework.security.web.authentication.ui.DefaultLoginPageGeneratingFilter@5c6ee543, org.springframework.security.web.authentication.ui.DefaultLogoutPageGeneratingFilter@5f67ff3e, org.springframework.security.web.authentication.www.BasicAuthenticationFilter@36b86248, org.springframework.security.web.savedrequest.RequestCacheAwareFilter@68312b85, org.springframework.security.web.servletapi.SecurityContextHolderAwareRequestFilter@5ab0168, org.springframework.security.web.authentication.AnonymousAuthenticationFilter@2ab87cb8, org.springframework.security.web.session.SessionManagementFilter@3db48e6, org.springframework.security.web.access.ExceptionTranslationFilter@20a533b, org.springframework.security.web.access.intercept.FilterSecurityInterceptor@60052518]
INFO  o.a.k.c.admin.AdminClientConfig AdminClientConfig values: 
	bootstrap.servers = [localhost:9092]
	client.dns.lookup = use_all_dns_ips
	client.id = 
	connections.max.idle.ms = 300000
	default.api.timeout.ms = 60000
	metadata.max.age.ms = 300000
	metric.reporters = []
	metrics.num.samples = 2
	metrics.recording.level = INFO
	metrics.sample.window.ms = 30000
	receive.buffer.bytes = 65536
	reconnect.backoff.max.ms = 1000
	reconnect.backoff.ms = 50
	request.timeout.ms = 30000
	retries = 2147483647
	retry.backoff.ms = 100
	sasl.client.callback.handler.class = null
	sasl.jaas.config = null
	sasl.kerberos.kinit.cmd = /usr/bin/kinit
	sasl.kerberos.min.time.before.relogin = 60000
	sasl.kerberos.service.name = null
	sasl.kerberos.ticket.renew.jitter = 0.05
	sasl.kerberos.ticket.renew.window.factor = 0.8
	sasl.login.callback.handler.class = null
	sasl.login.class = null
	sasl.login.connect.timeout.ms = null
	sasl.login.read.timeout.ms = null
	sasl.login.refresh.buffer.seconds = 300
	sasl.login.refresh.min.period.seconds = 60
	sasl.login.refresh.window.factor = 0.8
	sasl.login.refresh.window.jitter = 0.05
	sasl.login.retry.backoff.max.ms = 10000
	sasl.login.retry.backoff.ms = 100
	sasl.mechanism = GSSAPI
	sasl.oauthbearer.clock.skew.seconds = 30
	sasl.oauthbearer.expected.audience = null
	sasl.oauthbearer.expected.issuer = null
	sasl.oauthbearer.jwks.endpoint.refresh.ms = 3600000
	sasl.oauthbearer.jwks.endpoint.retry.backoff.max.ms = 10000
	sasl.oauthbearer.jwks.endpoint.retry.backoff.ms = 100
	sasl.oauthbearer.jwks.endpoint.url = null
	sasl.oauthbearer.scope.claim.name = scope
	sasl.oauthbearer.sub.claim.name = sub
	sasl.oauthbearer.token.endpoint.url = null
	security.protocol = PLAINTEXT
	security.providers = null
	send.buffer.bytes = 131072
	socket.connection.setup.timeout.max.ms = 30000
	socket.connection.setup.timeout.ms = 10000
	ssl.cipher.suites = null
	ssl.enabled.protocols = [TLSv1.2, TLSv1.3]
	ssl.endpoint.identification.algorithm = https
	ssl.engine.factory.class = null
	ssl.key.password = null
	ssl.keymanager.algorithm = SunX509
	ssl.keystore.certificate.chain = null
	ssl.keystore.key = null
	ssl.keystore.location = null
	ssl.keystore.password = null
	ssl.keystore.type = JKS
	ssl.protocol = TLSv1.3
	ssl.provider = null
	ssl.secure.random.implementation = null
	ssl.trustmanager.algorithm = PKIX
	ssl.truststore.certificates = null
	ssl.truststore.location = null
	ssl.truststore.password = null
	ssl.truststore.type = JKS

INFO  integrationTests.ServiceTests Started ServiceTests in 0.239 seconds (JVM running for 5.275)
INFO  o.a.k.c.admin.AdminClientConfig AdminClientConfig values: 
	bootstrap.servers = [localhost:9092]
	client.dns.lookup = use_all_dns_ips
	client.id = 
	connections.max.idle.ms = 300000
	default.api.timeout.ms = 60000
	metadata.max.age.ms = 300000
	metric.reporters = []
	metrics.num.samples = 2
	metrics.recording.level = INFO
	metrics.sample.window.ms = 30000
	receive.buffer.bytes = 65536
	reconnect.backoff.max.ms = 1000
	reconnect.backoff.ms = 50
	request.timeout.ms = 30000
	retries = 2147483647
	retry.backoff.ms = 100
	sasl.client.callback.handler.class = null
	sasl.jaas.config = null
	sasl.kerberos.kinit.cmd = /usr/bin/kinit
	sasl.kerberos.min.time.before.relogin = 60000
	sasl.kerberos.service.name = null
	sasl.kerberos.ticket.renew.jitter = 0.05
	sasl.kerberos.ticket.renew.window.factor = 0.8
	sasl.login.callback.handler.class = null
	sasl.login.class = null
	sasl.login.connect.timeout.ms = null
	sasl.login.read.timeout.ms = null
	sasl.login.refresh.buffer.seconds = 300
	sasl.login.refresh.min.period.seconds = 60
	sasl.login.refresh.window.factor = 0.8
	sasl.login.refresh.window.jitter = 0.05
	sasl.login.retry.backoff.max.ms = 10000
	sasl.login.retry.backoff.ms = 100
	sasl.mechanism = GSSAPI
	sasl.oauthbearer.clock.skew.seconds = 30
	sasl.oauthbearer.expected.audience = null
	sasl.oauthbearer.expected.issuer = null
	sasl.oauthbearer.jwks.endpoint.refresh.ms = 3600000
	sasl.oauthbearer.jwks.endpoint.retry.backoff.max.ms = 10000
	sasl.oauthbearer.jwks.endpoint.retry.backoff.ms = 100
	sasl.oauthbearer.jwks.endpoint.url = null
	sasl.oauthbearer.scope.claim.name = scope
	sasl.oauthbearer.sub.claim.name = sub
	sasl.oauthbearer.token.endpoint.url = null
	security.protocol = PLAINTEXT
	security.providers = null
	send.buffer.bytes = 131072
	socket.connection.setup.timeout.max.ms = 30000
	socket.connection.setup.timeout.ms = 10000
	ssl.cipher.suites = null
	ssl.enabled.protocols = [TLSv1.2, TLSv1.3]
	ssl.endpoint.identification.algorithm = https
	ssl.engine.factory.class = null
	ssl.key.password = null
	ssl.keymanager.algorithm = SunX509
	ssl.keystore.certificate.chain = null
	ssl.keystore.key = null
	ssl.keystore.location = null
	ssl.keystore.password = null
	ssl.keystore.type = JKS
	ssl.protocol = TLSv1.3
	ssl.provider = null
	ssl.secure.random.implementation = null
	ssl.trustmanager.algorithm = PKIX
	ssl.truststore.certificates = null
	ssl.truststore.location = null
	ssl.truststore.password = null
	ssl.truststore.type = JKS

INFO  o.a.k.common.utils.AppInfoParser Kafka version: 3.1.2
INFO  o.a.k.common.utils.AppInfoParser Kafka commitId: f8c67dc3ae0a3265
INFO  o.a.k.common.utils.AppInfoParser Kafka startTimeMs: 1716667328155
INFO  o.a.k.common.utils.AppInfoParser Kafka version: 3.1.2
INFO  o.a.k.common.utils.AppInfoParser Kafka commitId: f8c67dc3ae0a3265
INFO  o.a.k.common.utils.AppInfoParser Kafka startTimeMs: 1716667328155
INFO  s.kafka.KafkaRequestResponseClient Created topic cde29e6c543b4d9c9ea9957dabef865a-c5ed1f291b474e1fa7e444c4094848b2-responses
INFO  s.kafka.KafkaRequestResponseClient Created topic cde29e6c543b4d9c9ea9957dabef865a-trading-engine-requests-writes
INFO  o.a.k.common.utils.AppInfoParser App info kafka.admin.client for adminclient-8 unregistered
INFO  o.a.kafka.common.metrics.Metrics Metrics scheduler closed
INFO  o.a.kafka.common.metrics.Metrics Closing reporter org.apache.kafka.common.metrics.JmxReporter
INFO  o.a.kafka.common.metrics.Metrics Metrics reporters closed
INFO  o.a.k.c.consumer.ConsumerConfig ConsumerConfig values: 
	allow.auto.create.topics = true
	auto.commit.interval.ms = 5000
	auto.offset.reset = earliest
	bootstrap.servers = [localhost:9092]
	check.crcs = true
	client.dns.lookup = use_all_dns_ips
	client.id = 73fa360be9bd4ed7a7c52476abdba310
	client.rack = 
	connections.max.idle.ms = 540000
	default.api.timeout.ms = 60000
	enable.auto.commit = false
	exclude.internal.topics = true
	fetch.max.bytes = 52428800
	fetch.max.wait.ms = 500
	fetch.min.bytes = 1
	group.id = cde29e6c543b4d9c9ea9957dabef865adefault
	group.instance.id = null
	heartbeat.interval.ms = 3000
	interceptor.classes = []
	internal.leave.group.on.close = true
	internal.throw.on.fetch.stable.offset.unsupported = false
	isolation.level = read_uncommitted
	key.deserializer = class org.apache.kafka.common.serialization.StringDeserializer
	max.partition.fetch.bytes = 1048576
	max.poll.interval.ms = 300000
	max.poll.records = 500
	metadata.max.age.ms = 300000
	metric.reporters = []
	metrics.num.samples = 2
	metrics.recording.level = INFO
	metrics.sample.window.ms = 30000
	partition.assignment.strategy = [class org.apache.kafka.clients.consumer.RangeAssignor, class org.apache.kafka.clients.consumer.CooperativeStickyAssignor]
	receive.buffer.bytes = 65536
	reconnect.backoff.max.ms = 1000
	reconnect.backoff.ms = 50
	request.timeout.ms = 30000
	retry.backoff.ms = 100
	sasl.client.callback.handler.class = null
	sasl.jaas.config = null
	sasl.kerberos.kinit.cmd = /usr/bin/kinit
	sasl.kerberos.min.time.before.relogin = 60000
	sasl.kerberos.service.name = null
	sasl.kerberos.ticket.renew.jitter = 0.05
	sasl.kerberos.ticket.renew.window.factor = 0.8
	sasl.login.callback.handler.class = null
	sasl.login.class = null
	sasl.login.connect.timeout.ms = null
	sasl.login.read.timeout.ms = null
	sasl.login.refresh.buffer.seconds = 300
	sasl.login.refresh.min.period.seconds = 60
	sasl.login.refresh.window.factor = 0.8
	sasl.login.refresh.window.jitter = 0.05
	sasl.login.retry.backoff.max.ms = 10000
	sasl.login.retry.backoff.ms = 100
	sasl.mechanism = GSSAPI
	sasl.oauthbearer.clock.skew.seconds = 30
	sasl.oauthbearer.expected.audience = null
	sasl.oauthbearer.expected.issuer = null
	sasl.oauthbearer.jwks.endpoint.refresh.ms = 3600000
	sasl.oauthbearer.jwks.endpoint.retry.backoff.max.ms = 10000
	sasl.oauthbearer.jwks.endpoint.retry.backoff.ms = 100
	sasl.oauthbearer.jwks.endpoint.url = null
	sasl.oauthbearer.scope.claim.name = scope
	sasl.oauthbearer.sub.claim.name = sub
	sasl.oauthbearer.token.endpoint.url = null
	security.protocol = PLAINTEXT
	security.providers = null
	send.buffer.bytes = 131072
	session.timeout.ms = 45000
	socket.connection.setup.timeout.max.ms = 30000
	socket.connection.setup.timeout.ms = 10000
	ssl.cipher.suites = null
	ssl.enabled.protocols = [TLSv1.2, TLSv1.3]
	ssl.endpoint.identification.algorithm = https
	ssl.engine.factory.class = null
	ssl.key.password = null
	ssl.keymanager.algorithm = SunX509
	ssl.keystore.certificate.chain = null
	ssl.keystore.key = null
	ssl.keystore.location = null
	ssl.keystore.password = null
	ssl.keystore.type = JKS
	ssl.protocol = TLSv1.3
	ssl.provider = null
	ssl.secure.random.implementation = null
	ssl.trustmanager.algorithm = PKIX
	ssl.truststore.certificates = null
	ssl.truststore.location = null
	ssl.truststore.password = null
	ssl.truststore.type = JKS
	value.deserializer = class org.springframework.kafka.support.serializer.JsonDeserializer

INFO  o.a.k.common.utils.AppInfoParser Kafka version: 3.1.2
INFO  o.a.k.common.utils.AppInfoParser Kafka commitId: f8c67dc3ae0a3265
INFO  o.a.k.common.utils.AppInfoParser Kafka startTimeMs: 1716667328196
INFO  o.a.k.c.consumer.KafkaConsumer [Consumer clientId=73fa360be9bd4ed7a7c52476abdba310, groupId=cde29e6c543b4d9c9ea9957dabef865adefault] Subscribed to partition(s): cde29e6c543b4d9c9ea9957dabef865a-c5ed1f291b474e1fa7e444c4094848b2-responses-0
INFO  o.a.k.c.consumer.KafkaConsumer [Consumer clientId=73fa360be9bd4ed7a7c52476abdba310, groupId=cde29e6c543b4d9c9ea9957dabef865adefault] Seeking to offset 0 for partition cde29e6c543b4d9c9ea9957dabef865a-c5ed1f291b474e1fa7e444c4094848b2-responses-0
INFO  org.apache.kafka.clients.Metadata [Producer clientId=9267af88c0c746929e0869f92054f350] Resetting the last seen epoch of partition cde29e6c543b4d9c9ea9957dabef865a-trading-engine-requests-writes-0 to 0 since the associated topicId changed from null to 9TJhN_mBR7KEIzyRwXhyyw
INFO  org.apache.kafka.clients.Metadata [Consumer clientId=73fa360be9bd4ed7a7c52476abdba310, groupId=cde29e6c543b4d9c9ea9957dabef865adefault] Resetting the last seen epoch of partition cde29e6c543b4d9c9ea9957dabef865a-c5ed1f291b474e1fa7e444c4094848b2-responses-0 to 0 since the associated topicId changed from null to ckZOvTYKSyiesUsfQxZeFQ
INFO  org.apache.kafka.clients.Metadata [Consumer clientId=73fa360be9bd4ed7a7c52476abdba310, groupId=cde29e6c543b4d9c9ea9957dabef865adefault] Cluster ID: vYZdA2sdT-SraCOH9C0BQQ
INFO  s.kafka.KafkaRequestResponseClient Created topic cde29e6c543b4d9c9ea9957dabef865a-trading-engine-requests-reads
INFO  s.kafka.KafkaRequestResponseClient Created topic cde29e6c543b4d9c9ea9957dabef865a-market-data
INFO  o.a.k.common.utils.AppInfoParser App info kafka.admin.client for adminclient-7 unregistered
INFO  o.a.kafka.common.metrics.Metrics Metrics scheduler closed
INFO  o.a.kafka.common.metrics.Metrics Closing reporter org.apache.kafka.common.metrics.JmxReporter
INFO  o.a.kafka.common.metrics.Metrics Metrics reporters closed
INFO  t.s.TradingEngineStreamingService Running trading engine service; starting at offset '0'
INFO  o.a.k.c.consumer.ConsumerConfig ConsumerConfig values: 
	allow.auto.create.topics = true
	auto.commit.interval.ms = 5000
	auto.offset.reset = earliest
	bootstrap.servers = [localhost:9092]
	check.crcs = true
	client.dns.lookup = use_all_dns_ips
	client.id = 828e9378292b4e14a664f166ecce34d5
	client.rack = 
	connections.max.idle.ms = 540000
	default.api.timeout.ms = 60000
	enable.auto.commit = false
	exclude.internal.topics = true
	fetch.max.bytes = 52428800
	fetch.max.wait.ms = 500
	fetch.min.bytes = 1
	group.id = cde29e6c543b4d9c9ea9957dabef865adefault
	group.instance.id = null
	heartbeat.interval.ms = 3000
	interceptor.classes = []
	internal.leave.group.on.close = true
	internal.throw.on.fetch.stable.offset.unsupported = false
	isolation.level = read_uncommitted
	key.deserializer = class org.apache.kafka.common.serialization.StringDeserializer
	max.partition.fetch.bytes = 1048576
	max.poll.interval.ms = 300000
	max.poll.records = 500
	metadata.max.age.ms = 300000
	metric.reporters = []
	metrics.num.samples = 2
	metrics.recording.level = INFO
	metrics.sample.window.ms = 30000
	partition.assignment.strategy = [class org.apache.kafka.clients.consumer.RangeAssignor, class org.apache.kafka.clients.consumer.CooperativeStickyAssignor]
	receive.buffer.bytes = 65536
	reconnect.backoff.max.ms = 1000
	reconnect.backoff.ms = 50
	request.timeout.ms = 30000
	retry.backoff.ms = 100
	sasl.client.callback.handler.class = null
	sasl.jaas.config = null
	sasl.kerberos.kinit.cmd = /usr/bin/kinit
	sasl.kerberos.min.time.before.relogin = 60000
	sasl.kerberos.service.name = null
	sasl.kerberos.ticket.renew.jitter = 0.05
	sasl.kerberos.ticket.renew.window.factor = 0.8
	sasl.login.callback.handler.class = null
	sasl.login.class = null
	sasl.login.connect.timeout.ms = null
	sasl.login.read.timeout.ms = null
	sasl.login.refresh.buffer.seconds = 300
	sasl.login.refresh.min.period.seconds = 60
	sasl.login.refresh.window.factor = 0.8
	sasl.login.refresh.window.jitter = 0.05
	sasl.login.retry.backoff.max.ms = 10000
	sasl.login.retry.backoff.ms = 100
	sasl.mechanism = GSSAPI
	sasl.oauthbearer.clock.skew.seconds = 30
	sasl.oauthbearer.expected.audience = null
	sasl.oauthbearer.expected.issuer = null
	sasl.oauthbearer.jwks.endpoint.refresh.ms = 3600000
	sasl.oauthbearer.jwks.endpoint.retry.backoff.max.ms = 10000
	sasl.oauthbearer.jwks.endpoint.retry.backoff.ms = 100
	sasl.oauthbearer.jwks.endpoint.url = null
	sasl.oauthbearer.scope.claim.name = scope
	sasl.oauthbearer.sub.claim.name = sub
	sasl.oauthbearer.token.endpoint.url = null
	security.protocol = PLAINTEXT
	security.providers = null
	send.buffer.bytes = 131072
	session.timeout.ms = 45000
	socket.connection.setup.timeout.max.ms = 30000
	socket.connection.setup.timeout.ms = 10000
	ssl.cipher.suites = null
	ssl.enabled.protocols = [TLSv1.2, TLSv1.3]
	ssl.endpoint.identification.algorithm = https
	ssl.engine.factory.class = null
	ssl.key.password = null
	ssl.keymanager.algorithm = SunX509
	ssl.keystore.certificate.chain = null
	ssl.keystore.key = null
	ssl.keystore.location = null
	ssl.keystore.password = null
	ssl.keystore.type = JKS
	ssl.protocol = TLSv1.3
	ssl.provider = null
	ssl.secure.random.implementation = null
	ssl.trustmanager.algorithm = PKIX
	ssl.truststore.certificates = null
	ssl.truststore.location = null
	ssl.truststore.password = null
	ssl.truststore.type = JKS
	value.deserializer = class org.springframework.kafka.support.serializer.JsonDeserializer

INFO  o.a.k.common.utils.AppInfoParser Kafka version: 3.1.2
INFO  o.a.k.common.utils.AppInfoParser Kafka commitId: f8c67dc3ae0a3265
INFO  o.a.k.common.utils.AppInfoParser Kafka startTimeMs: 1716667328229
INFO  o.a.k.c.consumer.KafkaConsumer [Consumer clientId=828e9378292b4e14a664f166ecce34d5, groupId=cde29e6c543b4d9c9ea9957dabef865adefault] Subscribed to partition(s): cde29e6c543b4d9c9ea9957dabef865a-trading-engine-requests-writes-0, cde29e6c543b4d9c9ea9957dabef865a-trading-engine-requests-reads-0
INFO  o.a.k.c.consumer.KafkaConsumer [Consumer clientId=828e9378292b4e14a664f166ecce34d5, groupId=cde29e6c543b4d9c9ea9957dabef865adefault] Seeking to offset 0 for partition cde29e6c543b4d9c9ea9957dabef865a-trading-engine-requests-writes-0
INFO  org.apache.kafka.clients.Metadata [Consumer clientId=828e9378292b4e14a664f166ecce34d5, groupId=cde29e6c543b4d9c9ea9957dabef865adefault] Resetting the last seen epoch of partition cde29e6c543b4d9c9ea9957dabef865a-trading-engine-requests-writes-0 to 0 since the associated topicId changed from null to 9TJhN_mBR7KEIzyRwXhyyw
INFO  org.apache.kafka.clients.Metadata [Consumer clientId=828e9378292b4e14a664f166ecce34d5, groupId=cde29e6c543b4d9c9ea9957dabef865adefault] Resetting the last seen epoch of partition cde29e6c543b4d9c9ea9957dabef865a-trading-engine-requests-reads-0 to 0 since the associated topicId changed from null to avPcZlcESVe03OdSQwtONg
INFO  org.apache.kafka.clients.Metadata [Consumer clientId=828e9378292b4e14a664f166ecce34d5, groupId=cde29e6c543b4d9c9ea9957dabef865adefault] Cluster ID: vYZdA2sdT-SraCOH9C0BQQ
INFO  o.a.k.c.c.i.ConsumerCoordinator [Consumer clientId=828e9378292b4e14a664f166ecce34d5, groupId=cde29e6c543b4d9c9ea9957dabef865adefault] Discovered group coordinator localhost:9092 (id: 2147483646 rack: null)
INFO  o.a.k.c.c.i.ConsumerCoordinator [Consumer clientId=828e9378292b4e14a664f166ecce34d5, groupId=cde29e6c543b4d9c9ea9957dabef865adefault] Found no committed offset for partition cde29e6c543b4d9c9ea9957dabef865a-trading-engine-requests-reads-0
INFO  o.a.k.c.c.i.SubscriptionState [Consumer clientId=828e9378292b4e14a664f166ecce34d5, groupId=cde29e6c543b4d9c9ea9957dabef865adefault] Resetting offset for partition cde29e6c543b4d9c9ea9957dabef865a-trading-engine-requests-reads-0 to position FetchPosition{offset=0, offsetEpoch=Optional.empty, currentLeader=LeaderAndEpoch{leader=Optional[localhost:9092 (id: 1 rack: null)], epoch=0}}.
INFO  t.s.TradingEngineStreamingService Processing 'AdjustBalance' request
INFO  org.apache.kafka.clients.Metadata [Producer clientId=9267af88c0c746929e0869f92054f350] Resetting the last seen epoch of partition cde29e6c543b4d9c9ea9957dabef865a-c5ed1f291b474e1fa7e444c4094848b2-responses-0 to 0 since the associated topicId changed from null to ckZOvTYKSyiesUsfQxZeFQ
INFO  t.s.TradingEngineStreamingService Processing 'LimitOrder' request
INFO  org.apache.kafka.clients.Metadata [Producer clientId=9267af88c0c746929e0869f92054f350] Resetting the last seen epoch of partition cde29e6c543b4d9c9ea9957dabef865a-market-data-0 to 0 since the associated topicId changed from null to 7CIcrVLrTWCJSjAwhHWCxQ
INFO  t.s.TradingEngineStreamingService Processing 'GetBalance' request
INFO  t.s.TradingEngineStreamingService Processing 'Cancel' request
INFO  t.s.TradingEngineStreamingService Processing 'GetBalance' request
INFO  o.a.k.c.producer.KafkaProducer [Producer clientId=9267af88c0c746929e0869f92054f350] Closing the Kafka producer with timeoutMillis = 9223372036854775807 ms.
INFO  o.a.kafka.common.metrics.Metrics Metrics scheduler closed
INFO  o.a.kafka.common.metrics.Metrics Closing reporter org.apache.kafka.common.metrics.JmxReporter
INFO  o.a.kafka.common.metrics.Metrics Metrics reporters closed
INFO  o.a.k.common.utils.AppInfoParser App info kafka.producer for 9267af88c0c746929e0869f92054f350 unregistered
INFO  o.a.k.c.producer.KafkaProducer [Producer clientId=9267af88c0c746929e0869f92054f350] Closing the Kafka producer with timeoutMillis = 9223372036854775807 ms.
INFO  o.a.kafka.common.metrics.Metrics Metrics scheduler closed
INFO  o.a.kafka.common.metrics.Metrics Closing reporter org.apache.kafka.common.metrics.JmxReporter
INFO  o.a.kafka.common.metrics.Metrics Metrics reporters closed
INFO  o.a.k.common.utils.AppInfoParser App info kafka.producer for 9267af88c0c746929e0869f92054f350 unregistered
INFO  o.a.k.c.producer.KafkaProducer [Producer clientId=9267af88c0c746929e0869f92054f350] Closing the Kafka producer with timeoutMillis = 9223372036854775807 ms.
INFO  o.a.kafka.common.metrics.Metrics Metrics scheduler closed
INFO  o.a.kafka.common.metrics.Metrics Closing reporter org.apache.kafka.common.metrics.JmxReporter
INFO  o.a.kafka.common.metrics.Metrics Metrics reporters closed
INFO  o.a.k.common.utils.AppInfoParser App info kafka.producer for 9267af88c0c746929e0869f92054f350 unregistered

  .   ____          _            __ _ _
 /\\ / ___'_ __ _ _(_)_ __  __ _ \ \ \ \
( ( )\___ | '_ | '_| | '_ \/ _` | \ \ \ \
 \\/  ___)| |_)| | | | | || (_| |  ) ) ) )
  '  |____| .__|_| |_|_| |_\__, | / / / /
 =========|_|==============|___/=/_/_/_/
 :: Spring Boot ::                (v2.7.5)

INFO  integrationTests.ServiceTests Starting ServiceTests using Java 17.0.8.1 on RyansMacStudio with PID 14697 (started by ryanossandon in /Users/ryanossandon/Code/ROTE/tradingEngineService)
INFO  integrationTests.ServiceTests No active profile set, falling back to 1 default profile: "default"
INFO  o.s.c.context.scope.GenericScope BeanFactory id=0c3dc5dc-1afe-377a-a787-7f7c807539d4
INFO  o.a.k.c.producer.ProducerConfig ProducerConfig values: 
	acks = -1
	batch.size = 16384
	bootstrap.servers = [localhost:9092]
	buffer.memory = 33554432
	client.dns.lookup = use_all_dns_ips
	client.id = c056bca02dba441995f96e7e7360663e
	compression.type = none
	connections.max.idle.ms = 540000
	delivery.timeout.ms = 120000
	enable.idempotence = true
	interceptor.classes = []
	key.serializer = class org.apache.kafka.common.serialization.StringSerializer
	linger.ms = 0
	max.block.ms = 60000
	max.in.flight.requests.per.connection = 5
	max.request.size = 1048576
	metadata.max.age.ms = 300000
	metadata.max.idle.ms = 300000
	metric.reporters = []
	metrics.num.samples = 2
	metrics.recording.level = INFO
	metrics.sample.window.ms = 30000
	partitioner.class = class org.apache.kafka.clients.producer.internals.DefaultPartitioner
	receive.buffer.bytes = 32768
	reconnect.backoff.max.ms = 1000
	reconnect.backoff.ms = 50
	request.timeout.ms = 30000
	retries = 2147483647
	retry.backoff.ms = 100
	sasl.client.callback.handler.class = null
	sasl.jaas.config = null
	sasl.kerberos.kinit.cmd = /usr/bin/kinit
	sasl.kerberos.min.time.before.relogin = 60000
	sasl.kerberos.service.name = null
	sasl.kerberos.ticket.renew.jitter = 0.05
	sasl.kerberos.ticket.renew.window.factor = 0.8
	sasl.login.callback.handler.class = null
	sasl.login.class = null
	sasl.login.connect.timeout.ms = null
	sasl.login.read.timeout.ms = null
	sasl.login.refresh.buffer.seconds = 300
	sasl.login.refresh.min.period.seconds = 60
	sasl.login.refresh.window.factor = 0.8
	sasl.login.refresh.window.jitter = 0.05
	sasl.login.retry.backoff.max.ms = 10000
	sasl.login.retry.backoff.ms = 100
	sasl.mechanism = GSSAPI
	sasl.oauthbearer.clock.skew.seconds = 30
	sasl.oauthbearer.expected.audience = null
	sasl.oauthbearer.expected.issuer = null
	sasl.oauthbearer.jwks.endpoint.refresh.ms = 3600000
	sasl.oauthbearer.jwks.endpoint.retry.backoff.max.ms = 10000
	sasl.oauthbearer.jwks.endpoint.retry.backoff.ms = 100
	sasl.oauthbearer.jwks.endpoint.url = null
	sasl.oauthbearer.scope.claim.name = scope
	sasl.oauthbearer.sub.claim.name = sub
	sasl.oauthbearer.token.endpoint.url = null
	security.protocol = PLAINTEXT
	security.providers = null
	send.buffer.bytes = 131072
	socket.connection.setup.timeout.max.ms = 30000
	socket.connection.setup.timeout.ms = 10000
	ssl.cipher.suites = null
	ssl.enabled.protocols = [TLSv1.2, TLSv1.3]
	ssl.endpoint.identification.algorithm = https
	ssl.engine.factory.class = null
	ssl.key.password = null
	ssl.keymanager.algorithm = SunX509
	ssl.keystore.certificate.chain = null
	ssl.keystore.key = null
	ssl.keystore.location = null
	ssl.keystore.password = null
	ssl.keystore.type = JKS
	ssl.protocol = TLSv1.3
	ssl.provider = null
	ssl.secure.random.implementation = null
	ssl.trustmanager.algorithm = PKIX
	ssl.truststore.certificates = null
	ssl.truststore.location = null
	ssl.truststore.password = null
	ssl.truststore.type = JKS
	transaction.timeout.ms = 60000
	transactional.id = null
	value.serializer = class org.springframework.kafka.support.serializer.JsonSerializer

INFO  o.a.k.c.producer.KafkaProducer [Producer clientId=c056bca02dba441995f96e7e7360663e] Instantiated an idempotent producer.
INFO  o.a.k.common.utils.AppInfoParser Kafka version: 3.1.2
INFO  o.a.k.common.utils.AppInfoParser Kafka commitId: f8c67dc3ae0a3265
INFO  o.a.k.common.utils.AppInfoParser Kafka startTimeMs: 1716667328351
INFO  org.apache.kafka.clients.Metadata [Producer clientId=c056bca02dba441995f96e7e7360663e] Cluster ID: vYZdA2sdT-SraCOH9C0BQQ
INFO  o.a.k.c.p.i.TransactionManager [Producer clientId=c056bca02dba441995f96e7e7360663e] ProducerId set to 4 with epoch 0
WARN  o.s.b.a.s.s.UserDetailsServiceAutoConfiguration 

Using generated security password: 4ccfebc3-32ca-4840-8955-4688364efc18

This generated password is for development use only. Your security configuration must be updated before running your application in production.

INFO  o.s.s.w.DefaultSecurityFilterChain Will secure any request with [org.springframework.security.web.session.DisableEncodeUrlFilter@16a3d9a7, org.springframework.security.web.context.request.async.WebAsyncManagerIntegrationFilter@24c94e95, org.springframework.security.web.context.SecurityContextPersistenceFilter@62a09668, org.springframework.security.web.header.HeaderWriterFilter@6461c673, org.springframework.security.web.csrf.CsrfFilter@5275d709, org.springframework.security.web.authentication.logout.LogoutFilter@ac71bd7, org.springframework.security.web.authentication.UsernamePasswordAuthenticationFilter@4caca86d, org.springframework.security.web.authentication.ui.DefaultLoginPageGeneratingFilter@283240b0, org.springframework.security.web.authentication.ui.DefaultLogoutPageGeneratingFilter@d8f65a1, org.springframework.security.web.authentication.www.BasicAuthenticationFilter@4bf2c697, org.springframework.security.web.savedrequest.RequestCacheAwareFilter@5232cec1, org.springframework.security.web.servletapi.SecurityContextHolderAwareRequestFilter@388ad8aa, org.springframework.security.web.authentication.AnonymousAuthenticationFilter@5014ccf9, org.springframework.security.web.session.SessionManagementFilter@1e11d73c, org.springframework.security.web.access.ExceptionTranslationFilter@21523e1b, org.springframework.security.web.access.intercept.FilterSecurityInterceptor@1ef585bb]
INFO  o.a.k.c.admin.AdminClientConfig AdminClientConfig values: 
	bootstrap.servers = [localhost:9092]
	client.dns.lookup = use_all_dns_ips
	client.id = 
	connections.max.idle.ms = 300000
	default.api.timeout.ms = 60000
	metadata.max.age.ms = 300000
	metric.reporters = []
	metrics.num.samples = 2
	metrics.recording.level = INFO
	metrics.sample.window.ms = 30000
	receive.buffer.bytes = 65536
	reconnect.backoff.max.ms = 1000
	reconnect.backoff.ms = 50
	request.timeout.ms = 30000
	retries = 2147483647
	retry.backoff.ms = 100
	sasl.client.callback.handler.class = null
	sasl.jaas.config = null
	sasl.kerberos.kinit.cmd = /usr/bin/kinit
	sasl.kerberos.min.time.before.relogin = 60000
	sasl.kerberos.service.name = null
	sasl.kerberos.ticket.renew.jitter = 0.05
	sasl.kerberos.ticket.renew.window.factor = 0.8
	sasl.login.callback.handler.class = null
	sasl.login.class = null
	sasl.login.connect.timeout.ms = null
	sasl.login.read.timeout.ms = null
	sasl.login.refresh.buffer.seconds = 300
	sasl.login.refresh.min.period.seconds = 60
	sasl.login.refresh.window.factor = 0.8
	sasl.login.refresh.window.jitter = 0.05
	sasl.login.retry.backoff.max.ms = 10000
	sasl.login.retry.backoff.ms = 100
	sasl.mechanism = GSSAPI
	sasl.oauthbearer.clock.skew.seconds = 30
	sasl.oauthbearer.expected.audience = null
	sasl.oauthbearer.expected.issuer = null
	sasl.oauthbearer.jwks.endpoint.refresh.ms = 3600000
	sasl.oauthbearer.jwks.endpoint.retry.backoff.max.ms = 10000
	sasl.oauthbearer.jwks.endpoint.retry.backoff.ms = 100
	sasl.oauthbearer.jwks.endpoint.url = null
	sasl.oauthbearer.scope.claim.name = scope
	sasl.oauthbearer.sub.claim.name = sub
	sasl.oauthbearer.token.endpoint.url = null
	security.protocol = PLAINTEXT
	security.providers = null
	send.buffer.bytes = 131072
	socket.connection.setup.timeout.max.ms = 30000
	socket.connection.setup.timeout.ms = 10000
	ssl.cipher.suites = null
	ssl.enabled.protocols = [TLSv1.2, TLSv1.3]
	ssl.endpoint.identification.algorithm = https
	ssl.engine.factory.class = null
	ssl.key.password = null
	ssl.keymanager.algorithm = SunX509
	ssl.keystore.certificate.chain = null
	ssl.keystore.key = null
	ssl.keystore.location = null
	ssl.keystore.password = null
	ssl.keystore.type = JKS
	ssl.protocol = TLSv1.3
	ssl.provider = null
	ssl.secure.random.implementation = null
	ssl.trustmanager.algorithm = PKIX
	ssl.truststore.certificates = null
	ssl.truststore.location = null
	ssl.truststore.password = null
	ssl.truststore.type = JKS

INFO  integrationTests.ServiceTests Started ServiceTests in 0.203 seconds (JVM running for 5.604)
INFO  o.a.k.c.admin.AdminClientConfig AdminClientConfig values: 
	bootstrap.servers = [localhost:9092]
	client.dns.lookup = use_all_dns_ips
	client.id = 
	connections.max.idle.ms = 300000
	default.api.timeout.ms = 60000
	metadata.max.age.ms = 300000
	metric.reporters = []
	metrics.num.samples = 2
	metrics.recording.level = INFO
	metrics.sample.window.ms = 30000
	receive.buffer.bytes = 65536
	reconnect.backoff.max.ms = 1000
	reconnect.backoff.ms = 50
	request.timeout.ms = 30000
	retries = 2147483647
	retry.backoff.ms = 100
	sasl.client.callback.handler.class = null
	sasl.jaas.config = null
	sasl.kerberos.kinit.cmd = /usr/bin/kinit
	sasl.kerberos.min.time.before.relogin = 60000
	sasl.kerberos.service.name = null
	sasl.kerberos.ticket.renew.jitter = 0.05
	sasl.kerberos.ticket.renew.window.factor = 0.8
	sasl.login.callback.handler.class = null
	sasl.login.class = null
	sasl.login.connect.timeout.ms = null
	sasl.login.read.timeout.ms = null
	sasl.login.refresh.buffer.seconds = 300
	sasl.login.refresh.min.period.seconds = 60
	sasl.login.refresh.window.factor = 0.8
	sasl.login.refresh.window.jitter = 0.05
	sasl.login.retry.backoff.max.ms = 10000
	sasl.login.retry.backoff.ms = 100
	sasl.mechanism = GSSAPI
	sasl.oauthbearer.clock.skew.seconds = 30
	sasl.oauthbearer.expected.audience = null
	sasl.oauthbearer.expected.issuer = null
	sasl.oauthbearer.jwks.endpoint.refresh.ms = 3600000
	sasl.oauthbearer.jwks.endpoint.retry.backoff.max.ms = 10000
	sasl.oauthbearer.jwks.endpoint.retry.backoff.ms = 100
	sasl.oauthbearer.jwks.endpoint.url = null
	sasl.oauthbearer.scope.claim.name = scope
	sasl.oauthbearer.sub.claim.name = sub
	sasl.oauthbearer.token.endpoint.url = null
	security.protocol = PLAINTEXT
	security.providers = null
	send.buffer.bytes = 131072
	socket.connection.setup.timeout.max.ms = 30000
	socket.connection.setup.timeout.ms = 10000
	ssl.cipher.suites = null
	ssl.enabled.protocols = [TLSv1.2, TLSv1.3]
	ssl.endpoint.identification.algorithm = https
	ssl.engine.factory.class = null
	ssl.key.password = null
	ssl.keymanager.algorithm = SunX509
	ssl.keystore.certificate.chain = null
	ssl.keystore.key = null
	ssl.keystore.location = null
	ssl.keystore.password = null
	ssl.keystore.type = JKS
	ssl.protocol = TLSv1.3
	ssl.provider = null
	ssl.secure.random.implementation = null
	ssl.trustmanager.algorithm = PKIX
	ssl.truststore.certificates = null
	ssl.truststore.location = null
	ssl.truststore.password = null
	ssl.truststore.type = JKS

INFO  o.a.k.common.utils.AppInfoParser Kafka version: 3.1.2
INFO  o.a.k.common.utils.AppInfoParser Kafka commitId: f8c67dc3ae0a3265
INFO  o.a.k.common.utils.AppInfoParser Kafka startTimeMs: 1716667328484
INFO  o.a.k.common.utils.AppInfoParser Kafka version: 3.1.2
INFO  o.a.k.common.utils.AppInfoParser Kafka commitId: f8c67dc3ae0a3265
INFO  o.a.k.common.utils.AppInfoParser Kafka startTimeMs: 1716667328484
INFO  s.kafka.KafkaRequestResponseClient Created topic 3680a543c3f543d08249f26290cdb923-4efdfbe3c6824f2c92c1cec06cb0316c-responses
INFO  s.kafka.KafkaRequestResponseClient Created topic 3680a543c3f543d08249f26290cdb923-trading-engine-requests-writes
INFO  o.a.k.common.utils.AppInfoParser App info kafka.admin.client for adminclient-10 unregistered
INFO  o.a.kafka.common.metrics.Metrics Metrics scheduler closed
INFO  o.a.kafka.common.metrics.Metrics Closing reporter org.apache.kafka.common.metrics.JmxReporter
INFO  o.a.kafka.common.metrics.Metrics Metrics reporters closed
INFO  o.a.k.c.consumer.ConsumerConfig ConsumerConfig values: 
	allow.auto.create.topics = true
	auto.commit.interval.ms = 5000
	auto.offset.reset = earliest
	bootstrap.servers = [localhost:9092]
	check.crcs = true
	client.dns.lookup = use_all_dns_ips
	client.id = 67181a3f958645acb602d18bb50da16e
	client.rack = 
	connections.max.idle.ms = 540000
	default.api.timeout.ms = 60000
	enable.auto.commit = false
	exclude.internal.topics = true
	fetch.max.bytes = 52428800
	fetch.max.wait.ms = 500
	fetch.min.bytes = 1
	group.id = 3680a543c3f543d08249f26290cdb923default
	group.instance.id = null
	heartbeat.interval.ms = 3000
	interceptor.classes = []
	internal.leave.group.on.close = true
	internal.throw.on.fetch.stable.offset.unsupported = false
	isolation.level = read_uncommitted
	key.deserializer = class org.apache.kafka.common.serialization.StringDeserializer
	max.partition.fetch.bytes = 1048576
	max.poll.interval.ms = 300000
	max.poll.records = 500
	metadata.max.age.ms = 300000
	metric.reporters = []
	metrics.num.samples = 2
	metrics.recording.level = INFO
	metrics.sample.window.ms = 30000
	partition.assignment.strategy = [class org.apache.kafka.clients.consumer.RangeAssignor, class org.apache.kafka.clients.consumer.CooperativeStickyAssignor]
	receive.buffer.bytes = 65536
	reconnect.backoff.max.ms = 1000
	reconnect.backoff.ms = 50
	request.timeout.ms = 30000
	retry.backoff.ms = 100
	sasl.client.callback.handler.class = null
	sasl.jaas.config = null
	sasl.kerberos.kinit.cmd = /usr/bin/kinit
	sasl.kerberos.min.time.before.relogin = 60000
	sasl.kerberos.service.name = null
	sasl.kerberos.ticket.renew.jitter = 0.05
	sasl.kerberos.ticket.renew.window.factor = 0.8
	sasl.login.callback.handler.class = null
	sasl.login.class = null
	sasl.login.connect.timeout.ms = null
	sasl.login.read.timeout.ms = null
	sasl.login.refresh.buffer.seconds = 300
	sasl.login.refresh.min.period.seconds = 60
	sasl.login.refresh.window.factor = 0.8
	sasl.login.refresh.window.jitter = 0.05
	sasl.login.retry.backoff.max.ms = 10000
	sasl.login.retry.backoff.ms = 100
	sasl.mechanism = GSSAPI
	sasl.oauthbearer.clock.skew.seconds = 30
	sasl.oauthbearer.expected.audience = null
	sasl.oauthbearer.expected.issuer = null
	sasl.oauthbearer.jwks.endpoint.refresh.ms = 3600000
	sasl.oauthbearer.jwks.endpoint.retry.backoff.max.ms = 10000
	sasl.oauthbearer.jwks.endpoint.retry.backoff.ms = 100
	sasl.oauthbearer.jwks.endpoint.url = null
	sasl.oauthbearer.scope.claim.name = scope
	sasl.oauthbearer.sub.claim.name = sub
	sasl.oauthbearer.token.endpoint.url = null
	security.protocol = PLAINTEXT
	security.providers = null
	send.buffer.bytes = 131072
	session.timeout.ms = 45000
	socket.connection.setup.timeout.max.ms = 30000
	socket.connection.setup.timeout.ms = 10000
	ssl.cipher.suites = null
	ssl.enabled.protocols = [TLSv1.2, TLSv1.3]
	ssl.endpoint.identification.algorithm = https
	ssl.engine.factory.class = null
	ssl.key.password = null
	ssl.keymanager.algorithm = SunX509
	ssl.keystore.certificate.chain = null
	ssl.keystore.key = null
	ssl.keystore.location = null
	ssl.keystore.password = null
	ssl.keystore.type = JKS
	ssl.protocol = TLSv1.3
	ssl.provider = null
	ssl.secure.random.implementation = null
	ssl.trustmanager.algorithm = PKIX
	ssl.truststore.certificates = null
	ssl.truststore.location = null
	ssl.truststore.password = null
	ssl.truststore.type = JKS
	value.deserializer = class org.springframework.kafka.support.serializer.JsonDeserializer

INFO  o.a.k.common.utils.AppInfoParser Kafka version: 3.1.2
INFO  o.a.k.common.utils.AppInfoParser Kafka commitId: f8c67dc3ae0a3265
INFO  o.a.k.common.utils.AppInfoParser Kafka startTimeMs: 1716667328520
INFO  o.a.k.c.consumer.KafkaConsumer [Consumer clientId=67181a3f958645acb602d18bb50da16e, groupId=3680a543c3f543d08249f26290cdb923default] Subscribed to partition(s): 3680a543c3f543d08249f26290cdb923-4efdfbe3c6824f2c92c1cec06cb0316c-responses-0
INFO  o.a.k.c.consumer.KafkaConsumer [Consumer clientId=67181a3f958645acb602d18bb50da16e, groupId=3680a543c3f543d08249f26290cdb923default] Seeking to offset 0 for partition 3680a543c3f543d08249f26290cdb923-4efdfbe3c6824f2c92c1cec06cb0316c-responses-0
INFO  org.apache.kafka.clients.Metadata [Producer clientId=c056bca02dba441995f96e7e7360663e] Resetting the last seen epoch of partition 3680a543c3f543d08249f26290cdb923-trading-engine-requests-writes-0 to 0 since the associated topicId changed from null to oUHQzCWaRbCXkLGqBn2KCg
INFO  org.apache.kafka.clients.Metadata [Consumer clientId=67181a3f958645acb602d18bb50da16e, groupId=3680a543c3f543d08249f26290cdb923default] Resetting the last seen epoch of partition 3680a543c3f543d08249f26290cdb923-4efdfbe3c6824f2c92c1cec06cb0316c-responses-0 to 0 since the associated topicId changed from null to AMGmCYYgQOmP2IMBdCwu5Q
INFO  org.apache.kafka.clients.Metadata [Consumer clientId=67181a3f958645acb602d18bb50da16e, groupId=3680a543c3f543d08249f26290cdb923default] Cluster ID: vYZdA2sdT-SraCOH9C0BQQ
INFO  o.a.k.c.c.i.ConsumerCoordinator [Consumer clientId=4c1e2fd7b77a4b31b82113703f186895, groupId=f99455e361a440199711111d8a0e2b4cdefault] Resetting generation due to: consumer pro-actively leaving the group
INFO  o.a.k.c.c.i.ConsumerCoordinator [Consumer clientId=4c1e2fd7b77a4b31b82113703f186895, groupId=f99455e361a440199711111d8a0e2b4cdefault] Request joining group due to: consumer pro-actively leaving the group
INFO  o.a.kafka.common.metrics.Metrics Metrics scheduler closed
INFO  o.a.kafka.common.metrics.Metrics Closing reporter org.apache.kafka.common.metrics.JmxReporter
INFO  o.a.kafka.common.metrics.Metrics Metrics reporters closed
INFO  o.a.k.common.utils.AppInfoParser App info kafka.consumer for 4c1e2fd7b77a4b31b82113703f186895 unregistered
INFO  t.s.TradingEngineStreamingService Stopped trading engine service
INFO  o.a.k.c.c.i.ConsumerCoordinator [Consumer clientId=c069007f6d0b400cb389b2bcb48f2ff7, groupId=f99455e361a440199711111d8a0e2b4cdefault] Resetting generation due to: consumer pro-actively leaving the group
INFO  o.a.k.c.c.i.ConsumerCoordinator [Consumer clientId=c069007f6d0b400cb389b2bcb48f2ff7, groupId=f99455e361a440199711111d8a0e2b4cdefault] Request joining group due to: consumer pro-actively leaving the group
INFO  o.a.kafka.common.metrics.Metrics Metrics scheduler closed
INFO  o.a.kafka.common.metrics.Metrics Closing reporter org.apache.kafka.common.metrics.JmxReporter
INFO  o.a.kafka.common.metrics.Metrics Metrics reporters closed
INFO  o.a.k.common.utils.AppInfoParser App info kafka.consumer for c069007f6d0b400cb389b2bcb48f2ff7 unregistered
INFO  s.kafka.KafkaRequestResponseClient Created topic 3680a543c3f543d08249f26290cdb923-trading-engine-requests-reads
INFO  s.kafka.KafkaRequestResponseClient Created topic 3680a543c3f543d08249f26290cdb923-market-data
INFO  o.a.k.common.utils.AppInfoParser App info kafka.admin.client for adminclient-9 unregistered
INFO  o.a.kafka.common.metrics.Metrics Metrics scheduler closed
INFO  o.a.kafka.common.metrics.Metrics Closing reporter org.apache.kafka.common.metrics.JmxReporter
INFO  o.a.kafka.common.metrics.Metrics Metrics reporters closed
INFO  t.s.TradingEngineStreamingService Running trading engine service; starting at offset '0'
INFO  o.a.k.c.consumer.ConsumerConfig ConsumerConfig values: 
	allow.auto.create.topics = true
	auto.commit.interval.ms = 5000
	auto.offset.reset = earliest
	bootstrap.servers = [localhost:9092]
	check.crcs = true
	client.dns.lookup = use_all_dns_ips
	client.id = 94931979f67f47dab88f32922acb56a0
	client.rack = 
	connections.max.idle.ms = 540000
	default.api.timeout.ms = 60000
	enable.auto.commit = false
	exclude.internal.topics = true
	fetch.max.bytes = 52428800
	fetch.max.wait.ms = 500
	fetch.min.bytes = 1
	group.id = 3680a543c3f543d08249f26290cdb923default
	group.instance.id = null
	heartbeat.interval.ms = 3000
	interceptor.classes = []
	internal.leave.group.on.close = true
	internal.throw.on.fetch.stable.offset.unsupported = false
	isolation.level = read_uncommitted
	key.deserializer = class org.apache.kafka.common.serialization.StringDeserializer
	max.partition.fetch.bytes = 1048576
	max.poll.interval.ms = 300000
	max.poll.records = 500
	metadata.max.age.ms = 300000
	metric.reporters = []
	metrics.num.samples = 2
	metrics.recording.level = INFO
	metrics.sample.window.ms = 30000
	partition.assignment.strategy = [class org.apache.kafka.clients.consumer.RangeAssignor, class org.apache.kafka.clients.consumer.CooperativeStickyAssignor]
	receive.buffer.bytes = 65536
	reconnect.backoff.max.ms = 1000
	reconnect.backoff.ms = 50
	request.timeout.ms = 30000
	retry.backoff.ms = 100
	sasl.client.callback.handler.class = null
	sasl.jaas.config = null
	sasl.kerberos.kinit.cmd = /usr/bin/kinit
	sasl.kerberos.min.time.before.relogin = 60000
	sasl.kerberos.service.name = null
	sasl.kerberos.ticket.renew.jitter = 0.05
	sasl.kerberos.ticket.renew.window.factor = 0.8
	sasl.login.callback.handler.class = null
	sasl.login.class = null
	sasl.login.connect.timeout.ms = null
	sasl.login.read.timeout.ms = null
	sasl.login.refresh.buffer.seconds = 300
	sasl.login.refresh.min.period.seconds = 60
	sasl.login.refresh.window.factor = 0.8
	sasl.login.refresh.window.jitter = 0.05
	sasl.login.retry.backoff.max.ms = 10000
	sasl.login.retry.backoff.ms = 100
	sasl.mechanism = GSSAPI
	sasl.oauthbearer.clock.skew.seconds = 30
	sasl.oauthbearer.expected.audience = null
	sasl.oauthbearer.expected.issuer = null
	sasl.oauthbearer.jwks.endpoint.refresh.ms = 3600000
	sasl.oauthbearer.jwks.endpoint.retry.backoff.max.ms = 10000
	sasl.oauthbearer.jwks.endpoint.retry.backoff.ms = 100
	sasl.oauthbearer.jwks.endpoint.url = null
	sasl.oauthbearer.scope.claim.name = scope
	sasl.oauthbearer.sub.claim.name = sub
	sasl.oauthbearer.token.endpoint.url = null
	security.protocol = PLAINTEXT
	security.providers = null
	send.buffer.bytes = 131072
	session.timeout.ms = 45000
	socket.connection.setup.timeout.max.ms = 30000
	socket.connection.setup.timeout.ms = 10000
	ssl.cipher.suites = null
	ssl.enabled.protocols = [TLSv1.2, TLSv1.3]
	ssl.endpoint.identification.algorithm = https
	ssl.engine.factory.class = null
	ssl.key.password = null
	ssl.keymanager.algorithm = SunX509
	ssl.keystore.certificate.chain = null
	ssl.keystore.key = null
	ssl.keystore.location = null
	ssl.keystore.password = null
	ssl.keystore.type = JKS
	ssl.protocol = TLSv1.3
	ssl.provider = null
	ssl.secure.random.implementation = null
	ssl.trustmanager.algorithm = PKIX
	ssl.truststore.certificates = null
	ssl.truststore.location = null
	ssl.truststore.password = null
	ssl.truststore.type = JKS
	value.deserializer = class org.springframework.kafka.support.serializer.JsonDeserializer

INFO  o.a.k.common.utils.AppInfoParser Kafka version: 3.1.2
INFO  o.a.k.common.utils.AppInfoParser Kafka commitId: f8c67dc3ae0a3265
INFO  o.a.k.common.utils.AppInfoParser Kafka startTimeMs: 1716667328555
INFO  o.a.k.c.consumer.KafkaConsumer [Consumer clientId=94931979f67f47dab88f32922acb56a0, groupId=3680a543c3f543d08249f26290cdb923default] Subscribed to partition(s): 3680a543c3f543d08249f26290cdb923-trading-engine-requests-writes-0, 3680a543c3f543d08249f26290cdb923-trading-engine-requests-reads-0
INFO  o.a.k.c.consumer.KafkaConsumer [Consumer clientId=94931979f67f47dab88f32922acb56a0, groupId=3680a543c3f543d08249f26290cdb923default] Seeking to offset 0 for partition 3680a543c3f543d08249f26290cdb923-trading-engine-requests-writes-0
INFO  org.apache.kafka.clients.Metadata [Consumer clientId=94931979f67f47dab88f32922acb56a0, groupId=3680a543c3f543d08249f26290cdb923default] Resetting the last seen epoch of partition 3680a543c3f543d08249f26290cdb923-trading-engine-requests-reads-0 to 0 since the associated topicId changed from null to QJqQPZFfTQGAz-j1fYsYRg
INFO  org.apache.kafka.clients.Metadata [Consumer clientId=94931979f67f47dab88f32922acb56a0, groupId=3680a543c3f543d08249f26290cdb923default] Resetting the last seen epoch of partition 3680a543c3f543d08249f26290cdb923-trading-engine-requests-writes-0 to 0 since the associated topicId changed from null to oUHQzCWaRbCXkLGqBn2KCg
INFO  org.apache.kafka.clients.Metadata [Consumer clientId=94931979f67f47dab88f32922acb56a0, groupId=3680a543c3f543d08249f26290cdb923default] Cluster ID: vYZdA2sdT-SraCOH9C0BQQ
INFO  o.a.k.c.c.i.ConsumerCoordinator [Consumer clientId=94931979f67f47dab88f32922acb56a0, groupId=3680a543c3f543d08249f26290cdb923default] Discovered group coordinator localhost:9092 (id: 2147483646 rack: null)
INFO  o.a.k.c.c.i.ConsumerCoordinator [Consumer clientId=94931979f67f47dab88f32922acb56a0, groupId=3680a543c3f543d08249f26290cdb923default] Found no committed offset for partition 3680a543c3f543d08249f26290cdb923-trading-engine-requests-reads-0
INFO  o.a.k.c.c.i.SubscriptionState [Consumer clientId=94931979f67f47dab88f32922acb56a0, groupId=3680a543c3f543d08249f26290cdb923default] Resetting offset for partition 3680a543c3f543d08249f26290cdb923-trading-engine-requests-reads-0 to position FetchPosition{offset=0, offsetEpoch=Optional.empty, currentLeader=LeaderAndEpoch{leader=Optional[localhost:9092 (id: 1 rack: null)], epoch=0}}.
INFO  t.s.TradingEngineStreamingService Processing 'AdjustBalance' request
INFO  org.apache.kafka.clients.Metadata [Producer clientId=c056bca02dba441995f96e7e7360663e] Resetting the last seen epoch of partition 3680a543c3f543d08249f26290cdb923-4efdfbe3c6824f2c92c1cec06cb0316c-responses-0 to 0 since the associated topicId changed from null to AMGmCYYgQOmP2IMBdCwu5Q
INFO  t.s.TradingEngineStreamingService Processing 'GetBalance' request
INFO  o.a.k.c.producer.KafkaProducer [Producer clientId=c056bca02dba441995f96e7e7360663e] Closing the Kafka producer with timeoutMillis = 9223372036854775807 ms.
INFO  o.a.kafka.common.metrics.Metrics Metrics scheduler closed
INFO  o.a.kafka.common.metrics.Metrics Closing reporter org.apache.kafka.common.metrics.JmxReporter
INFO  o.a.kafka.common.metrics.Metrics Metrics reporters closed
INFO  o.a.k.common.utils.AppInfoParser App info kafka.producer for c056bca02dba441995f96e7e7360663e unregistered
INFO  o.a.k.c.producer.KafkaProducer [Producer clientId=c056bca02dba441995f96e7e7360663e] Closing the Kafka producer with timeoutMillis = 9223372036854775807 ms.
INFO  o.a.kafka.common.metrics.Metrics Metrics scheduler closed
INFO  o.a.kafka.common.metrics.Metrics Closing reporter org.apache.kafka.common.metrics.JmxReporter
INFO  o.a.kafka.common.metrics.Metrics Metrics reporters closed
INFO  o.a.k.common.utils.AppInfoParser App info kafka.producer for c056bca02dba441995f96e7e7360663e unregistered
INFO  o.a.k.c.producer.KafkaProducer [Producer clientId=c056bca02dba441995f96e7e7360663e] Closing the Kafka producer with timeoutMillis = 9223372036854775807 ms.
INFO  o.a.kafka.common.metrics.Metrics Metrics scheduler closed
INFO  o.a.kafka.common.metrics.Metrics Closing reporter org.apache.kafka.common.metrics.JmxReporter
INFO  o.a.kafka.common.metrics.Metrics Metrics reporters closed
INFO  o.a.k.common.utils.AppInfoParser App info kafka.producer for c056bca02dba441995f96e7e7360663e unregistered

  .   ____          _            __ _ _
 /\\ / ___'_ __ _ _(_)_ __  __ _ \ \ \ \
( ( )\___ | '_ | '_| | '_ \/ _` | \ \ \ \
 \\/  ___)| |_)| | | | | || (_| |  ) ) ) )
  '  |____| .__|_| |_|_| |_\__, | / / / /
 =========|_|==============|___/=/_/_/_/
 :: Spring Boot ::                (v2.7.5)

INFO  integrationTests.ServiceTests Starting ServiceTests using Java 17.0.8.1 on RyansMacStudio with PID 14697 (started by ryanossandon in /Users/ryanossandon/Code/ROTE/tradingEngineService)
INFO  integrationTests.ServiceTests No active profile set, falling back to 1 default profile: "default"
INFO  o.s.c.context.scope.GenericScope BeanFactory id=0c3dc5dc-1afe-377a-a787-7f7c807539d4
INFO  o.a.k.c.producer.ProducerConfig ProducerConfig values: 
	acks = -1
	batch.size = 16384
	bootstrap.servers = [localhost:9092]
	buffer.memory = 33554432
	client.dns.lookup = use_all_dns_ips
	client.id = b549ee447e554178bab10c0153869d4f
	compression.type = none
	connections.max.idle.ms = 540000
	delivery.timeout.ms = 120000
	enable.idempotence = true
	interceptor.classes = []
	key.serializer = class org.apache.kafka.common.serialization.StringSerializer
	linger.ms = 0
	max.block.ms = 60000
	max.in.flight.requests.per.connection = 5
	max.request.size = 1048576
	metadata.max.age.ms = 300000
	metadata.max.idle.ms = 300000
	metric.reporters = []
	metrics.num.samples = 2
	metrics.recording.level = INFO
	metrics.sample.window.ms = 30000
	partitioner.class = class org.apache.kafka.clients.producer.internals.DefaultPartitioner
	receive.buffer.bytes = 32768
	reconnect.backoff.max.ms = 1000
	reconnect.backoff.ms = 50
	request.timeout.ms = 30000
	retries = 2147483647
	retry.backoff.ms = 100
	sasl.client.callback.handler.class = null
	sasl.jaas.config = null
	sasl.kerberos.kinit.cmd = /usr/bin/kinit
	sasl.kerberos.min.time.before.relogin = 60000
	sasl.kerberos.service.name = null
	sasl.kerberos.ticket.renew.jitter = 0.05
	sasl.kerberos.ticket.renew.window.factor = 0.8
	sasl.login.callback.handler.class = null
	sasl.login.class = null
	sasl.login.connect.timeout.ms = null
	sasl.login.read.timeout.ms = null
	sasl.login.refresh.buffer.seconds = 300
	sasl.login.refresh.min.period.seconds = 60
	sasl.login.refresh.window.factor = 0.8
	sasl.login.refresh.window.jitter = 0.05
	sasl.login.retry.backoff.max.ms = 10000
	sasl.login.retry.backoff.ms = 100
	sasl.mechanism = GSSAPI
	sasl.oauthbearer.clock.skew.seconds = 30
	sasl.oauthbearer.expected.audience = null
	sasl.oauthbearer.expected.issuer = null
	sasl.oauthbearer.jwks.endpoint.refresh.ms = 3600000
	sasl.oauthbearer.jwks.endpoint.retry.backoff.max.ms = 10000
	sasl.oauthbearer.jwks.endpoint.retry.backoff.ms = 100
	sasl.oauthbearer.jwks.endpoint.url = null
	sasl.oauthbearer.scope.claim.name = scope
	sasl.oauthbearer.sub.claim.name = sub
	sasl.oauthbearer.token.endpoint.url = null
	security.protocol = PLAINTEXT
	security.providers = null
	send.buffer.bytes = 131072
	socket.connection.setup.timeout.max.ms = 30000
	socket.connection.setup.timeout.ms = 10000
	ssl.cipher.suites = null
	ssl.enabled.protocols = [TLSv1.2, TLSv1.3]
	ssl.endpoint.identification.algorithm = https
	ssl.engine.factory.class = null
	ssl.key.password = null
	ssl.keymanager.algorithm = SunX509
	ssl.keystore.certificate.chain = null
	ssl.keystore.key = null
	ssl.keystore.location = null
	ssl.keystore.password = null
	ssl.keystore.type = JKS
	ssl.protocol = TLSv1.3
	ssl.provider = null
	ssl.secure.random.implementation = null
	ssl.trustmanager.algorithm = PKIX
	ssl.truststore.certificates = null
	ssl.truststore.location = null
	ssl.truststore.password = null
	ssl.truststore.type = JKS
	transaction.timeout.ms = 60000
	transactional.id = null
	value.serializer = class org.springframework.kafka.support.serializer.JsonSerializer

INFO  o.a.k.c.producer.KafkaProducer [Producer clientId=b549ee447e554178bab10c0153869d4f] Instantiated an idempotent producer.
INFO  o.a.k.common.utils.AppInfoParser Kafka version: 3.1.2
INFO  o.a.k.common.utils.AppInfoParser Kafka commitId: f8c67dc3ae0a3265
INFO  o.a.k.common.utils.AppInfoParser Kafka startTimeMs: 1716667328654
INFO  org.apache.kafka.clients.Metadata [Producer clientId=b549ee447e554178bab10c0153869d4f] Cluster ID: vYZdA2sdT-SraCOH9C0BQQ
INFO  o.a.k.c.p.i.TransactionManager [Producer clientId=b549ee447e554178bab10c0153869d4f] ProducerId set to 5 with epoch 0
WARN  o.s.b.a.s.s.UserDetailsServiceAutoConfiguration 

Using generated security password: 49a71205-2264-4a30-9202-6da358b6d3f8

This generated password is for development use only. Your security configuration must be updated before running your application in production.

INFO  o.s.s.w.DefaultSecurityFilterChain Will secure any request with [org.springframework.security.web.session.DisableEncodeUrlFilter@56ed9270, org.springframework.security.web.context.request.async.WebAsyncManagerIntegrationFilter@551fefe8, org.springframework.security.web.context.SecurityContextPersistenceFilter@452d4bb2, org.springframework.security.web.header.HeaderWriterFilter@4e24db00, org.springframework.security.web.csrf.CsrfFilter@bce93d3, org.springframework.security.web.authentication.logout.LogoutFilter@67441705, org.springframework.security.web.authentication.UsernamePasswordAuthenticationFilter@2d7b117, org.springframework.security.web.authentication.ui.DefaultLoginPageGeneratingFilter@48149568, org.springframework.security.web.authentication.ui.DefaultLogoutPageGeneratingFilter@6affa355, org.springframework.security.web.authentication.www.BasicAuthenticationFilter@4cd886b7, org.springframework.security.web.savedrequest.RequestCacheAwareFilter@a1143cc, org.springframework.security.web.servletapi.SecurityContextHolderAwareRequestFilter@62857555, org.springframework.security.web.authentication.AnonymousAuthenticationFilter@621a7d83, org.springframework.security.web.session.SessionManagementFilter@3a02172a, org.springframework.security.web.access.ExceptionTranslationFilter@1a6ab328, org.springframework.security.web.access.intercept.FilterSecurityInterceptor@3b870ed3]
INFO  o.a.k.c.admin.AdminClientConfig AdminClientConfig values: 
	bootstrap.servers = [localhost:9092]
	client.dns.lookup = use_all_dns_ips
	client.id = 
	connections.max.idle.ms = 300000
	default.api.timeout.ms = 60000
	metadata.max.age.ms = 300000
	metric.reporters = []
	metrics.num.samples = 2
	metrics.recording.level = INFO
	metrics.sample.window.ms = 30000
	receive.buffer.bytes = 65536
	reconnect.backoff.max.ms = 1000
	reconnect.backoff.ms = 50
	request.timeout.ms = 30000
	retries = 2147483647
	retry.backoff.ms = 100
	sasl.client.callback.handler.class = null
	sasl.jaas.config = null
	sasl.kerberos.kinit.cmd = /usr/bin/kinit
	sasl.kerberos.min.time.before.relogin = 60000
	sasl.kerberos.service.name = null
	sasl.kerberos.ticket.renew.jitter = 0.05
	sasl.kerberos.ticket.renew.window.factor = 0.8
	sasl.login.callback.handler.class = null
	sasl.login.class = null
	sasl.login.connect.timeout.ms = null
	sasl.login.read.timeout.ms = null
	sasl.login.refresh.buffer.seconds = 300
	sasl.login.refresh.min.period.seconds = 60
	sasl.login.refresh.window.factor = 0.8
	sasl.login.refresh.window.jitter = 0.05
	sasl.login.retry.backoff.max.ms = 10000
	sasl.login.retry.backoff.ms = 100
	sasl.mechanism = GSSAPI
	sasl.oauthbearer.clock.skew.seconds = 30
	sasl.oauthbearer.expected.audience = null
	sasl.oauthbearer.expected.issuer = null
	sasl.oauthbearer.jwks.endpoint.refresh.ms = 3600000
	sasl.oauthbearer.jwks.endpoint.retry.backoff.max.ms = 10000
	sasl.oauthbearer.jwks.endpoint.retry.backoff.ms = 100
	sasl.oauthbearer.jwks.endpoint.url = null
	sasl.oauthbearer.scope.claim.name = scope
	sasl.oauthbearer.sub.claim.name = sub
	sasl.oauthbearer.token.endpoint.url = null
	security.protocol = PLAINTEXT
	security.providers = null
	send.buffer.bytes = 131072
	socket.connection.setup.timeout.max.ms = 30000
	socket.connection.setup.timeout.ms = 10000
	ssl.cipher.suites = null
	ssl.enabled.protocols = [TLSv1.2, TLSv1.3]
	ssl.endpoint.identification.algorithm = https
	ssl.engine.factory.class = null
	ssl.key.password = null
	ssl.keymanager.algorithm = SunX509
	ssl.keystore.certificate.chain = null
	ssl.keystore.key = null
	ssl.keystore.location = null
	ssl.keystore.password = null
	ssl.keystore.type = JKS
	ssl.protocol = TLSv1.3
	ssl.provider = null
	ssl.secure.random.implementation = null
	ssl.trustmanager.algorithm = PKIX
	ssl.truststore.certificates = null
	ssl.truststore.location = null
	ssl.truststore.password = null
	ssl.truststore.type = JKS

INFO  o.a.k.c.admin.AdminClientConfig AdminClientConfig values: 
	bootstrap.servers = [localhost:9092]
	client.dns.lookup = use_all_dns_ips
	client.id = 
	connections.max.idle.ms = 300000
	default.api.timeout.ms = 60000
	metadata.max.age.ms = 300000
	metric.reporters = []
	metrics.num.samples = 2
	metrics.recording.level = INFO
	metrics.sample.window.ms = 30000
	receive.buffer.bytes = 65536
	reconnect.backoff.max.ms = 1000
	reconnect.backoff.ms = 50
	request.timeout.ms = 30000
	retries = 2147483647
	retry.backoff.ms = 100
	sasl.client.callback.handler.class = null
	sasl.jaas.config = null
	sasl.kerberos.kinit.cmd = /usr/bin/kinit
	sasl.kerberos.min.time.before.relogin = 60000
	sasl.kerberos.service.name = null
	sasl.kerberos.ticket.renew.jitter = 0.05
	sasl.kerberos.ticket.renew.window.factor = 0.8
	sasl.login.callback.handler.class = null
	sasl.login.class = null
	sasl.login.connect.timeout.ms = null
	sasl.login.read.timeout.ms = null
	sasl.login.refresh.buffer.seconds = 300
	sasl.login.refresh.min.period.seconds = 60
	sasl.login.refresh.window.factor = 0.8
	sasl.login.refresh.window.jitter = 0.05
	sasl.login.retry.backoff.max.ms = 10000
	sasl.login.retry.backoff.ms = 100
	sasl.mechanism = GSSAPI
	sasl.oauthbearer.clock.skew.seconds = 30
	sasl.oauthbearer.expected.audience = null
	sasl.oauthbearer.expected.issuer = null
	sasl.oauthbearer.jwks.endpoint.refresh.ms = 3600000
	sasl.oauthbearer.jwks.endpoint.retry.backoff.max.ms = 10000
	sasl.oauthbearer.jwks.endpoint.retry.backoff.ms = 100
	sasl.oauthbearer.jwks.endpoint.url = null
	sasl.oauthbearer.scope.claim.name = scope
	sasl.oauthbearer.sub.claim.name = sub
	sasl.oauthbearer.token.endpoint.url = null
	security.protocol = PLAINTEXT
	security.providers = null
	send.buffer.bytes = 131072
	socket.connection.setup.timeout.max.ms = 30000
	socket.connection.setup.timeout.ms = 10000
	ssl.cipher.suites = null
	ssl.enabled.protocols = [TLSv1.2, TLSv1.3]
	ssl.endpoint.identification.algorithm = https
	ssl.engine.factory.class = null
	ssl.key.password = null
	ssl.keymanager.algorithm = SunX509
	ssl.keystore.certificate.chain = null
	ssl.keystore.key = null
	ssl.keystore.location = null
	ssl.keystore.password = null
	ssl.keystore.type = JKS
	ssl.protocol = TLSv1.3
	ssl.provider = null
	ssl.secure.random.implementation = null
	ssl.trustmanager.algorithm = PKIX
	ssl.truststore.certificates = null
	ssl.truststore.location = null
	ssl.truststore.password = null
	ssl.truststore.type = JKS

INFO  integrationTests.ServiceTests Started ServiceTests in 0.187 seconds (JVM running for 5.895)
INFO  o.a.k.common.utils.AppInfoParser Kafka version: 3.1.2
INFO  o.a.k.common.utils.AppInfoParser Kafka commitId: f8c67dc3ae0a3265
INFO  o.a.k.common.utils.AppInfoParser Kafka startTimeMs: 1716667328775
INFO  o.a.k.common.utils.AppInfoParser Kafka version: 3.1.2
INFO  o.a.k.common.utils.AppInfoParser Kafka commitId: f8c67dc3ae0a3265
INFO  o.a.k.common.utils.AppInfoParser Kafka startTimeMs: 1716667328775
INFO  s.kafka.KafkaRequestResponseClient Created topic c6e04107c07b43a7b704c0e071430b30-c8a7ac8274384eaf8e9674cbf686d2af-responses
INFO  s.kafka.KafkaRequestResponseClient Created topic c6e04107c07b43a7b704c0e071430b30-trading-engine-requests-writes
INFO  o.a.k.common.utils.AppInfoParser App info kafka.admin.client for adminclient-12 unregistered
INFO  o.a.kafka.common.metrics.Metrics Metrics scheduler closed
INFO  o.a.kafka.common.metrics.Metrics Closing reporter org.apache.kafka.common.metrics.JmxReporter
INFO  o.a.kafka.common.metrics.Metrics Metrics reporters closed
INFO  o.a.k.c.consumer.ConsumerConfig ConsumerConfig values: 
	allow.auto.create.topics = true
	auto.commit.interval.ms = 5000
	auto.offset.reset = earliest
	bootstrap.servers = [localhost:9092]
	check.crcs = true
	client.dns.lookup = use_all_dns_ips
	client.id = 9dadaf49de694f57b528016dcaa3506e
	client.rack = 
	connections.max.idle.ms = 540000
	default.api.timeout.ms = 60000
	enable.auto.commit = false
	exclude.internal.topics = true
	fetch.max.bytes = 52428800
	fetch.max.wait.ms = 500
	fetch.min.bytes = 1
	group.id = c6e04107c07b43a7b704c0e071430b30default
	group.instance.id = null
	heartbeat.interval.ms = 3000
	interceptor.classes = []
	internal.leave.group.on.close = true
	internal.throw.on.fetch.stable.offset.unsupported = false
	isolation.level = read_uncommitted
	key.deserializer = class org.apache.kafka.common.serialization.StringDeserializer
	max.partition.fetch.bytes = 1048576
	max.poll.interval.ms = 300000
	max.poll.records = 500
	metadata.max.age.ms = 300000
	metric.reporters = []
	metrics.num.samples = 2
	metrics.recording.level = INFO
	metrics.sample.window.ms = 30000
	partition.assignment.strategy = [class org.apache.kafka.clients.consumer.RangeAssignor, class org.apache.kafka.clients.consumer.CooperativeStickyAssignor]
	receive.buffer.bytes = 65536
	reconnect.backoff.max.ms = 1000
	reconnect.backoff.ms = 50
	request.timeout.ms = 30000
	retry.backoff.ms = 100
	sasl.client.callback.handler.class = null
	sasl.jaas.config = null
	sasl.kerberos.kinit.cmd = /usr/bin/kinit
	sasl.kerberos.min.time.before.relogin = 60000
	sasl.kerberos.service.name = null
	sasl.kerberos.ticket.renew.jitter = 0.05
	sasl.kerberos.ticket.renew.window.factor = 0.8
	sasl.login.callback.handler.class = null
	sasl.login.class = null
	sasl.login.connect.timeout.ms = null
	sasl.login.read.timeout.ms = null
	sasl.login.refresh.buffer.seconds = 300
	sasl.login.refresh.min.period.seconds = 60
	sasl.login.refresh.window.factor = 0.8
	sasl.login.refresh.window.jitter = 0.05
	sasl.login.retry.backoff.max.ms = 10000
	sasl.login.retry.backoff.ms = 100
	sasl.mechanism = GSSAPI
	sasl.oauthbearer.clock.skew.seconds = 30
	sasl.oauthbearer.expected.audience = null
	sasl.oauthbearer.expected.issuer = null
	sasl.oauthbearer.jwks.endpoint.refresh.ms = 3600000
	sasl.oauthbearer.jwks.endpoint.retry.backoff.max.ms = 10000
	sasl.oauthbearer.jwks.endpoint.retry.backoff.ms = 100
	sasl.oauthbearer.jwks.endpoint.url = null
	sasl.oauthbearer.scope.claim.name = scope
	sasl.oauthbearer.sub.claim.name = sub
	sasl.oauthbearer.token.endpoint.url = null
	security.protocol = PLAINTEXT
	security.providers = null
	send.buffer.bytes = 131072
	session.timeout.ms = 45000
	socket.connection.setup.timeout.max.ms = 30000
	socket.connection.setup.timeout.ms = 10000
	ssl.cipher.suites = null
	ssl.enabled.protocols = [TLSv1.2, TLSv1.3]
	ssl.endpoint.identification.algorithm = https
	ssl.engine.factory.class = null
	ssl.key.password = null
	ssl.keymanager.algorithm = SunX509
	ssl.keystore.certificate.chain = null
	ssl.keystore.key = null
	ssl.keystore.location = null
	ssl.keystore.password = null
	ssl.keystore.type = JKS
	ssl.protocol = TLSv1.3
	ssl.provider = null
	ssl.secure.random.implementation = null
	ssl.trustmanager.algorithm = PKIX
	ssl.truststore.certificates = null
	ssl.truststore.location = null
	ssl.truststore.password = null
	ssl.truststore.type = JKS
	value.deserializer = class org.springframework.kafka.support.serializer.JsonDeserializer

INFO  o.a.k.common.utils.AppInfoParser Kafka version: 3.1.2
INFO  o.a.k.common.utils.AppInfoParser Kafka commitId: f8c67dc3ae0a3265
INFO  o.a.k.common.utils.AppInfoParser Kafka startTimeMs: 1716667328801
INFO  o.a.k.c.consumer.KafkaConsumer [Consumer clientId=9dadaf49de694f57b528016dcaa3506e, groupId=c6e04107c07b43a7b704c0e071430b30default] Subscribed to partition(s): c6e04107c07b43a7b704c0e071430b30-c8a7ac8274384eaf8e9674cbf686d2af-responses-0
INFO  o.a.k.c.consumer.KafkaConsumer [Consumer clientId=9dadaf49de694f57b528016dcaa3506e, groupId=c6e04107c07b43a7b704c0e071430b30default] Seeking to offset 0 for partition c6e04107c07b43a7b704c0e071430b30-c8a7ac8274384eaf8e9674cbf686d2af-responses-0
INFO  org.apache.kafka.clients.Metadata [Producer clientId=b549ee447e554178bab10c0153869d4f] Resetting the last seen epoch of partition c6e04107c07b43a7b704c0e071430b30-trading-engine-requests-writes-0 to 0 since the associated topicId changed from null to rCSWHwY0ToGnEv-otNRJZA
INFO  org.apache.kafka.clients.Metadata [Consumer clientId=9dadaf49de694f57b528016dcaa3506e, groupId=c6e04107c07b43a7b704c0e071430b30default] Resetting the last seen epoch of partition c6e04107c07b43a7b704c0e071430b30-c8a7ac8274384eaf8e9674cbf686d2af-responses-0 to 0 since the associated topicId changed from null to TXccwZxuTF6sIG1jgtPHvA
INFO  org.apache.kafka.clients.Metadata [Consumer clientId=9dadaf49de694f57b528016dcaa3506e, groupId=c6e04107c07b43a7b704c0e071430b30default] Cluster ID: vYZdA2sdT-SraCOH9C0BQQ
INFO  s.kafka.KafkaRequestResponseClient Created topic c6e04107c07b43a7b704c0e071430b30-trading-engine-requests-reads
INFO  s.kafka.KafkaRequestResponseClient Created topic c6e04107c07b43a7b704c0e071430b30-market-data
INFO  o.a.k.common.utils.AppInfoParser App info kafka.admin.client for adminclient-11 unregistered
INFO  o.a.kafka.common.metrics.Metrics Metrics scheduler closed
INFO  o.a.kafka.common.metrics.Metrics Closing reporter org.apache.kafka.common.metrics.JmxReporter
INFO  o.a.kafka.common.metrics.Metrics Metrics reporters closed
INFO  t.s.TradingEngineStreamingService Running trading engine service; starting at offset '0'
INFO  o.a.k.c.consumer.ConsumerConfig ConsumerConfig values: 
	allow.auto.create.topics = true
	auto.commit.interval.ms = 5000
	auto.offset.reset = earliest
	bootstrap.servers = [localhost:9092]
	check.crcs = true
	client.dns.lookup = use_all_dns_ips
	client.id = d069efc342504c5a8154b49add3629bf
	client.rack = 
	connections.max.idle.ms = 540000
	default.api.timeout.ms = 60000
	enable.auto.commit = false
	exclude.internal.topics = true
	fetch.max.bytes = 52428800
	fetch.max.wait.ms = 500
	fetch.min.bytes = 1
	group.id = c6e04107c07b43a7b704c0e071430b30default
	group.instance.id = null
	heartbeat.interval.ms = 3000
	interceptor.classes = []
	internal.leave.group.on.close = true
	internal.throw.on.fetch.stable.offset.unsupported = false
	isolation.level = read_uncommitted
	key.deserializer = class org.apache.kafka.common.serialization.StringDeserializer
	max.partition.fetch.bytes = 1048576
	max.poll.interval.ms = 300000
	max.poll.records = 500
	metadata.max.age.ms = 300000
	metric.reporters = []
	metrics.num.samples = 2
	metrics.recording.level = INFO
	metrics.sample.window.ms = 30000
	partition.assignment.strategy = [class org.apache.kafka.clients.consumer.RangeAssignor, class org.apache.kafka.clients.consumer.CooperativeStickyAssignor]
	receive.buffer.bytes = 65536
	reconnect.backoff.max.ms = 1000
	reconnect.backoff.ms = 50
	request.timeout.ms = 30000
	retry.backoff.ms = 100
	sasl.client.callback.handler.class = null
	sasl.jaas.config = null
	sasl.kerberos.kinit.cmd = /usr/bin/kinit
	sasl.kerberos.min.time.before.relogin = 60000
	sasl.kerberos.service.name = null
	sasl.kerberos.ticket.renew.jitter = 0.05
	sasl.kerberos.ticket.renew.window.factor = 0.8
	sasl.login.callback.handler.class = null
	sasl.login.class = null
	sasl.login.connect.timeout.ms = null
	sasl.login.read.timeout.ms = null
	sasl.login.refresh.buffer.seconds = 300
	sasl.login.refresh.min.period.seconds = 60
	sasl.login.refresh.window.factor = 0.8
	sasl.login.refresh.window.jitter = 0.05
	sasl.login.retry.backoff.max.ms = 10000
	sasl.login.retry.backoff.ms = 100
	sasl.mechanism = GSSAPI
	sasl.oauthbearer.clock.skew.seconds = 30
	sasl.oauthbearer.expected.audience = null
	sasl.oauthbearer.expected.issuer = null
	sasl.oauthbearer.jwks.endpoint.refresh.ms = 3600000
	sasl.oauthbearer.jwks.endpoint.retry.backoff.max.ms = 10000
	sasl.oauthbearer.jwks.endpoint.retry.backoff.ms = 100
	sasl.oauthbearer.jwks.endpoint.url = null
	sasl.oauthbearer.scope.claim.name = scope
	sasl.oauthbearer.sub.claim.name = sub
	sasl.oauthbearer.token.endpoint.url = null
	security.protocol = PLAINTEXT
	security.providers = null
	send.buffer.bytes = 131072
	session.timeout.ms = 45000
	socket.connection.setup.timeout.max.ms = 30000
	socket.connection.setup.timeout.ms = 10000
	ssl.cipher.suites = null
	ssl.enabled.protocols = [TLSv1.2, TLSv1.3]
	ssl.endpoint.identification.algorithm = https
	ssl.engine.factory.class = null
	ssl.key.password = null
	ssl.keymanager.algorithm = SunX509
	ssl.keystore.certificate.chain = null
	ssl.keystore.key = null
	ssl.keystore.location = null
	ssl.keystore.password = null
	ssl.keystore.type = JKS
	ssl.protocol = TLSv1.3
	ssl.provider = null
	ssl.secure.random.implementation = null
	ssl.trustmanager.algorithm = PKIX
	ssl.truststore.certificates = null
	ssl.truststore.location = null
	ssl.truststore.password = null
	ssl.truststore.type = JKS
	value.deserializer = class org.springframework.kafka.support.serializer.JsonDeserializer

INFO  o.a.k.common.utils.AppInfoParser Kafka version: 3.1.2
INFO  o.a.k.common.utils.AppInfoParser Kafka commitId: f8c67dc3ae0a3265
INFO  o.a.k.common.utils.AppInfoParser Kafka startTimeMs: 1716667328830
INFO  o.a.k.c.consumer.KafkaConsumer [Consumer clientId=d069efc342504c5a8154b49add3629bf, groupId=c6e04107c07b43a7b704c0e071430b30default] Subscribed to partition(s): c6e04107c07b43a7b704c0e071430b30-trading-engine-requests-writes-0, c6e04107c07b43a7b704c0e071430b30-trading-engine-requests-reads-0
INFO  o.a.k.c.consumer.KafkaConsumer [Consumer clientId=d069efc342504c5a8154b49add3629bf, groupId=c6e04107c07b43a7b704c0e071430b30default] Seeking to offset 0 for partition c6e04107c07b43a7b704c0e071430b30-trading-engine-requests-writes-0
INFO  org.apache.kafka.clients.Metadata [Consumer clientId=d069efc342504c5a8154b49add3629bf, groupId=c6e04107c07b43a7b704c0e071430b30default] Resetting the last seen epoch of partition c6e04107c07b43a7b704c0e071430b30-trading-engine-requests-writes-0 to 0 since the associated topicId changed from null to rCSWHwY0ToGnEv-otNRJZA
INFO  org.apache.kafka.clients.Metadata [Consumer clientId=d069efc342504c5a8154b49add3629bf, groupId=c6e04107c07b43a7b704c0e071430b30default] Resetting the last seen epoch of partition c6e04107c07b43a7b704c0e071430b30-trading-engine-requests-reads-0 to 0 since the associated topicId changed from null to mFS3PBn2Qg6uvABsI5z-xA
INFO  org.apache.kafka.clients.Metadata [Consumer clientId=d069efc342504c5a8154b49add3629bf, groupId=c6e04107c07b43a7b704c0e071430b30default] Cluster ID: vYZdA2sdT-SraCOH9C0BQQ
INFO  o.a.k.c.c.i.ConsumerCoordinator [Consumer clientId=d069efc342504c5a8154b49add3629bf, groupId=c6e04107c07b43a7b704c0e071430b30default] Discovered group coordinator localhost:9092 (id: 2147483646 rack: null)
INFO  o.a.k.c.c.i.ConsumerCoordinator [Consumer clientId=d069efc342504c5a8154b49add3629bf, groupId=c6e04107c07b43a7b704c0e071430b30default] Found no committed offset for partition c6e04107c07b43a7b704c0e071430b30-trading-engine-requests-reads-0
INFO  o.a.k.c.c.i.SubscriptionState [Consumer clientId=d069efc342504c5a8154b49add3629bf, groupId=c6e04107c07b43a7b704c0e071430b30default] Resetting offset for partition c6e04107c07b43a7b704c0e071430b30-trading-engine-requests-reads-0 to position FetchPosition{offset=0, offsetEpoch=Optional.empty, currentLeader=LeaderAndEpoch{leader=Optional[localhost:9092 (id: 1 rack: null)], epoch=0}}.
INFO  t.s.TradingEngineStreamingService Processing 'AdjustBalance' request
INFO  org.apache.kafka.clients.Metadata [Producer clientId=b549ee447e554178bab10c0153869d4f] Resetting the last seen epoch of partition c6e04107c07b43a7b704c0e071430b30-c8a7ac8274384eaf8e9674cbf686d2af-responses-0 to 0 since the associated topicId changed from null to TXccwZxuTF6sIG1jgtPHvA
INFO  t.s.TradingEngineStreamingService Processing 'AdjustBalance' request
INFO  t.s.TradingEngineStreamingService Processing 'LimitOrder' request
INFO  org.apache.kafka.clients.Metadata [Producer clientId=b549ee447e554178bab10c0153869d4f] Resetting the last seen epoch of partition c6e04107c07b43a7b704c0e071430b30-market-data-0 to 0 since the associated topicId changed from null to dIsuEILnQ2-IG7FmTbktLQ
INFO  t.s.TradingEngineStreamingService Processing 'LimitOrder' request
INFO  o.a.k.c.producer.KafkaProducer [Producer clientId=b549ee447e554178bab10c0153869d4f] Closing the Kafka producer with timeoutMillis = 9223372036854775807 ms.
INFO  o.a.kafka.common.metrics.Metrics Metrics scheduler closed
INFO  o.a.kafka.common.metrics.Metrics Closing reporter org.apache.kafka.common.metrics.JmxReporter
INFO  o.a.kafka.common.metrics.Metrics Metrics reporters closed
INFO  o.a.k.common.utils.AppInfoParser App info kafka.producer for b549ee447e554178bab10c0153869d4f unregistered
INFO  o.a.k.c.producer.KafkaProducer [Producer clientId=b549ee447e554178bab10c0153869d4f] Closing the Kafka producer with timeoutMillis = 9223372036854775807 ms.
INFO  o.a.kafka.common.metrics.Metrics Metrics scheduler closed
INFO  o.a.kafka.common.metrics.Metrics Closing reporter org.apache.kafka.common.metrics.JmxReporter
INFO  o.a.kafka.common.metrics.Metrics Metrics reporters closed
INFO  o.a.k.common.utils.AppInfoParser App info kafka.producer for b549ee447e554178bab10c0153869d4f unregistered
INFO  o.a.k.c.producer.KafkaProducer [Producer clientId=b549ee447e554178bab10c0153869d4f] Closing the Kafka producer with timeoutMillis = 9223372036854775807 ms.
INFO  o.a.kafka.common.metrics.Metrics Metrics scheduler closed
INFO  o.a.kafka.common.metrics.Metrics Closing reporter org.apache.kafka.common.metrics.JmxReporter
INFO  o.a.kafka.common.metrics.Metrics Metrics reporters closed
INFO  o.a.k.common.utils.AppInfoParser App info kafka.producer for b549ee447e554178bab10c0153869d4f unregistered

  .   ____          _            __ _ _
 /\\ / ___'_ __ _ _(_)_ __  __ _ \ \ \ \
( ( )\___ | '_ | '_| | '_ \/ _` | \ \ \ \
 \\/  ___)| |_)| | | | | || (_| |  ) ) ) )
  '  |____| .__|_| |_|_| |_\__, | / / / /
 =========|_|==============|___/=/_/_/_/
 :: Spring Boot ::                (v2.7.5)

INFO  integrationTests.ServiceTests Starting ServiceTests using Java 17.0.8.1 on RyansMacStudio with PID 14697 (started by ryanossandon in /Users/ryanossandon/Code/ROTE/tradingEngineService)
INFO  integrationTests.ServiceTests No active profile set, falling back to 1 default profile: "default"
INFO  o.s.c.context.scope.GenericScope BeanFactory id=0c3dc5dc-1afe-377a-a787-7f7c807539d4
INFO  o.a.k.c.producer.ProducerConfig ProducerConfig values: 
	acks = -1
	batch.size = 16384
	bootstrap.servers = [localhost:9092]
	buffer.memory = 33554432
	client.dns.lookup = use_all_dns_ips
	client.id = 7157fa9800954de7a751e75aee291793
	compression.type = none
	connections.max.idle.ms = 540000
	delivery.timeout.ms = 120000
	enable.idempotence = true
	interceptor.classes = []
	key.serializer = class org.apache.kafka.common.serialization.StringSerializer
	linger.ms = 0
	max.block.ms = 60000
	max.in.flight.requests.per.connection = 5
	max.request.size = 1048576
	metadata.max.age.ms = 300000
	metadata.max.idle.ms = 300000
	metric.reporters = []
	metrics.num.samples = 2
	metrics.recording.level = INFO
	metrics.sample.window.ms = 30000
	partitioner.class = class org.apache.kafka.clients.producer.internals.DefaultPartitioner
	receive.buffer.bytes = 32768
	reconnect.backoff.max.ms = 1000
	reconnect.backoff.ms = 50
	request.timeout.ms = 30000
	retries = 2147483647
	retry.backoff.ms = 100
	sasl.client.callback.handler.class = null
	sasl.jaas.config = null
	sasl.kerberos.kinit.cmd = /usr/bin/kinit
	sasl.kerberos.min.time.before.relogin = 60000
	sasl.kerberos.service.name = null
	sasl.kerberos.ticket.renew.jitter = 0.05
	sasl.kerberos.ticket.renew.window.factor = 0.8
	sasl.login.callback.handler.class = null
	sasl.login.class = null
	sasl.login.connect.timeout.ms = null
	sasl.login.read.timeout.ms = null
	sasl.login.refresh.buffer.seconds = 300
	sasl.login.refresh.min.period.seconds = 60
	sasl.login.refresh.window.factor = 0.8
	sasl.login.refresh.window.jitter = 0.05
	sasl.login.retry.backoff.max.ms = 10000
	sasl.login.retry.backoff.ms = 100
	sasl.mechanism = GSSAPI
	sasl.oauthbearer.clock.skew.seconds = 30
	sasl.oauthbearer.expected.audience = null
	sasl.oauthbearer.expected.issuer = null
	sasl.oauthbearer.jwks.endpoint.refresh.ms = 3600000
	sasl.oauthbearer.jwks.endpoint.retry.backoff.max.ms = 10000
	sasl.oauthbearer.jwks.endpoint.retry.backoff.ms = 100
	sasl.oauthbearer.jwks.endpoint.url = null
	sasl.oauthbearer.scope.claim.name = scope
	sasl.oauthbearer.sub.claim.name = sub
	sasl.oauthbearer.token.endpoint.url = null
	security.protocol = PLAINTEXT
	security.providers = null
	send.buffer.bytes = 131072
	socket.connection.setup.timeout.max.ms = 30000
	socket.connection.setup.timeout.ms = 10000
	ssl.cipher.suites = null
	ssl.enabled.protocols = [TLSv1.2, TLSv1.3]
	ssl.endpoint.identification.algorithm = https
	ssl.engine.factory.class = null
	ssl.key.password = null
	ssl.keymanager.algorithm = SunX509
	ssl.keystore.certificate.chain = null
	ssl.keystore.key = null
	ssl.keystore.location = null
	ssl.keystore.password = null
	ssl.keystore.type = JKS
	ssl.protocol = TLSv1.3
	ssl.provider = null
	ssl.secure.random.implementation = null
	ssl.trustmanager.algorithm = PKIX
	ssl.truststore.certificates = null
	ssl.truststore.location = null
	ssl.truststore.password = null
	ssl.truststore.type = JKS
	transaction.timeout.ms = 60000
	transactional.id = null
	value.serializer = class org.springframework.kafka.support.serializer.JsonSerializer

INFO  o.a.k.c.producer.KafkaProducer [Producer clientId=7157fa9800954de7a751e75aee291793] Instantiated an idempotent producer.
INFO  o.a.k.common.utils.AppInfoParser Kafka version: 3.1.2
INFO  o.a.k.common.utils.AppInfoParser Kafka commitId: f8c67dc3ae0a3265
INFO  o.a.k.common.utils.AppInfoParser Kafka startTimeMs: 1716667328988
INFO  org.apache.kafka.clients.Metadata [Producer clientId=7157fa9800954de7a751e75aee291793] Cluster ID: vYZdA2sdT-SraCOH9C0BQQ
INFO  o.a.k.c.p.i.TransactionManager [Producer clientId=7157fa9800954de7a751e75aee291793] ProducerId set to 6 with epoch 0
WARN  o.s.b.a.s.s.UserDetailsServiceAutoConfiguration 

Using generated security password: 20dc32ee-01aa-4701-b3c9-4890311f73e8

This generated password is for development use only. Your security configuration must be updated before running your application in production.

INFO  o.s.s.w.DefaultSecurityFilterChain Will secure any request with [org.springframework.security.web.session.DisableEncodeUrlFilter@58e61e18, org.springframework.security.web.context.request.async.WebAsyncManagerIntegrationFilter@6d9f624, org.springframework.security.web.context.SecurityContextPersistenceFilter@e77c9c3, org.springframework.security.web.header.HeaderWriterFilter@1895f7fe, org.springframework.security.web.csrf.CsrfFilter@5ded2dfc, org.springframework.security.web.authentication.logout.LogoutFilter@7fdf32a4, org.springframework.security.web.authentication.UsernamePasswordAuthenticationFilter@41f57420, org.springframework.security.web.authentication.ui.DefaultLoginPageGeneratingFilter@4daee083, org.springframework.security.web.authentication.ui.DefaultLogoutPageGeneratingFilter@6ce7d6ab, org.springframework.security.web.authentication.www.BasicAuthenticationFilter@62e8ef9f, org.springframework.security.web.savedrequest.RequestCacheAwareFilter@4cc9d672, org.springframework.security.web.servletapi.SecurityContextHolderAwareRequestFilter@7bd4f212, org.springframework.security.web.authentication.AnonymousAuthenticationFilter@49d658bf, org.springframework.security.web.session.SessionManagementFilter@3a4181ba, org.springframework.security.web.access.ExceptionTranslationFilter@22ac1a0d, org.springframework.security.web.access.intercept.FilterSecurityInterceptor@5af08232]
INFO  o.a.k.c.admin.AdminClientConfig AdminClientConfig values: 
	bootstrap.servers = [localhost:9092]
	client.dns.lookup = use_all_dns_ips
	client.id = 
	connections.max.idle.ms = 300000
	default.api.timeout.ms = 60000
	metadata.max.age.ms = 300000
	metric.reporters = []
	metrics.num.samples = 2
	metrics.recording.level = INFO
	metrics.sample.window.ms = 30000
	receive.buffer.bytes = 65536
	reconnect.backoff.max.ms = 1000
	reconnect.backoff.ms = 50
	request.timeout.ms = 30000
	retries = 2147483647
	retry.backoff.ms = 100
	sasl.client.callback.handler.class = null
	sasl.jaas.config = null
	sasl.kerberos.kinit.cmd = /usr/bin/kinit
	sasl.kerberos.min.time.before.relogin = 60000
	sasl.kerberos.service.name = null
	sasl.kerberos.ticket.renew.jitter = 0.05
	sasl.kerberos.ticket.renew.window.factor = 0.8
	sasl.login.callback.handler.class = null
	sasl.login.class = null
	sasl.login.connect.timeout.ms = null
	sasl.login.read.timeout.ms = null
	sasl.login.refresh.buffer.seconds = 300
	sasl.login.refresh.min.period.seconds = 60
	sasl.login.refresh.window.factor = 0.8
	sasl.login.refresh.window.jitter = 0.05
	sasl.login.retry.backoff.max.ms = 10000
	sasl.login.retry.backoff.ms = 100
	sasl.mechanism = GSSAPI
	sasl.oauthbearer.clock.skew.seconds = 30
	sasl.oauthbearer.expected.audience = null
	sasl.oauthbearer.expected.issuer = null
	sasl.oauthbearer.jwks.endpoint.refresh.ms = 3600000
	sasl.oauthbearer.jwks.endpoint.retry.backoff.max.ms = 10000
	sasl.oauthbearer.jwks.endpoint.retry.backoff.ms = 100
	sasl.oauthbearer.jwks.endpoint.url = null
	sasl.oauthbearer.scope.claim.name = scope
	sasl.oauthbearer.sub.claim.name = sub
	sasl.oauthbearer.token.endpoint.url = null
	security.protocol = PLAINTEXT
	security.providers = null
	send.buffer.bytes = 131072
	socket.connection.setup.timeout.max.ms = 30000
	socket.connection.setup.timeout.ms = 10000
	ssl.cipher.suites = null
	ssl.enabled.protocols = [TLSv1.2, TLSv1.3]
	ssl.endpoint.identification.algorithm = https
	ssl.engine.factory.class = null
	ssl.key.password = null
	ssl.keymanager.algorithm = SunX509
	ssl.keystore.certificate.chain = null
	ssl.keystore.key = null
	ssl.keystore.location = null
	ssl.keystore.password = null
	ssl.keystore.type = JKS
	ssl.protocol = TLSv1.3
	ssl.provider = null
	ssl.secure.random.implementation = null
	ssl.trustmanager.algorithm = PKIX
	ssl.truststore.certificates = null
	ssl.truststore.location = null
	ssl.truststore.password = null
	ssl.truststore.type = JKS

INFO  o.a.k.c.admin.AdminClientConfig AdminClientConfig values: 
	bootstrap.servers = [localhost:9092]
	client.dns.lookup = use_all_dns_ips
	client.id = 
	connections.max.idle.ms = 300000
	default.api.timeout.ms = 60000
	metadata.max.age.ms = 300000
	metric.reporters = []
	metrics.num.samples = 2
	metrics.recording.level = INFO
	metrics.sample.window.ms = 30000
	receive.buffer.bytes = 65536
	reconnect.backoff.max.ms = 1000
	reconnect.backoff.ms = 50
	request.timeout.ms = 30000
	retries = 2147483647
	retry.backoff.ms = 100
	sasl.client.callback.handler.class = null
	sasl.jaas.config = null
	sasl.kerberos.kinit.cmd = /usr/bin/kinit
	sasl.kerberos.min.time.before.relogin = 60000
	sasl.kerberos.service.name = null
	sasl.kerberos.ticket.renew.jitter = 0.05
	sasl.kerberos.ticket.renew.window.factor = 0.8
	sasl.login.callback.handler.class = null
	sasl.login.class = null
	sasl.login.connect.timeout.ms = null
	sasl.login.read.timeout.ms = null
	sasl.login.refresh.buffer.seconds = 300
	sasl.login.refresh.min.period.seconds = 60
	sasl.login.refresh.window.factor = 0.8
	sasl.login.refresh.window.jitter = 0.05
	sasl.login.retry.backoff.max.ms = 10000
	sasl.login.retry.backoff.ms = 100
	sasl.mechanism = GSSAPI
	sasl.oauthbearer.clock.skew.seconds = 30
	sasl.oauthbearer.expected.audience = null
	sasl.oauthbearer.expected.issuer = null
	sasl.oauthbearer.jwks.endpoint.refresh.ms = 3600000
	sasl.oauthbearer.jwks.endpoint.retry.backoff.max.ms = 10000
	sasl.oauthbearer.jwks.endpoint.retry.backoff.ms = 100
	sasl.oauthbearer.jwks.endpoint.url = null
	sasl.oauthbearer.scope.claim.name = scope
	sasl.oauthbearer.sub.claim.name = sub
	sasl.oauthbearer.token.endpoint.url = null
	security.protocol = PLAINTEXT
	security.providers = null
	send.buffer.bytes = 131072
	socket.connection.setup.timeout.max.ms = 30000
	socket.connection.setup.timeout.ms = 10000
	ssl.cipher.suites = null
	ssl.enabled.protocols = [TLSv1.2, TLSv1.3]
	ssl.endpoint.identification.algorithm = https
	ssl.engine.factory.class = null
	ssl.key.password = null
	ssl.keymanager.algorithm = SunX509
	ssl.keystore.certificate.chain = null
	ssl.keystore.key = null
	ssl.keystore.location = null
	ssl.keystore.password = null
	ssl.keystore.type = JKS
	ssl.protocol = TLSv1.3
	ssl.provider = null
	ssl.secure.random.implementation = null
	ssl.trustmanager.algorithm = PKIX
	ssl.truststore.certificates = null
	ssl.truststore.location = null
	ssl.truststore.password = null
	ssl.truststore.type = JKS

INFO  integrationTests.ServiceTests Started ServiceTests in 0.241 seconds (JVM running for 6.233)
INFO  o.a.k.common.utils.AppInfoParser Kafka version: 3.1.2
INFO  o.a.k.common.utils.AppInfoParser Kafka commitId: f8c67dc3ae0a3265
INFO  o.a.k.common.utils.AppInfoParser Kafka startTimeMs: 1716667329113
INFO  o.a.k.common.utils.AppInfoParser Kafka version: 3.1.2
INFO  o.a.k.common.utils.AppInfoParser Kafka commitId: f8c67dc3ae0a3265
INFO  o.a.k.common.utils.AppInfoParser Kafka startTimeMs: 1716667329113
INFO  s.kafka.KafkaRequestResponseClient Created topic f48f7e8a0d744b4dbd486175977fcd6d-7f4beeb0caee45c1b46d9c9327ca8157-responses
INFO  s.kafka.KafkaRequestResponseClient Created topic f48f7e8a0d744b4dbd486175977fcd6d-trading-engine-requests-writes
INFO  o.a.k.common.utils.AppInfoParser App info kafka.admin.client for adminclient-14 unregistered
INFO  o.a.kafka.common.metrics.Metrics Metrics scheduler closed
INFO  o.a.kafka.common.metrics.Metrics Closing reporter org.apache.kafka.common.metrics.JmxReporter
INFO  o.a.kafka.common.metrics.Metrics Metrics reporters closed
INFO  o.a.k.c.consumer.ConsumerConfig ConsumerConfig values: 
	allow.auto.create.topics = true
	auto.commit.interval.ms = 5000
	auto.offset.reset = earliest
	bootstrap.servers = [localhost:9092]
	check.crcs = true
	client.dns.lookup = use_all_dns_ips
	client.id = 44a77f53bc104fbd8b44e6565baabfa4
	client.rack = 
	connections.max.idle.ms = 540000
	default.api.timeout.ms = 60000
	enable.auto.commit = false
	exclude.internal.topics = true
	fetch.max.bytes = 52428800
	fetch.max.wait.ms = 500
	fetch.min.bytes = 1
	group.id = f48f7e8a0d744b4dbd486175977fcd6ddefault
	group.instance.id = null
	heartbeat.interval.ms = 3000
	interceptor.classes = []
	internal.leave.group.on.close = true
	internal.throw.on.fetch.stable.offset.unsupported = false
	isolation.level = read_uncommitted
	key.deserializer = class org.apache.kafka.common.serialization.StringDeserializer
	max.partition.fetch.bytes = 1048576
	max.poll.interval.ms = 300000
	max.poll.records = 500
	metadata.max.age.ms = 300000
	metric.reporters = []
	metrics.num.samples = 2
	metrics.recording.level = INFO
	metrics.sample.window.ms = 30000
	partition.assignment.strategy = [class org.apache.kafka.clients.consumer.RangeAssignor, class org.apache.kafka.clients.consumer.CooperativeStickyAssignor]
	receive.buffer.bytes = 65536
	reconnect.backoff.max.ms = 1000
	reconnect.backoff.ms = 50
	request.timeout.ms = 30000
	retry.backoff.ms = 100
	sasl.client.callback.handler.class = null
	sasl.jaas.config = null
	sasl.kerberos.kinit.cmd = /usr/bin/kinit
	sasl.kerberos.min.time.before.relogin = 60000
	sasl.kerberos.service.name = null
	sasl.kerberos.ticket.renew.jitter = 0.05
	sasl.kerberos.ticket.renew.window.factor = 0.8
	sasl.login.callback.handler.class = null
	sasl.login.class = null
	sasl.login.connect.timeout.ms = null
	sasl.login.read.timeout.ms = null
	sasl.login.refresh.buffer.seconds = 300
	sasl.login.refresh.min.period.seconds = 60
	sasl.login.refresh.window.factor = 0.8
	sasl.login.refresh.window.jitter = 0.05
	sasl.login.retry.backoff.max.ms = 10000
	sasl.login.retry.backoff.ms = 100
	sasl.mechanism = GSSAPI
	sasl.oauthbearer.clock.skew.seconds = 30
	sasl.oauthbearer.expected.audience = null
	sasl.oauthbearer.expected.issuer = null
	sasl.oauthbearer.jwks.endpoint.refresh.ms = 3600000
	sasl.oauthbearer.jwks.endpoint.retry.backoff.max.ms = 10000
	sasl.oauthbearer.jwks.endpoint.retry.backoff.ms = 100
	sasl.oauthbearer.jwks.endpoint.url = null
	sasl.oauthbearer.scope.claim.name = scope
	sasl.oauthbearer.sub.claim.name = sub
	sasl.oauthbearer.token.endpoint.url = null
	security.protocol = PLAINTEXT
	security.providers = null
	send.buffer.bytes = 131072
	session.timeout.ms = 45000
	socket.connection.setup.timeout.max.ms = 30000
	socket.connection.setup.timeout.ms = 10000
	ssl.cipher.suites = null
	ssl.enabled.protocols = [TLSv1.2, TLSv1.3]
	ssl.endpoint.identification.algorithm = https
	ssl.engine.factory.class = null
	ssl.key.password = null
	ssl.keymanager.algorithm = SunX509
	ssl.keystore.certificate.chain = null
	ssl.keystore.key = null
	ssl.keystore.location = null
	ssl.keystore.password = null
	ssl.keystore.type = JKS
	ssl.protocol = TLSv1.3
	ssl.provider = null
	ssl.secure.random.implementation = null
	ssl.trustmanager.algorithm = PKIX
	ssl.truststore.certificates = null
	ssl.truststore.location = null
	ssl.truststore.password = null
	ssl.truststore.type = JKS
	value.deserializer = class org.springframework.kafka.support.serializer.JsonDeserializer

INFO  o.a.k.common.utils.AppInfoParser Kafka version: 3.1.2
INFO  o.a.k.common.utils.AppInfoParser Kafka commitId: f8c67dc3ae0a3265
INFO  o.a.k.common.utils.AppInfoParser Kafka startTimeMs: 1716667329139
INFO  o.a.k.c.consumer.KafkaConsumer [Consumer clientId=44a77f53bc104fbd8b44e6565baabfa4, groupId=f48f7e8a0d744b4dbd486175977fcd6ddefault] Subscribed to partition(s): f48f7e8a0d744b4dbd486175977fcd6d-7f4beeb0caee45c1b46d9c9327ca8157-responses-0
INFO  o.a.k.c.consumer.KafkaConsumer [Consumer clientId=44a77f53bc104fbd8b44e6565baabfa4, groupId=f48f7e8a0d744b4dbd486175977fcd6ddefault] Seeking to offset 0 for partition f48f7e8a0d744b4dbd486175977fcd6d-7f4beeb0caee45c1b46d9c9327ca8157-responses-0
INFO  org.apache.kafka.clients.Metadata [Producer clientId=7157fa9800954de7a751e75aee291793] Resetting the last seen epoch of partition f48f7e8a0d744b4dbd486175977fcd6d-trading-engine-requests-writes-0 to 0 since the associated topicId changed from null to T8rwS-bFTC6zG1AH71LsEA
INFO  org.apache.kafka.clients.Metadata [Consumer clientId=44a77f53bc104fbd8b44e6565baabfa4, groupId=f48f7e8a0d744b4dbd486175977fcd6ddefault] Resetting the last seen epoch of partition f48f7e8a0d744b4dbd486175977fcd6d-7f4beeb0caee45c1b46d9c9327ca8157-responses-0 to 0 since the associated topicId changed from null to Vf_ElwNSR-aW0Ui1mpnC2A
INFO  org.apache.kafka.clients.Metadata [Consumer clientId=44a77f53bc104fbd8b44e6565baabfa4, groupId=f48f7e8a0d744b4dbd486175977fcd6ddefault] Cluster ID: vYZdA2sdT-SraCOH9C0BQQ
INFO  s.kafka.KafkaRequestResponseClient Created topic f48f7e8a0d744b4dbd486175977fcd6d-trading-engine-requests-reads
INFO  s.kafka.KafkaRequestResponseClient Created topic f48f7e8a0d744b4dbd486175977fcd6d-market-data
INFO  o.a.k.common.utils.AppInfoParser App info kafka.admin.client for adminclient-13 unregistered
INFO  o.a.kafka.common.metrics.Metrics Metrics scheduler closed
INFO  o.a.kafka.common.metrics.Metrics Closing reporter org.apache.kafka.common.metrics.JmxReporter
INFO  o.a.kafka.common.metrics.Metrics Metrics reporters closed
INFO  t.s.TradingEngineStreamingService Running trading engine service; starting at offset '0'
INFO  o.a.k.c.consumer.ConsumerConfig ConsumerConfig values: 
	allow.auto.create.topics = true
	auto.commit.interval.ms = 5000
	auto.offset.reset = earliest
	bootstrap.servers = [localhost:9092]
	check.crcs = true
	client.dns.lookup = use_all_dns_ips
	client.id = 3e5abb927e2a47458c08fd2908b5188b
	client.rack = 
	connections.max.idle.ms = 540000
	default.api.timeout.ms = 60000
	enable.auto.commit = false
	exclude.internal.topics = true
	fetch.max.bytes = 52428800
	fetch.max.wait.ms = 500
	fetch.min.bytes = 1
	group.id = f48f7e8a0d744b4dbd486175977fcd6ddefault
	group.instance.id = null
	heartbeat.interval.ms = 3000
	interceptor.classes = []
	internal.leave.group.on.close = true
	internal.throw.on.fetch.stable.offset.unsupported = false
	isolation.level = read_uncommitted
	key.deserializer = class org.apache.kafka.common.serialization.StringDeserializer
	max.partition.fetch.bytes = 1048576
	max.poll.interval.ms = 300000
	max.poll.records = 500
	metadata.max.age.ms = 300000
	metric.reporters = []
	metrics.num.samples = 2
	metrics.recording.level = INFO
	metrics.sample.window.ms = 30000
	partition.assignment.strategy = [class org.apache.kafka.clients.consumer.RangeAssignor, class org.apache.kafka.clients.consumer.CooperativeStickyAssignor]
	receive.buffer.bytes = 65536
	reconnect.backoff.max.ms = 1000
	reconnect.backoff.ms = 50
	request.timeout.ms = 30000
	retry.backoff.ms = 100
	sasl.client.callback.handler.class = null
	sasl.jaas.config = null
	sasl.kerberos.kinit.cmd = /usr/bin/kinit
	sasl.kerberos.min.time.before.relogin = 60000
	sasl.kerberos.service.name = null
	sasl.kerberos.ticket.renew.jitter = 0.05
	sasl.kerberos.ticket.renew.window.factor = 0.8
	sasl.login.callback.handler.class = null
	sasl.login.class = null
	sasl.login.connect.timeout.ms = null
	sasl.login.read.timeout.ms = null
	sasl.login.refresh.buffer.seconds = 300
	sasl.login.refresh.min.period.seconds = 60
	sasl.login.refresh.window.factor = 0.8
	sasl.login.refresh.window.jitter = 0.05
	sasl.login.retry.backoff.max.ms = 10000
	sasl.login.retry.backoff.ms = 100
	sasl.mechanism = GSSAPI
	sasl.oauthbearer.clock.skew.seconds = 30
	sasl.oauthbearer.expected.audience = null
	sasl.oauthbearer.expected.issuer = null
	sasl.oauthbearer.jwks.endpoint.refresh.ms = 3600000
	sasl.oauthbearer.jwks.endpoint.retry.backoff.max.ms = 10000
	sasl.oauthbearer.jwks.endpoint.retry.backoff.ms = 100
	sasl.oauthbearer.jwks.endpoint.url = null
	sasl.oauthbearer.scope.claim.name = scope
	sasl.oauthbearer.sub.claim.name = sub
	sasl.oauthbearer.token.endpoint.url = null
	security.protocol = PLAINTEXT
	security.providers = null
	send.buffer.bytes = 131072
	session.timeout.ms = 45000
	socket.connection.setup.timeout.max.ms = 30000
	socket.connection.setup.timeout.ms = 10000
	ssl.cipher.suites = null
	ssl.enabled.protocols = [TLSv1.2, TLSv1.3]
	ssl.endpoint.identification.algorithm = https
	ssl.engine.factory.class = null
	ssl.key.password = null
	ssl.keymanager.algorithm = SunX509
	ssl.keystore.certificate.chain = null
	ssl.keystore.key = null
	ssl.keystore.location = null
	ssl.keystore.password = null
	ssl.keystore.type = JKS
	ssl.protocol = TLSv1.3
	ssl.provider = null
	ssl.secure.random.implementation = null
	ssl.trustmanager.algorithm = PKIX
	ssl.truststore.certificates = null
	ssl.truststore.location = null
	ssl.truststore.password = null
	ssl.truststore.type = JKS
	value.deserializer = class org.springframework.kafka.support.serializer.JsonDeserializer

INFO  o.a.k.common.utils.AppInfoParser Kafka version: 3.1.2
INFO  o.a.k.common.utils.AppInfoParser Kafka commitId: f8c67dc3ae0a3265
INFO  o.a.k.common.utils.AppInfoParser Kafka startTimeMs: 1716667329171
INFO  o.a.k.c.consumer.KafkaConsumer [Consumer clientId=3e5abb927e2a47458c08fd2908b5188b, groupId=f48f7e8a0d744b4dbd486175977fcd6ddefault] Subscribed to partition(s): f48f7e8a0d744b4dbd486175977fcd6d-trading-engine-requests-writes-0, f48f7e8a0d744b4dbd486175977fcd6d-trading-engine-requests-reads-0
INFO  o.a.k.c.consumer.KafkaConsumer [Consumer clientId=3e5abb927e2a47458c08fd2908b5188b, groupId=f48f7e8a0d744b4dbd486175977fcd6ddefault] Seeking to offset 0 for partition f48f7e8a0d744b4dbd486175977fcd6d-trading-engine-requests-writes-0
INFO  org.apache.kafka.clients.Metadata [Consumer clientId=3e5abb927e2a47458c08fd2908b5188b, groupId=f48f7e8a0d744b4dbd486175977fcd6ddefault] Resetting the last seen epoch of partition f48f7e8a0d744b4dbd486175977fcd6d-trading-engine-requests-reads-0 to 0 since the associated topicId changed from null to wMUXoVGcTTavfsdTe5mh8w
INFO  org.apache.kafka.clients.Metadata [Consumer clientId=3e5abb927e2a47458c08fd2908b5188b, groupId=f48f7e8a0d744b4dbd486175977fcd6ddefault] Resetting the last seen epoch of partition f48f7e8a0d744b4dbd486175977fcd6d-trading-engine-requests-writes-0 to 0 since the associated topicId changed from null to T8rwS-bFTC6zG1AH71LsEA
INFO  org.apache.kafka.clients.Metadata [Consumer clientId=3e5abb927e2a47458c08fd2908b5188b, groupId=f48f7e8a0d744b4dbd486175977fcd6ddefault] Cluster ID: vYZdA2sdT-SraCOH9C0BQQ
INFO  o.a.k.c.c.i.ConsumerCoordinator [Consumer clientId=3e5abb927e2a47458c08fd2908b5188b, groupId=f48f7e8a0d744b4dbd486175977fcd6ddefault] Discovered group coordinator localhost:9092 (id: 2147483646 rack: null)
INFO  o.a.k.c.c.i.ConsumerCoordinator [Consumer clientId=3e5abb927e2a47458c08fd2908b5188b, groupId=f48f7e8a0d744b4dbd486175977fcd6ddefault] Found no committed offset for partition f48f7e8a0d744b4dbd486175977fcd6d-trading-engine-requests-reads-0
INFO  o.a.k.c.c.i.SubscriptionState [Consumer clientId=3e5abb927e2a47458c08fd2908b5188b, groupId=f48f7e8a0d744b4dbd486175977fcd6ddefault] Resetting offset for partition f48f7e8a0d744b4dbd486175977fcd6d-trading-engine-requests-reads-0 to position FetchPosition{offset=0, offsetEpoch=Optional.empty, currentLeader=LeaderAndEpoch{leader=Optional[localhost:9092 (id: 1 rack: null)], epoch=0}}.
INFO  t.s.TradingEngineStreamingService Processing 'AdjustBalance' request
INFO  org.apache.kafka.clients.Metadata [Producer clientId=7157fa9800954de7a751e75aee291793] Resetting the last seen epoch of partition f48f7e8a0d744b4dbd486175977fcd6d-7f4beeb0caee45c1b46d9c9327ca8157-responses-0 to 0 since the associated topicId changed from null to Vf_ElwNSR-aW0Ui1mpnC2A
INFO  t.s.TradingEngineStreamingService Processing 'LimitOrder' request
INFO  org.apache.kafka.clients.Metadata [Producer clientId=7157fa9800954de7a751e75aee291793] Resetting the last seen epoch of partition f48f7e8a0d744b4dbd486175977fcd6d-market-data-0 to 0 since the associated topicId changed from null to SCEIeefES9e-YrHiPEEyKg
INFO  o.a.k.c.producer.KafkaProducer [Producer clientId=7157fa9800954de7a751e75aee291793] Closing the Kafka producer with timeoutMillis = 9223372036854775807 ms.
INFO  o.a.kafka.common.metrics.Metrics Metrics scheduler closed
INFO  o.a.kafka.common.metrics.Metrics Closing reporter org.apache.kafka.common.metrics.JmxReporter
INFO  o.a.kafka.common.metrics.Metrics Metrics reporters closed
INFO  o.a.k.common.utils.AppInfoParser App info kafka.producer for 7157fa9800954de7a751e75aee291793 unregistered
INFO  o.a.k.c.producer.KafkaProducer [Producer clientId=7157fa9800954de7a751e75aee291793] Closing the Kafka producer with timeoutMillis = 9223372036854775807 ms.
INFO  o.a.kafka.common.metrics.Metrics Metrics scheduler closed
INFO  o.a.kafka.common.metrics.Metrics Closing reporter org.apache.kafka.common.metrics.JmxReporter
INFO  o.a.kafka.common.metrics.Metrics Metrics reporters closed
INFO  o.a.k.common.utils.AppInfoParser App info kafka.producer for 7157fa9800954de7a751e75aee291793 unregistered
INFO  o.a.k.c.producer.KafkaProducer [Producer clientId=7157fa9800954de7a751e75aee291793] Closing the Kafka producer with timeoutMillis = 9223372036854775807 ms.
INFO  o.a.kafka.common.metrics.Metrics Metrics scheduler closed
INFO  o.a.kafka.common.metrics.Metrics Closing reporter org.apache.kafka.common.metrics.JmxReporter
INFO  o.a.kafka.common.metrics.Metrics Metrics reporters closed
INFO  o.a.k.common.utils.AppInfoParser App info kafka.producer for 7157fa9800954de7a751e75aee291793 unregistered

  .   ____          _            __ _ _
 /\\ / ___'_ __ _ _(_)_ __  __ _ \ \ \ \
( ( )\___ | '_ | '_| | '_ \/ _` | \ \ \ \
 \\/  ___)| |_)| | | | | || (_| |  ) ) ) )
  '  |____| .__|_| |_|_| |_\__, | / / / /
 =========|_|==============|___/=/_/_/_/
 :: Spring Boot ::                (v2.7.5)

INFO  integrationTests.ServiceTests Starting ServiceTests using Java 17.0.8.1 on RyansMacStudio with PID 14697 (started by ryanossandon in /Users/ryanossandon/Code/ROTE/tradingEngineService)
INFO  integrationTests.ServiceTests No active profile set, falling back to 1 default profile: "default"
INFO  o.s.c.context.scope.GenericScope BeanFactory id=0c3dc5dc-1afe-377a-a787-7f7c807539d4
INFO  o.a.k.c.producer.ProducerConfig ProducerConfig values: 
	acks = -1
	batch.size = 16384
	bootstrap.servers = [localhost:9092]
	buffer.memory = 33554432
	client.dns.lookup = use_all_dns_ips
	client.id = d80c0e1f68fc48d7842b30b72caa0fbd
	compression.type = none
	connections.max.idle.ms = 540000
	delivery.timeout.ms = 120000
	enable.idempotence = true
	interceptor.classes = []
	key.serializer = class org.apache.kafka.common.serialization.StringSerializer
	linger.ms = 0
	max.block.ms = 60000
	max.in.flight.requests.per.connection = 5
	max.request.size = 1048576
	metadata.max.age.ms = 300000
	metadata.max.idle.ms = 300000
	metric.reporters = []
	metrics.num.samples = 2
	metrics.recording.level = INFO
	metrics.sample.window.ms = 30000
	partitioner.class = class org.apache.kafka.clients.producer.internals.DefaultPartitioner
	receive.buffer.bytes = 32768
	reconnect.backoff.max.ms = 1000
	reconnect.backoff.ms = 50
	request.timeout.ms = 30000
	retries = 2147483647
	retry.backoff.ms = 100
	sasl.client.callback.handler.class = null
	sasl.jaas.config = null
	sasl.kerberos.kinit.cmd = /usr/bin/kinit
	sasl.kerberos.min.time.before.relogin = 60000
	sasl.kerberos.service.name = null
	sasl.kerberos.ticket.renew.jitter = 0.05
	sasl.kerberos.ticket.renew.window.factor = 0.8
	sasl.login.callback.handler.class = null
	sasl.login.class = null
	sasl.login.connect.timeout.ms = null
	sasl.login.read.timeout.ms = null
	sasl.login.refresh.buffer.seconds = 300
	sasl.login.refresh.min.period.seconds = 60
	sasl.login.refresh.window.factor = 0.8
	sasl.login.refresh.window.jitter = 0.05
	sasl.login.retry.backoff.max.ms = 10000
	sasl.login.retry.backoff.ms = 100
	sasl.mechanism = GSSAPI
	sasl.oauthbearer.clock.skew.seconds = 30
	sasl.oauthbearer.expected.audience = null
	sasl.oauthbearer.expected.issuer = null
	sasl.oauthbearer.jwks.endpoint.refresh.ms = 3600000
	sasl.oauthbearer.jwks.endpoint.retry.backoff.max.ms = 10000
	sasl.oauthbearer.jwks.endpoint.retry.backoff.ms = 100
	sasl.oauthbearer.jwks.endpoint.url = null
	sasl.oauthbearer.scope.claim.name = scope
	sasl.oauthbearer.sub.claim.name = sub
	sasl.oauthbearer.token.endpoint.url = null
	security.protocol = PLAINTEXT
	security.providers = null
	send.buffer.bytes = 131072
	socket.connection.setup.timeout.max.ms = 30000
	socket.connection.setup.timeout.ms = 10000
	ssl.cipher.suites = null
	ssl.enabled.protocols = [TLSv1.2, TLSv1.3]
	ssl.endpoint.identification.algorithm = https
	ssl.engine.factory.class = null
	ssl.key.password = null
	ssl.keymanager.algorithm = SunX509
	ssl.keystore.certificate.chain = null
	ssl.keystore.key = null
	ssl.keystore.location = null
	ssl.keystore.password = null
	ssl.keystore.type = JKS
	ssl.protocol = TLSv1.3
	ssl.provider = null
	ssl.secure.random.implementation = null
	ssl.trustmanager.algorithm = PKIX
	ssl.truststore.certificates = null
	ssl.truststore.location = null
	ssl.truststore.password = null
	ssl.truststore.type = JKS
	transaction.timeout.ms = 60000
	transactional.id = null
	value.serializer = class org.springframework.kafka.support.serializer.JsonSerializer

INFO  o.a.k.c.producer.KafkaProducer [Producer clientId=d80c0e1f68fc48d7842b30b72caa0fbd] Instantiated an idempotent producer.
INFO  o.a.k.common.utils.AppInfoParser Kafka version: 3.1.2
INFO  o.a.k.common.utils.AppInfoParser Kafka commitId: f8c67dc3ae0a3265
INFO  o.a.k.common.utils.AppInfoParser Kafka startTimeMs: 1716667329264
INFO  org.apache.kafka.clients.Metadata [Producer clientId=d80c0e1f68fc48d7842b30b72caa0fbd] Cluster ID: vYZdA2sdT-SraCOH9C0BQQ
INFO  o.a.k.c.p.i.TransactionManager [Producer clientId=d80c0e1f68fc48d7842b30b72caa0fbd] ProducerId set to 7 with epoch 0
INFO  o.a.k.c.c.i.ConsumerCoordinator [Consumer clientId=828e9378292b4e14a664f166ecce34d5, groupId=cde29e6c543b4d9c9ea9957dabef865adefault] Resetting generation due to: consumer pro-actively leaving the group
INFO  o.a.k.c.c.i.ConsumerCoordinator [Consumer clientId=828e9378292b4e14a664f166ecce34d5, groupId=cde29e6c543b4d9c9ea9957dabef865adefault] Request joining group due to: consumer pro-actively leaving the group
INFO  o.a.kafka.common.metrics.Metrics Metrics scheduler closed
INFO  o.a.kafka.common.metrics.Metrics Closing reporter org.apache.kafka.common.metrics.JmxReporter
INFO  o.a.kafka.common.metrics.Metrics Metrics reporters closed
INFO  o.a.k.common.utils.AppInfoParser App info kafka.consumer for 828e9378292b4e14a664f166ecce34d5 unregistered
INFO  t.s.TradingEngineStreamingService Stopped trading engine service
INFO  o.a.k.c.c.i.ConsumerCoordinator [Consumer clientId=73fa360be9bd4ed7a7c52476abdba310, groupId=cde29e6c543b4d9c9ea9957dabef865adefault] Resetting generation due to: consumer pro-actively leaving the group
INFO  o.a.k.c.c.i.ConsumerCoordinator [Consumer clientId=73fa360be9bd4ed7a7c52476abdba310, groupId=cde29e6c543b4d9c9ea9957dabef865adefault] Request joining group due to: consumer pro-actively leaving the group
INFO  o.a.kafka.common.metrics.Metrics Metrics scheduler closed
INFO  o.a.kafka.common.metrics.Metrics Closing reporter org.apache.kafka.common.metrics.JmxReporter
INFO  o.a.kafka.common.metrics.Metrics Metrics reporters closed
INFO  o.a.k.common.utils.AppInfoParser App info kafka.consumer for 73fa360be9bd4ed7a7c52476abdba310 unregistered
WARN  o.s.b.a.s.s.UserDetailsServiceAutoConfiguration 

Using generated security password: 2bed0dae-42db-4114-9a7d-2472062a6676

This generated password is for development use only. Your security configuration must be updated before running your application in production.

INFO  o.s.s.w.DefaultSecurityFilterChain Will secure any request with [org.springframework.security.web.session.DisableEncodeUrlFilter@63fcbf75, org.springframework.security.web.context.request.async.WebAsyncManagerIntegrationFilter@663d59ed, org.springframework.security.web.context.SecurityContextPersistenceFilter@3a7e13c0, org.springframework.security.web.header.HeaderWriterFilter@4d992634, org.springframework.security.web.csrf.CsrfFilter@2c3762c7, org.springframework.security.web.authentication.logout.LogoutFilter@665fb1d8, org.springframework.security.web.authentication.UsernamePasswordAuthenticationFilter@50aa482f, org.springframework.security.web.authentication.ui.DefaultLoginPageGeneratingFilter@3b6d94fc, org.springframework.security.web.authentication.ui.DefaultLogoutPageGeneratingFilter@64d49e35, org.springframework.security.web.authentication.www.BasicAuthenticationFilter@2835574b, org.springframework.security.web.savedrequest.RequestCacheAwareFilter@5188c0f2, org.springframework.security.web.servletapi.SecurityContextHolderAwareRequestFilter@5524e471, org.springframework.security.web.authentication.AnonymousAuthenticationFilter@665902eb, org.springframework.security.web.session.SessionManagementFilter@2d487df4, org.springframework.security.web.access.ExceptionTranslationFilter@6cd0f9a4, org.springframework.security.web.access.intercept.FilterSecurityInterceptor@1272f6d9]
INFO  o.a.k.c.admin.AdminClientConfig AdminClientConfig values: 
	bootstrap.servers = [localhost:9092]
	client.dns.lookup = use_all_dns_ips
	client.id = 
	connections.max.idle.ms = 300000
	default.api.timeout.ms = 60000
	metadata.max.age.ms = 300000
	metric.reporters = []
	metrics.num.samples = 2
	metrics.recording.level = INFO
	metrics.sample.window.ms = 30000
	receive.buffer.bytes = 65536
	reconnect.backoff.max.ms = 1000
	reconnect.backoff.ms = 50
	request.timeout.ms = 30000
	retries = 2147483647
	retry.backoff.ms = 100
	sasl.client.callback.handler.class = null
	sasl.jaas.config = null
	sasl.kerberos.kinit.cmd = /usr/bin/kinit
	sasl.kerberos.min.time.before.relogin = 60000
	sasl.kerberos.service.name = null
	sasl.kerberos.ticket.renew.jitter = 0.05
	sasl.kerberos.ticket.renew.window.factor = 0.8
	sasl.login.callback.handler.class = null
	sasl.login.class = null
	sasl.login.connect.timeout.ms = null
	sasl.login.read.timeout.ms = null
	sasl.login.refresh.buffer.seconds = 300
	sasl.login.refresh.min.period.seconds = 60
	sasl.login.refresh.window.factor = 0.8
	sasl.login.refresh.window.jitter = 0.05
	sasl.login.retry.backoff.max.ms = 10000
	sasl.login.retry.backoff.ms = 100
	sasl.mechanism = GSSAPI
	sasl.oauthbearer.clock.skew.seconds = 30
	sasl.oauthbearer.expected.audience = null
	sasl.oauthbearer.expected.issuer = null
	sasl.oauthbearer.jwks.endpoint.refresh.ms = 3600000
	sasl.oauthbearer.jwks.endpoint.retry.backoff.max.ms = 10000
	sasl.oauthbearer.jwks.endpoint.retry.backoff.ms = 100
	sasl.oauthbearer.jwks.endpoint.url = null
	sasl.oauthbearer.scope.claim.name = scope
	sasl.oauthbearer.sub.claim.name = sub
	sasl.oauthbearer.token.endpoint.url = null
	security.protocol = PLAINTEXT
	security.providers = null
	send.buffer.bytes = 131072
	socket.connection.setup.timeout.max.ms = 30000
	socket.connection.setup.timeout.ms = 10000
	ssl.cipher.suites = null
	ssl.enabled.protocols = [TLSv1.2, TLSv1.3]
	ssl.endpoint.identification.algorithm = https
	ssl.engine.factory.class = null
	ssl.key.password = null
	ssl.keymanager.algorithm = SunX509
	ssl.keystore.certificate.chain = null
	ssl.keystore.key = null
	ssl.keystore.location = null
	ssl.keystore.password = null
	ssl.keystore.type = JKS
	ssl.protocol = TLSv1.3
	ssl.provider = null
	ssl.secure.random.implementation = null
	ssl.trustmanager.algorithm = PKIX
	ssl.truststore.certificates = null
	ssl.truststore.location = null
	ssl.truststore.password = null
	ssl.truststore.type = JKS

INFO  o.a.k.c.admin.AdminClientConfig AdminClientConfig values: 
	bootstrap.servers = [localhost:9092]
	client.dns.lookup = use_all_dns_ips
	client.id = 
	connections.max.idle.ms = 300000
	default.api.timeout.ms = 60000
	metadata.max.age.ms = 300000
	metric.reporters = []
	metrics.num.samples = 2
	metrics.recording.level = INFO
	metrics.sample.window.ms = 30000
	receive.buffer.bytes = 65536
	reconnect.backoff.max.ms = 1000
	reconnect.backoff.ms = 50
	request.timeout.ms = 30000
	retries = 2147483647
	retry.backoff.ms = 100
	sasl.client.callback.handler.class = null
	sasl.jaas.config = null
	sasl.kerberos.kinit.cmd = /usr/bin/kinit
	sasl.kerberos.min.time.before.relogin = 60000
	sasl.kerberos.service.name = null
	sasl.kerberos.ticket.renew.jitter = 0.05
	sasl.kerberos.ticket.renew.window.factor = 0.8
	sasl.login.callback.handler.class = null
	sasl.login.class = null
	sasl.login.connect.timeout.ms = null
	sasl.login.read.timeout.ms = null
	sasl.login.refresh.buffer.seconds = 300
	sasl.login.refresh.min.period.seconds = 60
	sasl.login.refresh.window.factor = 0.8
	sasl.login.refresh.window.jitter = 0.05
	sasl.login.retry.backoff.max.ms = 10000
	sasl.login.retry.backoff.ms = 100
	sasl.mechanism = GSSAPI
	sasl.oauthbearer.clock.skew.seconds = 30
	sasl.oauthbearer.expected.audience = null
	sasl.oauthbearer.expected.issuer = null
	sasl.oauthbearer.jwks.endpoint.refresh.ms = 3600000
	sasl.oauthbearer.jwks.endpoint.retry.backoff.max.ms = 10000
	sasl.oauthbearer.jwks.endpoint.retry.backoff.ms = 100
	sasl.oauthbearer.jwks.endpoint.url = null
	sasl.oauthbearer.scope.claim.name = scope
	sasl.oauthbearer.sub.claim.name = sub
	sasl.oauthbearer.token.endpoint.url = null
	security.protocol = PLAINTEXT
	security.providers = null
	send.buffer.bytes = 131072
	socket.connection.setup.timeout.max.ms = 30000
	socket.connection.setup.timeout.ms = 10000
	ssl.cipher.suites = null
	ssl.enabled.protocols = [TLSv1.2, TLSv1.3]
	ssl.endpoint.identification.algorithm = https
	ssl.engine.factory.class = null
	ssl.key.password = null
	ssl.keymanager.algorithm = SunX509
	ssl.keystore.certificate.chain = null
	ssl.keystore.key = null
	ssl.keystore.location = null
	ssl.keystore.password = null
	ssl.keystore.type = JKS
	ssl.protocol = TLSv1.3
	ssl.provider = null
	ssl.secure.random.implementation = null
	ssl.trustmanager.algorithm = PKIX
	ssl.truststore.certificates = null
	ssl.truststore.location = null
	ssl.truststore.password = null
	ssl.truststore.type = JKS

INFO  integrationTests.ServiceTests Started ServiceTests in 0.17 seconds (JVM running for 6.495)
INFO  o.a.k.common.utils.AppInfoParser Kafka version: 3.1.2
INFO  o.a.k.common.utils.AppInfoParser Kafka commitId: f8c67dc3ae0a3265
INFO  o.a.k.common.utils.AppInfoParser Kafka startTimeMs: 1716667329374
INFO  o.a.k.common.utils.AppInfoParser Kafka version: 3.1.2
INFO  o.a.k.common.utils.AppInfoParser Kafka commitId: f8c67dc3ae0a3265
INFO  o.a.k.common.utils.AppInfoParser Kafka startTimeMs: 1716667329374
INFO  s.kafka.KafkaRequestResponseClient Created topic 77c6130c3e374c23a0ed7d6a383cdf69-trading-engine-requests-writes
INFO  s.kafka.KafkaRequestResponseClient Created topic 77c6130c3e374c23a0ed7d6a383cdf69-c59a8df129264cad9b195825852d40e5-responses
INFO  o.a.k.common.utils.AppInfoParser App info kafka.admin.client for adminclient-16 unregistered
INFO  o.a.kafka.common.metrics.Metrics Metrics scheduler closed
INFO  o.a.kafka.common.metrics.Metrics Closing reporter org.apache.kafka.common.metrics.JmxReporter
INFO  o.a.kafka.common.metrics.Metrics Metrics reporters closed
INFO  o.a.k.c.consumer.ConsumerConfig ConsumerConfig values: 
	allow.auto.create.topics = true
	auto.commit.interval.ms = 5000
	auto.offset.reset = earliest
	bootstrap.servers = [localhost:9092]
	check.crcs = true
	client.dns.lookup = use_all_dns_ips
	client.id = cc109c3b023149f0b917ac0297bde14b
	client.rack = 
	connections.max.idle.ms = 540000
	default.api.timeout.ms = 60000
	enable.auto.commit = false
	exclude.internal.topics = true
	fetch.max.bytes = 52428800
	fetch.max.wait.ms = 500
	fetch.min.bytes = 1
	group.id = 77c6130c3e374c23a0ed7d6a383cdf69default
	group.instance.id = null
	heartbeat.interval.ms = 3000
	interceptor.classes = []
	internal.leave.group.on.close = true
	internal.throw.on.fetch.stable.offset.unsupported = false
	isolation.level = read_uncommitted
	key.deserializer = class org.apache.kafka.common.serialization.StringDeserializer
	max.partition.fetch.bytes = 1048576
	max.poll.interval.ms = 300000
	max.poll.records = 500
	metadata.max.age.ms = 300000
	metric.reporters = []
	metrics.num.samples = 2
	metrics.recording.level = INFO
	metrics.sample.window.ms = 30000
	partition.assignment.strategy = [class org.apache.kafka.clients.consumer.RangeAssignor, class org.apache.kafka.clients.consumer.CooperativeStickyAssignor]
	receive.buffer.bytes = 65536
	reconnect.backoff.max.ms = 1000
	reconnect.backoff.ms = 50
	request.timeout.ms = 30000
	retry.backoff.ms = 100
	sasl.client.callback.handler.class = null
	sasl.jaas.config = null
	sasl.kerberos.kinit.cmd = /usr/bin/kinit
	sasl.kerberos.min.time.before.relogin = 60000
	sasl.kerberos.service.name = null
	sasl.kerberos.ticket.renew.jitter = 0.05
	sasl.kerberos.ticket.renew.window.factor = 0.8
	sasl.login.callback.handler.class = null
	sasl.login.class = null
	sasl.login.connect.timeout.ms = null
	sasl.login.read.timeout.ms = null
	sasl.login.refresh.buffer.seconds = 300
	sasl.login.refresh.min.period.seconds = 60
	sasl.login.refresh.window.factor = 0.8
	sasl.login.refresh.window.jitter = 0.05
	sasl.login.retry.backoff.max.ms = 10000
	sasl.login.retry.backoff.ms = 100
	sasl.mechanism = GSSAPI
	sasl.oauthbearer.clock.skew.seconds = 30
	sasl.oauthbearer.expected.audience = null
	sasl.oauthbearer.expected.issuer = null
	sasl.oauthbearer.jwks.endpoint.refresh.ms = 3600000
	sasl.oauthbearer.jwks.endpoint.retry.backoff.max.ms = 10000
	sasl.oauthbearer.jwks.endpoint.retry.backoff.ms = 100
	sasl.oauthbearer.jwks.endpoint.url = null
	sasl.oauthbearer.scope.claim.name = scope
	sasl.oauthbearer.sub.claim.name = sub
	sasl.oauthbearer.token.endpoint.url = null
	security.protocol = PLAINTEXT
	security.providers = null
	send.buffer.bytes = 131072
	session.timeout.ms = 45000
	socket.connection.setup.timeout.max.ms = 30000
	socket.connection.setup.timeout.ms = 10000
	ssl.cipher.suites = null
	ssl.enabled.protocols = [TLSv1.2, TLSv1.3]
	ssl.endpoint.identification.algorithm = https
	ssl.engine.factory.class = null
	ssl.key.password = null
	ssl.keymanager.algorithm = SunX509
	ssl.keystore.certificate.chain = null
	ssl.keystore.key = null
	ssl.keystore.location = null
	ssl.keystore.password = null
	ssl.keystore.type = JKS
	ssl.protocol = TLSv1.3
	ssl.provider = null
	ssl.secure.random.implementation = null
	ssl.trustmanager.algorithm = PKIX
	ssl.truststore.certificates = null
	ssl.truststore.location = null
	ssl.truststore.password = null
	ssl.truststore.type = JKS
	value.deserializer = class org.springframework.kafka.support.serializer.JsonDeserializer

INFO  o.a.k.common.utils.AppInfoParser Kafka version: 3.1.2
INFO  o.a.k.common.utils.AppInfoParser Kafka commitId: f8c67dc3ae0a3265
INFO  o.a.k.common.utils.AppInfoParser Kafka startTimeMs: 1716667329399
INFO  o.a.k.c.consumer.KafkaConsumer [Consumer clientId=cc109c3b023149f0b917ac0297bde14b, groupId=77c6130c3e374c23a0ed7d6a383cdf69default] Subscribed to partition(s): 77c6130c3e374c23a0ed7d6a383cdf69-c59a8df129264cad9b195825852d40e5-responses-0
INFO  o.a.k.c.consumer.KafkaConsumer [Consumer clientId=cc109c3b023149f0b917ac0297bde14b, groupId=77c6130c3e374c23a0ed7d6a383cdf69default] Seeking to offset 0 for partition 77c6130c3e374c23a0ed7d6a383cdf69-c59a8df129264cad9b195825852d40e5-responses-0
INFO  org.apache.kafka.clients.Metadata [Producer clientId=d80c0e1f68fc48d7842b30b72caa0fbd] Resetting the last seen epoch of partition 77c6130c3e374c23a0ed7d6a383cdf69-trading-engine-requests-writes-0 to 0 since the associated topicId changed from null to QYh4MMedQN6mPBm5Js1IRw
INFO  org.apache.kafka.clients.Metadata [Consumer clientId=cc109c3b023149f0b917ac0297bde14b, groupId=77c6130c3e374c23a0ed7d6a383cdf69default] Resetting the last seen epoch of partition 77c6130c3e374c23a0ed7d6a383cdf69-c59a8df129264cad9b195825852d40e5-responses-0 to 0 since the associated topicId changed from null to OyLi5sbXTV6Kahyl_mjGgQ
INFO  org.apache.kafka.clients.Metadata [Consumer clientId=cc109c3b023149f0b917ac0297bde14b, groupId=77c6130c3e374c23a0ed7d6a383cdf69default] Cluster ID: vYZdA2sdT-SraCOH9C0BQQ
INFO  s.kafka.KafkaRequestResponseClient Created topic 77c6130c3e374c23a0ed7d6a383cdf69-trading-engine-requests-reads
INFO  s.kafka.KafkaRequestResponseClient Created topic 77c6130c3e374c23a0ed7d6a383cdf69-market-data
INFO  o.a.k.common.utils.AppInfoParser App info kafka.admin.client for adminclient-15 unregistered
INFO  o.a.kafka.common.metrics.Metrics Metrics scheduler closed
INFO  o.a.kafka.common.metrics.Metrics Closing reporter org.apache.kafka.common.metrics.JmxReporter
INFO  o.a.kafka.common.metrics.Metrics Metrics reporters closed
INFO  t.s.TradingEngineStreamingService Running trading engine service; starting at offset '0'
INFO  o.a.k.c.consumer.ConsumerConfig ConsumerConfig values: 
	allow.auto.create.topics = true
	auto.commit.interval.ms = 5000
	auto.offset.reset = earliest
	bootstrap.servers = [localhost:9092]
	check.crcs = true
	client.dns.lookup = use_all_dns_ips
	client.id = d90fdbe5cd854c6c86801b8b9247db82
	client.rack = 
	connections.max.idle.ms = 540000
	default.api.timeout.ms = 60000
	enable.auto.commit = false
	exclude.internal.topics = true
	fetch.max.bytes = 52428800
	fetch.max.wait.ms = 500
	fetch.min.bytes = 1
	group.id = 77c6130c3e374c23a0ed7d6a383cdf69default
	group.instance.id = null
	heartbeat.interval.ms = 3000
	interceptor.classes = []
	internal.leave.group.on.close = true
	internal.throw.on.fetch.stable.offset.unsupported = false
	isolation.level = read_uncommitted
	key.deserializer = class org.apache.kafka.common.serialization.StringDeserializer
	max.partition.fetch.bytes = 1048576
	max.poll.interval.ms = 300000
	max.poll.records = 500
	metadata.max.age.ms = 300000
	metric.reporters = []
	metrics.num.samples = 2
	metrics.recording.level = INFO
	metrics.sample.window.ms = 30000
	partition.assignment.strategy = [class org.apache.kafka.clients.consumer.RangeAssignor, class org.apache.kafka.clients.consumer.CooperativeStickyAssignor]
	receive.buffer.bytes = 65536
	reconnect.backoff.max.ms = 1000
	reconnect.backoff.ms = 50
	request.timeout.ms = 30000
	retry.backoff.ms = 100
	sasl.client.callback.handler.class = null
	sasl.jaas.config = null
	sasl.kerberos.kinit.cmd = /usr/bin/kinit
	sasl.kerberos.min.time.before.relogin = 60000
	sasl.kerberos.service.name = null
	sasl.kerberos.ticket.renew.jitter = 0.05
	sasl.kerberos.ticket.renew.window.factor = 0.8
	sasl.login.callback.handler.class = null
	sasl.login.class = null
	sasl.login.connect.timeout.ms = null
	sasl.login.read.timeout.ms = null
	sasl.login.refresh.buffer.seconds = 300
	sasl.login.refresh.min.period.seconds = 60
	sasl.login.refresh.window.factor = 0.8
	sasl.login.refresh.window.jitter = 0.05
	sasl.login.retry.backoff.max.ms = 10000
	sasl.login.retry.backoff.ms = 100
	sasl.mechanism = GSSAPI
	sasl.oauthbearer.clock.skew.seconds = 30
	sasl.oauthbearer.expected.audience = null
	sasl.oauthbearer.expected.issuer = null
	sasl.oauthbearer.jwks.endpoint.refresh.ms = 3600000
	sasl.oauthbearer.jwks.endpoint.retry.backoff.max.ms = 10000
	sasl.oauthbearer.jwks.endpoint.retry.backoff.ms = 100
	sasl.oauthbearer.jwks.endpoint.url = null
	sasl.oauthbearer.scope.claim.name = scope
	sasl.oauthbearer.sub.claim.name = sub
	sasl.oauthbearer.token.endpoint.url = null
	security.protocol = PLAINTEXT
	security.providers = null
	send.buffer.bytes = 131072
	session.timeout.ms = 45000
	socket.connection.setup.timeout.max.ms = 30000
	socket.connection.setup.timeout.ms = 10000
	ssl.cipher.suites = null
	ssl.enabled.protocols = [TLSv1.2, TLSv1.3]
	ssl.endpoint.identification.algorithm = https
	ssl.engine.factory.class = null
	ssl.key.password = null
	ssl.keymanager.algorithm = SunX509
	ssl.keystore.certificate.chain = null
	ssl.keystore.key = null
	ssl.keystore.location = null
	ssl.keystore.password = null
	ssl.keystore.type = JKS
	ssl.protocol = TLSv1.3
	ssl.provider = null
	ssl.secure.random.implementation = null
	ssl.trustmanager.algorithm = PKIX
	ssl.truststore.certificates = null
	ssl.truststore.location = null
	ssl.truststore.password = null
	ssl.truststore.type = JKS
	value.deserializer = class org.springframework.kafka.support.serializer.JsonDeserializer

INFO  o.a.k.common.utils.AppInfoParser Kafka version: 3.1.2
INFO  o.a.k.common.utils.AppInfoParser Kafka commitId: f8c67dc3ae0a3265
INFO  o.a.k.common.utils.AppInfoParser Kafka startTimeMs: 1716667329427
INFO  o.a.k.c.consumer.KafkaConsumer [Consumer clientId=d90fdbe5cd854c6c86801b8b9247db82, groupId=77c6130c3e374c23a0ed7d6a383cdf69default] Subscribed to partition(s): 77c6130c3e374c23a0ed7d6a383cdf69-trading-engine-requests-writes-0, 77c6130c3e374c23a0ed7d6a383cdf69-trading-engine-requests-reads-0
INFO  o.a.k.c.consumer.KafkaConsumer [Consumer clientId=d90fdbe5cd854c6c86801b8b9247db82, groupId=77c6130c3e374c23a0ed7d6a383cdf69default] Seeking to offset 0 for partition 77c6130c3e374c23a0ed7d6a383cdf69-trading-engine-requests-writes-0
INFO  org.apache.kafka.clients.Metadata [Consumer clientId=d90fdbe5cd854c6c86801b8b9247db82, groupId=77c6130c3e374c23a0ed7d6a383cdf69default] Resetting the last seen epoch of partition 77c6130c3e374c23a0ed7d6a383cdf69-trading-engine-requests-writes-0 to 0 since the associated topicId changed from null to QYh4MMedQN6mPBm5Js1IRw
INFO  org.apache.kafka.clients.Metadata [Consumer clientId=d90fdbe5cd854c6c86801b8b9247db82, groupId=77c6130c3e374c23a0ed7d6a383cdf69default] Resetting the last seen epoch of partition 77c6130c3e374c23a0ed7d6a383cdf69-trading-engine-requests-reads-0 to 0 since the associated topicId changed from null to g8u-nKL0REyjRYjD3jQwOA
INFO  org.apache.kafka.clients.Metadata [Consumer clientId=d90fdbe5cd854c6c86801b8b9247db82, groupId=77c6130c3e374c23a0ed7d6a383cdf69default] Cluster ID: vYZdA2sdT-SraCOH9C0BQQ
INFO  o.a.k.c.c.i.ConsumerCoordinator [Consumer clientId=d90fdbe5cd854c6c86801b8b9247db82, groupId=77c6130c3e374c23a0ed7d6a383cdf69default] Discovered group coordinator localhost:9092 (id: 2147483646 rack: null)
INFO  o.a.k.c.c.i.ConsumerCoordinator [Consumer clientId=d90fdbe5cd854c6c86801b8b9247db82, groupId=77c6130c3e374c23a0ed7d6a383cdf69default] Found no committed offset for partition 77c6130c3e374c23a0ed7d6a383cdf69-trading-engine-requests-reads-0
INFO  o.a.k.c.c.i.SubscriptionState [Consumer clientId=d90fdbe5cd854c6c86801b8b9247db82, groupId=77c6130c3e374c23a0ed7d6a383cdf69default] Resetting offset for partition 77c6130c3e374c23a0ed7d6a383cdf69-trading-engine-requests-reads-0 to position FetchPosition{offset=0, offsetEpoch=Optional.empty, currentLeader=LeaderAndEpoch{leader=Optional[localhost:9092 (id: 1 rack: null)], epoch=0}}.
INFO  t.s.TradingEngineStreamingService Processing 'Error' request
ERROR t.s.TradingEngineStreamingService Failed to process request
java.lang.Exception: ping
	at tradingEngineService.service.TradingEngineStreamingService.handleErrorRequest(TradingEngineStreamingService.java:193)
	at tradingEngineService.service.TradingEngineStreamingService.handleKafkaRecord(TradingEngineStreamingService.java:128)
	at shared.kafka.RoteKafkaConsumer.consumePartitions(RoteKafkaConsumer.java:52)
	at tradingEngineService.service.TradingEngineStreamingService.run(TradingEngineStreamingService.java:91)
	at java.base/java.lang.Thread.run(Thread.java:833)
INFO  org.apache.kafka.clients.Metadata [Producer clientId=d80c0e1f68fc48d7842b30b72caa0fbd] Resetting the last seen epoch of partition 77c6130c3e374c23a0ed7d6a383cdf69-c59a8df129264cad9b195825852d40e5-responses-0 to 0 since the associated topicId changed from null to OyLi5sbXTV6Kahyl_mjGgQ
INFO  o.a.k.c.producer.KafkaProducer [Producer clientId=d80c0e1f68fc48d7842b30b72caa0fbd] Closing the Kafka producer with timeoutMillis = 9223372036854775807 ms.
INFO  o.a.kafka.common.metrics.Metrics Metrics scheduler closed
INFO  o.a.kafka.common.metrics.Metrics Closing reporter org.apache.kafka.common.metrics.JmxReporter
INFO  o.a.kafka.common.metrics.Metrics Metrics reporters closed
INFO  o.a.k.common.utils.AppInfoParser App info kafka.producer for d80c0e1f68fc48d7842b30b72caa0fbd unregistered
INFO  o.a.k.c.producer.KafkaProducer [Producer clientId=d80c0e1f68fc48d7842b30b72caa0fbd] Closing the Kafka producer with timeoutMillis = 9223372036854775807 ms.
INFO  o.a.kafka.common.metrics.Metrics Metrics scheduler closed
INFO  o.a.kafka.common.metrics.Metrics Closing reporter org.apache.kafka.common.metrics.JmxReporter
INFO  o.a.kafka.common.metrics.Metrics Metrics reporters closed
INFO  o.a.k.common.utils.AppInfoParser App info kafka.producer for d80c0e1f68fc48d7842b30b72caa0fbd unregistered
INFO  o.a.k.c.producer.KafkaProducer [Producer clientId=d80c0e1f68fc48d7842b30b72caa0fbd] Closing the Kafka producer with timeoutMillis = 9223372036854775807 ms.
INFO  o.a.kafka.common.metrics.Metrics Metrics scheduler closed
INFO  o.a.kafka.common.metrics.Metrics Closing reporter org.apache.kafka.common.metrics.JmxReporter
INFO  o.a.kafka.common.metrics.Metrics Metrics reporters closed
INFO  o.a.k.common.utils.AppInfoParser App info kafka.producer for d80c0e1f68fc48d7842b30b72caa0fbd unregistered

  .   ____          _            __ _ _
 /\\ / ___'_ __ _ _(_)_ __  __ _ \ \ \ \
( ( )\___ | '_ | '_| | '_ \/ _` | \ \ \ \
 \\/  ___)| |_)| | | | | || (_| |  ) ) ) )
  '  |____| .__|_| |_|_| |_\__, | / / / /
 =========|_|==============|___/=/_/_/_/
 :: Spring Boot ::                (v2.7.5)

INFO  integrationTests.ServiceTests Starting ServiceTests using Java 17.0.8.1 on RyansMacStudio with PID 14697 (started by ryanossandon in /Users/ryanossandon/Code/ROTE/tradingEngineService)
INFO  integrationTests.ServiceTests No active profile set, falling back to 1 default profile: "default"
INFO  o.s.c.context.scope.GenericScope BeanFactory id=0c3dc5dc-1afe-377a-a787-7f7c807539d4
INFO  o.a.k.c.producer.ProducerConfig ProducerConfig values: 
	acks = -1
	batch.size = 16384
	bootstrap.servers = [localhost:9092]
	buffer.memory = 33554432
	client.dns.lookup = use_all_dns_ips
	client.id = d141bdbc522b43fa926d54d606db11bf
	compression.type = none
	connections.max.idle.ms = 540000
	delivery.timeout.ms = 120000
	enable.idempotence = true
	interceptor.classes = []
	key.serializer = class org.apache.kafka.common.serialization.StringSerializer
	linger.ms = 0
	max.block.ms = 60000
	max.in.flight.requests.per.connection = 5
	max.request.size = 1048576
	metadata.max.age.ms = 300000
	metadata.max.idle.ms = 300000
	metric.reporters = []
	metrics.num.samples = 2
	metrics.recording.level = INFO
	metrics.sample.window.ms = 30000
	partitioner.class = class org.apache.kafka.clients.producer.internals.DefaultPartitioner
	receive.buffer.bytes = 32768
	reconnect.backoff.max.ms = 1000
	reconnect.backoff.ms = 50
	request.timeout.ms = 30000
	retries = 2147483647
	retry.backoff.ms = 100
	sasl.client.callback.handler.class = null
	sasl.jaas.config = null
	sasl.kerberos.kinit.cmd = /usr/bin/kinit
	sasl.kerberos.min.time.before.relogin = 60000
	sasl.kerberos.service.name = null
	sasl.kerberos.ticket.renew.jitter = 0.05
	sasl.kerberos.ticket.renew.window.factor = 0.8
	sasl.login.callback.handler.class = null
	sasl.login.class = null
	sasl.login.connect.timeout.ms = null
	sasl.login.read.timeout.ms = null
	sasl.login.refresh.buffer.seconds = 300
	sasl.login.refresh.min.period.seconds = 60
	sasl.login.refresh.window.factor = 0.8
	sasl.login.refresh.window.jitter = 0.05
	sasl.login.retry.backoff.max.ms = 10000
	sasl.login.retry.backoff.ms = 100
	sasl.mechanism = GSSAPI
	sasl.oauthbearer.clock.skew.seconds = 30
	sasl.oauthbearer.expected.audience = null
	sasl.oauthbearer.expected.issuer = null
	sasl.oauthbearer.jwks.endpoint.refresh.ms = 3600000
	sasl.oauthbearer.jwks.endpoint.retry.backoff.max.ms = 10000
	sasl.oauthbearer.jwks.endpoint.retry.backoff.ms = 100
	sasl.oauthbearer.jwks.endpoint.url = null
	sasl.oauthbearer.scope.claim.name = scope
	sasl.oauthbearer.sub.claim.name = sub
	sasl.oauthbearer.token.endpoint.url = null
	security.protocol = PLAINTEXT
	security.providers = null
	send.buffer.bytes = 131072
	socket.connection.setup.timeout.max.ms = 30000
	socket.connection.setup.timeout.ms = 10000
	ssl.cipher.suites = null
	ssl.enabled.protocols = [TLSv1.2, TLSv1.3]
	ssl.endpoint.identification.algorithm = https
	ssl.engine.factory.class = null
	ssl.key.password = null
	ssl.keymanager.algorithm = SunX509
	ssl.keystore.certificate.chain = null
	ssl.keystore.key = null
	ssl.keystore.location = null
	ssl.keystore.password = null
	ssl.keystore.type = JKS
	ssl.protocol = TLSv1.3
	ssl.provider = null
	ssl.secure.random.implementation = null
	ssl.trustmanager.algorithm = PKIX
	ssl.truststore.certificates = null
	ssl.truststore.location = null
	ssl.truststore.password = null
	ssl.truststore.type = JKS
	transaction.timeout.ms = 60000
	transactional.id = null
	value.serializer = class org.springframework.kafka.support.serializer.JsonSerializer

INFO  o.a.k.c.producer.KafkaProducer [Producer clientId=d141bdbc522b43fa926d54d606db11bf] Instantiated an idempotent producer.
INFO  o.a.k.common.utils.AppInfoParser Kafka version: 3.1.2
INFO  o.a.k.common.utils.AppInfoParser Kafka commitId: f8c67dc3ae0a3265
INFO  o.a.k.common.utils.AppInfoParser Kafka startTimeMs: 1716667329509
INFO  org.apache.kafka.clients.Metadata [Producer clientId=d141bdbc522b43fa926d54d606db11bf] Cluster ID: vYZdA2sdT-SraCOH9C0BQQ
INFO  o.a.k.c.p.i.TransactionManager [Producer clientId=d141bdbc522b43fa926d54d606db11bf] ProducerId set to 8 with epoch 0
INFO  o.a.k.c.c.i.ConsumerCoordinator [Consumer clientId=94931979f67f47dab88f32922acb56a0, groupId=3680a543c3f543d08249f26290cdb923default] Resetting generation due to: consumer pro-actively leaving the group
INFO  o.a.k.c.c.i.ConsumerCoordinator [Consumer clientId=94931979f67f47dab88f32922acb56a0, groupId=3680a543c3f543d08249f26290cdb923default] Request joining group due to: consumer pro-actively leaving the group
INFO  o.a.kafka.common.metrics.Metrics Metrics scheduler closed
INFO  o.a.kafka.common.metrics.Metrics Closing reporter org.apache.kafka.common.metrics.JmxReporter
INFO  o.a.kafka.common.metrics.Metrics Metrics reporters closed
INFO  o.a.k.common.utils.AppInfoParser App info kafka.consumer for 94931979f67f47dab88f32922acb56a0 unregistered
INFO  t.s.TradingEngineStreamingService Stopped trading engine service
INFO  o.a.k.c.c.i.ConsumerCoordinator [Consumer clientId=67181a3f958645acb602d18bb50da16e, groupId=3680a543c3f543d08249f26290cdb923default] Resetting generation due to: consumer pro-actively leaving the group
INFO  o.a.k.c.c.i.ConsumerCoordinator [Consumer clientId=67181a3f958645acb602d18bb50da16e, groupId=3680a543c3f543d08249f26290cdb923default] Request joining group due to: consumer pro-actively leaving the group
INFO  o.a.kafka.common.metrics.Metrics Metrics scheduler closed
INFO  o.a.kafka.common.metrics.Metrics Closing reporter org.apache.kafka.common.metrics.JmxReporter
INFO  o.a.kafka.common.metrics.Metrics Metrics reporters closed
INFO  o.a.k.common.utils.AppInfoParser App info kafka.consumer for 67181a3f958645acb602d18bb50da16e unregistered
WARN  o.s.b.a.s.s.UserDetailsServiceAutoConfiguration 

Using generated security password: b8015061-7181-4c41-b3ad-ed010f8e46af

This generated password is for development use only. Your security configuration must be updated before running your application in production.

INFO  o.s.s.w.DefaultSecurityFilterChain Will secure any request with [org.springframework.security.web.session.DisableEncodeUrlFilter@50fbb66a, org.springframework.security.web.context.request.async.WebAsyncManagerIntegrationFilter@12bb0322, org.springframework.security.web.context.SecurityContextPersistenceFilter@6eec564c, org.springframework.security.web.header.HeaderWriterFilter@55a4a0ab, org.springframework.security.web.csrf.CsrfFilter@3d707885, org.springframework.security.web.authentication.logout.LogoutFilter@11b5b1f2, org.springframework.security.web.authentication.UsernamePasswordAuthenticationFilter@6987a0f3, org.springframework.security.web.authentication.ui.DefaultLoginPageGeneratingFilter@58477355, org.springframework.security.web.authentication.ui.DefaultLogoutPageGeneratingFilter@466fb9be, org.springframework.security.web.authentication.www.BasicAuthenticationFilter@1e5e0e75, org.springframework.security.web.savedrequest.RequestCacheAwareFilter@4dd11699, org.springframework.security.web.servletapi.SecurityContextHolderAwareRequestFilter@3d805670, org.springframework.security.web.authentication.AnonymousAuthenticationFilter@282c3aa0, org.springframework.security.web.session.SessionManagementFilter@5066a895, org.springframework.security.web.access.ExceptionTranslationFilter@3c41b4b, org.springframework.security.web.access.intercept.FilterSecurityInterceptor@d69fd7a]
INFO  o.a.k.c.admin.AdminClientConfig AdminClientConfig values: 
	bootstrap.servers = [localhost:9092]
	client.dns.lookup = use_all_dns_ips
	client.id = 
	connections.max.idle.ms = 300000
	default.api.timeout.ms = 60000
	metadata.max.age.ms = 300000
	metric.reporters = []
	metrics.num.samples = 2
	metrics.recording.level = INFO
	metrics.sample.window.ms = 30000
	receive.buffer.bytes = 65536
	reconnect.backoff.max.ms = 1000
	reconnect.backoff.ms = 50
	request.timeout.ms = 30000
	retries = 2147483647
	retry.backoff.ms = 100
	sasl.client.callback.handler.class = null
	sasl.jaas.config = null
	sasl.kerberos.kinit.cmd = /usr/bin/kinit
	sasl.kerberos.min.time.before.relogin = 60000
	sasl.kerberos.service.name = null
	sasl.kerberos.ticket.renew.jitter = 0.05
	sasl.kerberos.ticket.renew.window.factor = 0.8
	sasl.login.callback.handler.class = null
	sasl.login.class = null
	sasl.login.connect.timeout.ms = null
	sasl.login.read.timeout.ms = null
	sasl.login.refresh.buffer.seconds = 300
	sasl.login.refresh.min.period.seconds = 60
	sasl.login.refresh.window.factor = 0.8
	sasl.login.refresh.window.jitter = 0.05
	sasl.login.retry.backoff.max.ms = 10000
	sasl.login.retry.backoff.ms = 100
	sasl.mechanism = GSSAPI
	sasl.oauthbearer.clock.skew.seconds = 30
	sasl.oauthbearer.expected.audience = null
	sasl.oauthbearer.expected.issuer = null
	sasl.oauthbearer.jwks.endpoint.refresh.ms = 3600000
	sasl.oauthbearer.jwks.endpoint.retry.backoff.max.ms = 10000
	sasl.oauthbearer.jwks.endpoint.retry.backoff.ms = 100
	sasl.oauthbearer.jwks.endpoint.url = null
	sasl.oauthbearer.scope.claim.name = scope
	sasl.oauthbearer.sub.claim.name = sub
	sasl.oauthbearer.token.endpoint.url = null
	security.protocol = PLAINTEXT
	security.providers = null
	send.buffer.bytes = 131072
	socket.connection.setup.timeout.max.ms = 30000
	socket.connection.setup.timeout.ms = 10000
	ssl.cipher.suites = null
	ssl.enabled.protocols = [TLSv1.2, TLSv1.3]
	ssl.endpoint.identification.algorithm = https
	ssl.engine.factory.class = null
	ssl.key.password = null
	ssl.keymanager.algorithm = SunX509
	ssl.keystore.certificate.chain = null
	ssl.keystore.key = null
	ssl.keystore.location = null
	ssl.keystore.password = null
	ssl.keystore.type = JKS
	ssl.protocol = TLSv1.3
	ssl.provider = null
	ssl.secure.random.implementation = null
	ssl.trustmanager.algorithm = PKIX
	ssl.truststore.certificates = null
	ssl.truststore.location = null
	ssl.truststore.password = null
	ssl.truststore.type = JKS

INFO  o.a.k.c.admin.AdminClientConfig AdminClientConfig values: 
	bootstrap.servers = [localhost:9092]
	client.dns.lookup = use_all_dns_ips
	client.id = 
	connections.max.idle.ms = 300000
	default.api.timeout.ms = 60000
	metadata.max.age.ms = 300000
	metric.reporters = []
	metrics.num.samples = 2
	metrics.recording.level = INFO
	metrics.sample.window.ms = 30000
	receive.buffer.bytes = 65536
	reconnect.backoff.max.ms = 1000
	reconnect.backoff.ms = 50
	request.timeout.ms = 30000
	retries = 2147483647
	retry.backoff.ms = 100
	sasl.client.callback.handler.class = null
	sasl.jaas.config = null
	sasl.kerberos.kinit.cmd = /usr/bin/kinit
	sasl.kerberos.min.time.before.relogin = 60000
	sasl.kerberos.service.name = null
	sasl.kerberos.ticket.renew.jitter = 0.05
	sasl.kerberos.ticket.renew.window.factor = 0.8
	sasl.login.callback.handler.class = null
	sasl.login.class = null
	sasl.login.connect.timeout.ms = null
	sasl.login.read.timeout.ms = null
	sasl.login.refresh.buffer.seconds = 300
	sasl.login.refresh.min.period.seconds = 60
	sasl.login.refresh.window.factor = 0.8
	sasl.login.refresh.window.jitter = 0.05
	sasl.login.retry.backoff.max.ms = 10000
	sasl.login.retry.backoff.ms = 100
	sasl.mechanism = GSSAPI
	sasl.oauthbearer.clock.skew.seconds = 30
	sasl.oauthbearer.expected.audience = null
	sasl.oauthbearer.expected.issuer = null
	sasl.oauthbearer.jwks.endpoint.refresh.ms = 3600000
	sasl.oauthbearer.jwks.endpoint.retry.backoff.max.ms = 10000
	sasl.oauthbearer.jwks.endpoint.retry.backoff.ms = 100
	sasl.oauthbearer.jwks.endpoint.url = null
	sasl.oauthbearer.scope.claim.name = scope
	sasl.oauthbearer.sub.claim.name = sub
	sasl.oauthbearer.token.endpoint.url = null
	security.protocol = PLAINTEXT
	security.providers = null
	send.buffer.bytes = 131072
	socket.connection.setup.timeout.max.ms = 30000
	socket.connection.setup.timeout.ms = 10000
	ssl.cipher.suites = null
	ssl.enabled.protocols = [TLSv1.2, TLSv1.3]
	ssl.endpoint.identification.algorithm = https
	ssl.engine.factory.class = null
	ssl.key.password = null
	ssl.keymanager.algorithm = SunX509
	ssl.keystore.certificate.chain = null
	ssl.keystore.key = null
	ssl.keystore.location = null
	ssl.keystore.password = null
	ssl.keystore.type = JKS
	ssl.protocol = TLSv1.3
	ssl.provider = null
	ssl.secure.random.implementation = null
	ssl.trustmanager.algorithm = PKIX
	ssl.truststore.certificates = null
	ssl.truststore.location = null
	ssl.truststore.password = null
	ssl.truststore.type = JKS

INFO  integrationTests.ServiceTests Started ServiceTests in 0.165 seconds (JVM running for 6.739)
INFO  o.a.k.common.utils.AppInfoParser Kafka version: 3.1.2
INFO  o.a.k.common.utils.AppInfoParser Kafka commitId: f8c67dc3ae0a3265
INFO  o.a.k.common.utils.AppInfoParser Kafka startTimeMs: 1716667329618
INFO  o.a.k.common.utils.AppInfoParser Kafka version: 3.1.2
INFO  o.a.k.common.utils.AppInfoParser Kafka commitId: f8c67dc3ae0a3265
INFO  o.a.k.common.utils.AppInfoParser Kafka startTimeMs: 1716667329618
INFO  s.kafka.KafkaRequestResponseClient Created topic 5b6a4c742a5c476188be885b93740bf9-trading-engine-requests-writes
INFO  s.kafka.KafkaRequestResponseClient Created topic 5b6a4c742a5c476188be885b93740bf9-ea104fc4a9fc47dc826e069bc3110755-responses
INFO  o.a.k.common.utils.AppInfoParser App info kafka.admin.client for adminclient-18 unregistered
INFO  o.a.kafka.common.metrics.Metrics Metrics scheduler closed
INFO  o.a.kafka.common.metrics.Metrics Closing reporter org.apache.kafka.common.metrics.JmxReporter
INFO  o.a.kafka.common.metrics.Metrics Metrics reporters closed
INFO  o.a.k.c.consumer.ConsumerConfig ConsumerConfig values: 
	allow.auto.create.topics = true
	auto.commit.interval.ms = 5000
	auto.offset.reset = earliest
	bootstrap.servers = [localhost:9092]
	check.crcs = true
	client.dns.lookup = use_all_dns_ips
	client.id = 679d36eac343491fabe3529ae508da12
	client.rack = 
	connections.max.idle.ms = 540000
	default.api.timeout.ms = 60000
	enable.auto.commit = false
	exclude.internal.topics = true
	fetch.max.bytes = 52428800
	fetch.max.wait.ms = 500
	fetch.min.bytes = 1
	group.id = 5b6a4c742a5c476188be885b93740bf9default
	group.instance.id = null
	heartbeat.interval.ms = 3000
	interceptor.classes = []
	internal.leave.group.on.close = true
	internal.throw.on.fetch.stable.offset.unsupported = false
	isolation.level = read_uncommitted
	key.deserializer = class org.apache.kafka.common.serialization.StringDeserializer
	max.partition.fetch.bytes = 1048576
	max.poll.interval.ms = 300000
	max.poll.records = 500
	metadata.max.age.ms = 300000
	metric.reporters = []
	metrics.num.samples = 2
	metrics.recording.level = INFO
	metrics.sample.window.ms = 30000
	partition.assignment.strategy = [class org.apache.kafka.clients.consumer.RangeAssignor, class org.apache.kafka.clients.consumer.CooperativeStickyAssignor]
	receive.buffer.bytes = 65536
	reconnect.backoff.max.ms = 1000
	reconnect.backoff.ms = 50
	request.timeout.ms = 30000
	retry.backoff.ms = 100
	sasl.client.callback.handler.class = null
	sasl.jaas.config = null
	sasl.kerberos.kinit.cmd = /usr/bin/kinit
	sasl.kerberos.min.time.before.relogin = 60000
	sasl.kerberos.service.name = null
	sasl.kerberos.ticket.renew.jitter = 0.05
	sasl.kerberos.ticket.renew.window.factor = 0.8
	sasl.login.callback.handler.class = null
	sasl.login.class = null
	sasl.login.connect.timeout.ms = null
	sasl.login.read.timeout.ms = null
	sasl.login.refresh.buffer.seconds = 300
	sasl.login.refresh.min.period.seconds = 60
	sasl.login.refresh.window.factor = 0.8
	sasl.login.refresh.window.jitter = 0.05
	sasl.login.retry.backoff.max.ms = 10000
	sasl.login.retry.backoff.ms = 100
	sasl.mechanism = GSSAPI
	sasl.oauthbearer.clock.skew.seconds = 30
	sasl.oauthbearer.expected.audience = null
	sasl.oauthbearer.expected.issuer = null
	sasl.oauthbearer.jwks.endpoint.refresh.ms = 3600000
	sasl.oauthbearer.jwks.endpoint.retry.backoff.max.ms = 10000
	sasl.oauthbearer.jwks.endpoint.retry.backoff.ms = 100
	sasl.oauthbearer.jwks.endpoint.url = null
	sasl.oauthbearer.scope.claim.name = scope
	sasl.oauthbearer.sub.claim.name = sub
	sasl.oauthbearer.token.endpoint.url = null
	security.protocol = PLAINTEXT
	security.providers = null
	send.buffer.bytes = 131072
	session.timeout.ms = 45000
	socket.connection.setup.timeout.max.ms = 30000
	socket.connection.setup.timeout.ms = 10000
	ssl.cipher.suites = null
	ssl.enabled.protocols = [TLSv1.2, TLSv1.3]
	ssl.endpoint.identification.algorithm = https
	ssl.engine.factory.class = null
	ssl.key.password = null
	ssl.keymanager.algorithm = SunX509
	ssl.keystore.certificate.chain = null
	ssl.keystore.key = null
	ssl.keystore.location = null
	ssl.keystore.password = null
	ssl.keystore.type = JKS
	ssl.protocol = TLSv1.3
	ssl.provider = null
	ssl.secure.random.implementation = null
	ssl.trustmanager.algorithm = PKIX
	ssl.truststore.certificates = null
	ssl.truststore.location = null
	ssl.truststore.password = null
	ssl.truststore.type = JKS
	value.deserializer = class org.springframework.kafka.support.serializer.JsonDeserializer

INFO  o.a.k.common.utils.AppInfoParser Kafka version: 3.1.2
INFO  o.a.k.common.utils.AppInfoParser Kafka commitId: f8c67dc3ae0a3265
INFO  o.a.k.common.utils.AppInfoParser Kafka startTimeMs: 1716667329642
INFO  o.a.k.c.consumer.KafkaConsumer [Consumer clientId=679d36eac343491fabe3529ae508da12, groupId=5b6a4c742a5c476188be885b93740bf9default] Subscribed to partition(s): 5b6a4c742a5c476188be885b93740bf9-ea104fc4a9fc47dc826e069bc3110755-responses-0
INFO  o.a.k.c.consumer.KafkaConsumer [Consumer clientId=679d36eac343491fabe3529ae508da12, groupId=5b6a4c742a5c476188be885b93740bf9default] Seeking to offset 0 for partition 5b6a4c742a5c476188be885b93740bf9-ea104fc4a9fc47dc826e069bc3110755-responses-0
INFO  org.apache.kafka.clients.Metadata [Producer clientId=d141bdbc522b43fa926d54d606db11bf] Resetting the last seen epoch of partition 5b6a4c742a5c476188be885b93740bf9-trading-engine-requests-writes-0 to 0 since the associated topicId changed from null to b-nz_zVqRHaJYuTAjsJ9ag
INFO  org.apache.kafka.clients.Metadata [Consumer clientId=679d36eac343491fabe3529ae508da12, groupId=5b6a4c742a5c476188be885b93740bf9default] Resetting the last seen epoch of partition 5b6a4c742a5c476188be885b93740bf9-ea104fc4a9fc47dc826e069bc3110755-responses-0 to 0 since the associated topicId changed from null to LgMNfFWMQ6KzLIg7Ect1Kw
INFO  org.apache.kafka.clients.Metadata [Consumer clientId=679d36eac343491fabe3529ae508da12, groupId=5b6a4c742a5c476188be885b93740bf9default] Cluster ID: vYZdA2sdT-SraCOH9C0BQQ
INFO  s.kafka.KafkaRequestResponseClient Created topic 5b6a4c742a5c476188be885b93740bf9-trading-engine-requests-reads
INFO  s.kafka.KafkaRequestResponseClient Created topic 5b6a4c742a5c476188be885b93740bf9-market-data
INFO  o.a.k.common.utils.AppInfoParser App info kafka.admin.client for adminclient-17 unregistered
INFO  o.a.kafka.common.metrics.Metrics Metrics scheduler closed
INFO  o.a.kafka.common.metrics.Metrics Closing reporter org.apache.kafka.common.metrics.JmxReporter
INFO  o.a.kafka.common.metrics.Metrics Metrics reporters closed
INFO  t.s.TradingEngineStreamingService Running trading engine service; starting at offset '0'
INFO  o.a.k.c.consumer.ConsumerConfig ConsumerConfig values: 
	allow.auto.create.topics = true
	auto.commit.interval.ms = 5000
	auto.offset.reset = earliest
	bootstrap.servers = [localhost:9092]
	check.crcs = true
	client.dns.lookup = use_all_dns_ips
	client.id = 5bf9828f2c0d4774ad12a7d3a5c6a5dd
	client.rack = 
	connections.max.idle.ms = 540000
	default.api.timeout.ms = 60000
	enable.auto.commit = false
	exclude.internal.topics = true
	fetch.max.bytes = 52428800
	fetch.max.wait.ms = 500
	fetch.min.bytes = 1
	group.id = 5b6a4c742a5c476188be885b93740bf9default
	group.instance.id = null
	heartbeat.interval.ms = 3000
	interceptor.classes = []
	internal.leave.group.on.close = true
	internal.throw.on.fetch.stable.offset.unsupported = false
	isolation.level = read_uncommitted
	key.deserializer = class org.apache.kafka.common.serialization.StringDeserializer
	max.partition.fetch.bytes = 1048576
	max.poll.interval.ms = 300000
	max.poll.records = 500
	metadata.max.age.ms = 300000
	metric.reporters = []
	metrics.num.samples = 2
	metrics.recording.level = INFO
	metrics.sample.window.ms = 30000
	partition.assignment.strategy = [class org.apache.kafka.clients.consumer.RangeAssignor, class org.apache.kafka.clients.consumer.CooperativeStickyAssignor]
	receive.buffer.bytes = 65536
	reconnect.backoff.max.ms = 1000
	reconnect.backoff.ms = 50
	request.timeout.ms = 30000
	retry.backoff.ms = 100
	sasl.client.callback.handler.class = null
	sasl.jaas.config = null
	sasl.kerberos.kinit.cmd = /usr/bin/kinit
	sasl.kerberos.min.time.before.relogin = 60000
	sasl.kerberos.service.name = null
	sasl.kerberos.ticket.renew.jitter = 0.05
	sasl.kerberos.ticket.renew.window.factor = 0.8
	sasl.login.callback.handler.class = null
	sasl.login.class = null
	sasl.login.connect.timeout.ms = null
	sasl.login.read.timeout.ms = null
	sasl.login.refresh.buffer.seconds = 300
	sasl.login.refresh.min.period.seconds = 60
	sasl.login.refresh.window.factor = 0.8
	sasl.login.refresh.window.jitter = 0.05
	sasl.login.retry.backoff.max.ms = 10000
	sasl.login.retry.backoff.ms = 100
	sasl.mechanism = GSSAPI
	sasl.oauthbearer.clock.skew.seconds = 30
	sasl.oauthbearer.expected.audience = null
	sasl.oauthbearer.expected.issuer = null
	sasl.oauthbearer.jwks.endpoint.refresh.ms = 3600000
	sasl.oauthbearer.jwks.endpoint.retry.backoff.max.ms = 10000
	sasl.oauthbearer.jwks.endpoint.retry.backoff.ms = 100
	sasl.oauthbearer.jwks.endpoint.url = null
	sasl.oauthbearer.scope.claim.name = scope
	sasl.oauthbearer.sub.claim.name = sub
	sasl.oauthbearer.token.endpoint.url = null
	security.protocol = PLAINTEXT
	security.providers = null
	send.buffer.bytes = 131072
	session.timeout.ms = 45000
	socket.connection.setup.timeout.max.ms = 30000
	socket.connection.setup.timeout.ms = 10000
	ssl.cipher.suites = null
	ssl.enabled.protocols = [TLSv1.2, TLSv1.3]
	ssl.endpoint.identification.algorithm = https
	ssl.engine.factory.class = null
	ssl.key.password = null
	ssl.keymanager.algorithm = SunX509
	ssl.keystore.certificate.chain = null
	ssl.keystore.key = null
	ssl.keystore.location = null
	ssl.keystore.password = null
	ssl.keystore.type = JKS
	ssl.protocol = TLSv1.3
	ssl.provider = null
	ssl.secure.random.implementation = null
	ssl.trustmanager.algorithm = PKIX
	ssl.truststore.certificates = null
	ssl.truststore.location = null
	ssl.truststore.password = null
	ssl.truststore.type = JKS
	value.deserializer = class org.springframework.kafka.support.serializer.JsonDeserializer

INFO  o.a.k.common.utils.AppInfoParser Kafka version: 3.1.2
INFO  o.a.k.common.utils.AppInfoParser Kafka commitId: f8c67dc3ae0a3265
INFO  o.a.k.common.utils.AppInfoParser Kafka startTimeMs: 1716667329672
INFO  o.a.k.c.consumer.KafkaConsumer [Consumer clientId=5bf9828f2c0d4774ad12a7d3a5c6a5dd, groupId=5b6a4c742a5c476188be885b93740bf9default] Subscribed to partition(s): 5b6a4c742a5c476188be885b93740bf9-trading-engine-requests-writes-0, 5b6a4c742a5c476188be885b93740bf9-trading-engine-requests-reads-0
INFO  o.a.k.c.consumer.KafkaConsumer [Consumer clientId=5bf9828f2c0d4774ad12a7d3a5c6a5dd, groupId=5b6a4c742a5c476188be885b93740bf9default] Seeking to offset 0 for partition 5b6a4c742a5c476188be885b93740bf9-trading-engine-requests-writes-0
INFO  org.apache.kafka.clients.Metadata [Consumer clientId=5bf9828f2c0d4774ad12a7d3a5c6a5dd, groupId=5b6a4c742a5c476188be885b93740bf9default] Resetting the last seen epoch of partition 5b6a4c742a5c476188be885b93740bf9-trading-engine-requests-writes-0 to 0 since the associated topicId changed from null to b-nz_zVqRHaJYuTAjsJ9ag
INFO  org.apache.kafka.clients.Metadata [Consumer clientId=5bf9828f2c0d4774ad12a7d3a5c6a5dd, groupId=5b6a4c742a5c476188be885b93740bf9default] Resetting the last seen epoch of partition 5b6a4c742a5c476188be885b93740bf9-trading-engine-requests-reads-0 to 0 since the associated topicId changed from null to RD_4T1tdRbSabL_DoBU15Q
INFO  org.apache.kafka.clients.Metadata [Consumer clientId=5bf9828f2c0d4774ad12a7d3a5c6a5dd, groupId=5b6a4c742a5c476188be885b93740bf9default] Cluster ID: vYZdA2sdT-SraCOH9C0BQQ
INFO  o.a.k.c.c.i.ConsumerCoordinator [Consumer clientId=5bf9828f2c0d4774ad12a7d3a5c6a5dd, groupId=5b6a4c742a5c476188be885b93740bf9default] Discovered group coordinator localhost:9092 (id: 2147483646 rack: null)
INFO  o.a.k.c.c.i.ConsumerCoordinator [Consumer clientId=5bf9828f2c0d4774ad12a7d3a5c6a5dd, groupId=5b6a4c742a5c476188be885b93740bf9default] Found no committed offset for partition 5b6a4c742a5c476188be885b93740bf9-trading-engine-requests-reads-0
INFO  o.a.k.c.c.i.SubscriptionState [Consumer clientId=5bf9828f2c0d4774ad12a7d3a5c6a5dd, groupId=5b6a4c742a5c476188be885b93740bf9default] Resetting offset for partition 5b6a4c742a5c476188be885b93740bf9-trading-engine-requests-reads-0 to position FetchPosition{offset=0, offsetEpoch=Optional.empty, currentLeader=LeaderAndEpoch{leader=Optional[localhost:9092 (id: 1 rack: null)], epoch=0}}.
INFO  t.s.TradingEngineStreamingService Processing 'AdjustBalance' request
ERROR t.s.TradingEngineStreamingService Failed to process request
java.lang.Exception: Unknown asset
	at tradingEngineService.referential.ReferentialInventory.lookupAssetOrThrow(ReferentialInventory.java:26)
	at tradingEngineService.service.TradingEngineStreamingService.handleAdjustBalanceRequest(TradingEngineStreamingService.java:162)
	at tradingEngineService.service.TradingEngineStreamingService.handleKafkaRecord(TradingEngineStreamingService.java:128)
	at shared.kafka.RoteKafkaConsumer.consumePartitions(RoteKafkaConsumer.java:52)
	at tradingEngineService.service.TradingEngineStreamingService.run(TradingEngineStreamingService.java:91)
	at java.base/java.lang.Thread.run(Thread.java:833)
INFO  org.apache.kafka.clients.Metadata [Producer clientId=d141bdbc522b43fa926d54d606db11bf] Resetting the last seen epoch of partition 5b6a4c742a5c476188be885b93740bf9-ea104fc4a9fc47dc826e069bc3110755-responses-0 to 0 since the associated topicId changed from null to LgMNfFWMQ6KzLIg7Ect1Kw
INFO  o.a.k.c.producer.KafkaProducer [Producer clientId=d141bdbc522b43fa926d54d606db11bf] Closing the Kafka producer with timeoutMillis = 9223372036854775807 ms.
INFO  o.a.kafka.common.metrics.Metrics Metrics scheduler closed
INFO  o.a.kafka.common.metrics.Metrics Closing reporter org.apache.kafka.common.metrics.JmxReporter
INFO  o.a.kafka.common.metrics.Metrics Metrics reporters closed
INFO  o.a.k.common.utils.AppInfoParser App info kafka.producer for d141bdbc522b43fa926d54d606db11bf unregistered
INFO  o.a.k.c.producer.KafkaProducer [Producer clientId=d141bdbc522b43fa926d54d606db11bf] Closing the Kafka producer with timeoutMillis = 9223372036854775807 ms.
INFO  o.a.kafka.common.metrics.Metrics Metrics scheduler closed
INFO  o.a.kafka.common.metrics.Metrics Closing reporter org.apache.kafka.common.metrics.JmxReporter
INFO  o.a.kafka.common.metrics.Metrics Metrics reporters closed
INFO  o.a.k.common.utils.AppInfoParser App info kafka.producer for d141bdbc522b43fa926d54d606db11bf unregistered
INFO  o.a.k.c.producer.KafkaProducer [Producer clientId=d141bdbc522b43fa926d54d606db11bf] Closing the Kafka producer with timeoutMillis = 9223372036854775807 ms.
INFO  o.a.kafka.common.metrics.Metrics Metrics scheduler closed
INFO  o.a.kafka.common.metrics.Metrics Closing reporter org.apache.kafka.common.metrics.JmxReporter
INFO  o.a.kafka.common.metrics.Metrics Metrics reporters closed
INFO  o.a.k.common.utils.AppInfoParser App info kafka.producer for d141bdbc522b43fa926d54d606db11bf unregistered

  .   ____          _            __ _ _
 /\\ / ___'_ __ _ _(_)_ __  __ _ \ \ \ \
( ( )\___ | '_ | '_| | '_ \/ _` | \ \ \ \
 \\/  ___)| |_)| | | | | || (_| |  ) ) ) )
  '  |____| .__|_| |_|_| |_\__, | / / / /
 =========|_|==============|___/=/_/_/_/
 :: Spring Boot ::                (v2.7.5)

INFO  integrationTests.ServiceTests Starting ServiceTests using Java 17.0.8.1 on RyansMacStudio with PID 14697 (started by ryanossandon in /Users/ryanossandon/Code/ROTE/tradingEngineService)
INFO  integrationTests.ServiceTests No active profile set, falling back to 1 default profile: "default"
INFO  o.s.c.context.scope.GenericScope BeanFactory id=0c3dc5dc-1afe-377a-a787-7f7c807539d4
INFO  o.a.k.c.producer.ProducerConfig ProducerConfig values: 
	acks = -1
	batch.size = 16384
	bootstrap.servers = [localhost:9092]
	buffer.memory = 33554432
	client.dns.lookup = use_all_dns_ips
	client.id = 84530cde9f8a411f9bbb6be27e24db67
	compression.type = none
	connections.max.idle.ms = 540000
	delivery.timeout.ms = 120000
	enable.idempotence = true
	interceptor.classes = []
	key.serializer = class org.apache.kafka.common.serialization.StringSerializer
	linger.ms = 0
	max.block.ms = 60000
	max.in.flight.requests.per.connection = 5
	max.request.size = 1048576
	metadata.max.age.ms = 300000
	metadata.max.idle.ms = 300000
	metric.reporters = []
	metrics.num.samples = 2
	metrics.recording.level = INFO
	metrics.sample.window.ms = 30000
	partitioner.class = class org.apache.kafka.clients.producer.internals.DefaultPartitioner
	receive.buffer.bytes = 32768
	reconnect.backoff.max.ms = 1000
	reconnect.backoff.ms = 50
	request.timeout.ms = 30000
	retries = 2147483647
	retry.backoff.ms = 100
	sasl.client.callback.handler.class = null
	sasl.jaas.config = null
	sasl.kerberos.kinit.cmd = /usr/bin/kinit
	sasl.kerberos.min.time.before.relogin = 60000
	sasl.kerberos.service.name = null
	sasl.kerberos.ticket.renew.jitter = 0.05
	sasl.kerberos.ticket.renew.window.factor = 0.8
	sasl.login.callback.handler.class = null
	sasl.login.class = null
	sasl.login.connect.timeout.ms = null
	sasl.login.read.timeout.ms = null
	sasl.login.refresh.buffer.seconds = 300
	sasl.login.refresh.min.period.seconds = 60
	sasl.login.refresh.window.factor = 0.8
	sasl.login.refresh.window.jitter = 0.05
	sasl.login.retry.backoff.max.ms = 10000
	sasl.login.retry.backoff.ms = 100
	sasl.mechanism = GSSAPI
	sasl.oauthbearer.clock.skew.seconds = 30
	sasl.oauthbearer.expected.audience = null
	sasl.oauthbearer.expected.issuer = null
	sasl.oauthbearer.jwks.endpoint.refresh.ms = 3600000
	sasl.oauthbearer.jwks.endpoint.retry.backoff.max.ms = 10000
	sasl.oauthbearer.jwks.endpoint.retry.backoff.ms = 100
	sasl.oauthbearer.jwks.endpoint.url = null
	sasl.oauthbearer.scope.claim.name = scope
	sasl.oauthbearer.sub.claim.name = sub
	sasl.oauthbearer.token.endpoint.url = null
	security.protocol = PLAINTEXT
	security.providers = null
	send.buffer.bytes = 131072
	socket.connection.setup.timeout.max.ms = 30000
	socket.connection.setup.timeout.ms = 10000
	ssl.cipher.suites = null
	ssl.enabled.protocols = [TLSv1.2, TLSv1.3]
	ssl.endpoint.identification.algorithm = https
	ssl.engine.factory.class = null
	ssl.key.password = null
	ssl.keymanager.algorithm = SunX509
	ssl.keystore.certificate.chain = null
	ssl.keystore.key = null
	ssl.keystore.location = null
	ssl.keystore.password = null
	ssl.keystore.type = JKS
	ssl.protocol = TLSv1.3
	ssl.provider = null
	ssl.secure.random.implementation = null
	ssl.trustmanager.algorithm = PKIX
	ssl.truststore.certificates = null
	ssl.truststore.location = null
	ssl.truststore.password = null
	ssl.truststore.type = JKS
	transaction.timeout.ms = 60000
	transactional.id = null
	value.serializer = class org.springframework.kafka.support.serializer.JsonSerializer

INFO  o.a.k.c.producer.KafkaProducer [Producer clientId=84530cde9f8a411f9bbb6be27e24db67] Instantiated an idempotent producer.
INFO  o.a.k.common.utils.AppInfoParser Kafka version: 3.1.2
INFO  o.a.k.common.utils.AppInfoParser Kafka commitId: f8c67dc3ae0a3265
INFO  o.a.k.common.utils.AppInfoParser Kafka startTimeMs: 1716667329755
INFO  org.apache.kafka.clients.Metadata [Producer clientId=84530cde9f8a411f9bbb6be27e24db67] Cluster ID: vYZdA2sdT-SraCOH9C0BQQ
INFO  o.a.k.c.p.i.TransactionManager [Producer clientId=84530cde9f8a411f9bbb6be27e24db67] ProducerId set to 9 with epoch 0
WARN  o.s.b.a.s.s.UserDetailsServiceAutoConfiguration 

Using generated security password: 481073dd-30c9-4c00-80a0-8e4809e6f52f

This generated password is for development use only. Your security configuration must be updated before running your application in production.

INFO  o.s.s.w.DefaultSecurityFilterChain Will secure any request with [org.springframework.security.web.session.DisableEncodeUrlFilter@256a25a8, org.springframework.security.web.context.request.async.WebAsyncManagerIntegrationFilter@68f67bbd, org.springframework.security.web.context.SecurityContextPersistenceFilter@7d3a9061, org.springframework.security.web.header.HeaderWriterFilter@d15f98a, org.springframework.security.web.csrf.CsrfFilter@17734113, org.springframework.security.web.authentication.logout.LogoutFilter@61d1315b, org.springframework.security.web.authentication.UsernamePasswordAuthenticationFilter@6d4bdb75, org.springframework.security.web.authentication.ui.DefaultLoginPageGeneratingFilter@196c8b93, org.springframework.security.web.authentication.ui.DefaultLogoutPageGeneratingFilter@5bd585a5, org.springframework.security.web.authentication.www.BasicAuthenticationFilter@1dc47df3, org.springframework.security.web.savedrequest.RequestCacheAwareFilter@2a2f7a61, org.springframework.security.web.servletapi.SecurityContextHolderAwareRequestFilter@8d40f07, org.springframework.security.web.authentication.AnonymousAuthenticationFilter@65c040c9, org.springframework.security.web.session.SessionManagementFilter@704c3ca2, org.springframework.security.web.access.ExceptionTranslationFilter@27aa700, org.springframework.security.web.access.intercept.FilterSecurityInterceptor@9c88323]
INFO  o.a.k.c.admin.AdminClientConfig AdminClientConfig values: 
	bootstrap.servers = [localhost:9092]
	client.dns.lookup = use_all_dns_ips
	client.id = 
	connections.max.idle.ms = 300000
	default.api.timeout.ms = 60000
	metadata.max.age.ms = 300000
	metric.reporters = []
	metrics.num.samples = 2
	metrics.recording.level = INFO
	metrics.sample.window.ms = 30000
	receive.buffer.bytes = 65536
	reconnect.backoff.max.ms = 1000
	reconnect.backoff.ms = 50
	request.timeout.ms = 30000
	retries = 2147483647
	retry.backoff.ms = 100
	sasl.client.callback.handler.class = null
	sasl.jaas.config = null
	sasl.kerberos.kinit.cmd = /usr/bin/kinit
	sasl.kerberos.min.time.before.relogin = 60000
	sasl.kerberos.service.name = null
	sasl.kerberos.ticket.renew.jitter = 0.05
	sasl.kerberos.ticket.renew.window.factor = 0.8
	sasl.login.callback.handler.class = null
	sasl.login.class = null
	sasl.login.connect.timeout.ms = null
	sasl.login.read.timeout.ms = null
	sasl.login.refresh.buffer.seconds = 300
	sasl.login.refresh.min.period.seconds = 60
	sasl.login.refresh.window.factor = 0.8
	sasl.login.refresh.window.jitter = 0.05
	sasl.login.retry.backoff.max.ms = 10000
	sasl.login.retry.backoff.ms = 100
	sasl.mechanism = GSSAPI
	sasl.oauthbearer.clock.skew.seconds = 30
	sasl.oauthbearer.expected.audience = null
	sasl.oauthbearer.expected.issuer = null
	sasl.oauthbearer.jwks.endpoint.refresh.ms = 3600000
	sasl.oauthbearer.jwks.endpoint.retry.backoff.max.ms = 10000
	sasl.oauthbearer.jwks.endpoint.retry.backoff.ms = 100
	sasl.oauthbearer.jwks.endpoint.url = null
	sasl.oauthbearer.scope.claim.name = scope
	sasl.oauthbearer.sub.claim.name = sub
	sasl.oauthbearer.token.endpoint.url = null
	security.protocol = PLAINTEXT
	security.providers = null
	send.buffer.bytes = 131072
	socket.connection.setup.timeout.max.ms = 30000
	socket.connection.setup.timeout.ms = 10000
	ssl.cipher.suites = null
	ssl.enabled.protocols = [TLSv1.2, TLSv1.3]
	ssl.endpoint.identification.algorithm = https
	ssl.engine.factory.class = null
	ssl.key.password = null
	ssl.keymanager.algorithm = SunX509
	ssl.keystore.certificate.chain = null
	ssl.keystore.key = null
	ssl.keystore.location = null
	ssl.keystore.password = null
	ssl.keystore.type = JKS
	ssl.protocol = TLSv1.3
	ssl.provider = null
	ssl.secure.random.implementation = null
	ssl.trustmanager.algorithm = PKIX
	ssl.truststore.certificates = null
	ssl.truststore.location = null
	ssl.truststore.password = null
	ssl.truststore.type = JKS

INFO  o.a.k.c.admin.AdminClientConfig AdminClientConfig values: 
	bootstrap.servers = [localhost:9092]
	client.dns.lookup = use_all_dns_ips
	client.id = 
	connections.max.idle.ms = 300000
	default.api.timeout.ms = 60000
	metadata.max.age.ms = 300000
	metric.reporters = []
	metrics.num.samples = 2
	metrics.recording.level = INFO
	metrics.sample.window.ms = 30000
	receive.buffer.bytes = 65536
	reconnect.backoff.max.ms = 1000
	reconnect.backoff.ms = 50
	request.timeout.ms = 30000
	retries = 2147483647
	retry.backoff.ms = 100
	sasl.client.callback.handler.class = null
	sasl.jaas.config = null
	sasl.kerberos.kinit.cmd = /usr/bin/kinit
	sasl.kerberos.min.time.before.relogin = 60000
	sasl.kerberos.service.name = null
	sasl.kerberos.ticket.renew.jitter = 0.05
	sasl.kerberos.ticket.renew.window.factor = 0.8
	sasl.login.callback.handler.class = null
	sasl.login.class = null
	sasl.login.connect.timeout.ms = null
	sasl.login.read.timeout.ms = null
	sasl.login.refresh.buffer.seconds = 300
	sasl.login.refresh.min.period.seconds = 60
	sasl.login.refresh.window.factor = 0.8
	sasl.login.refresh.window.jitter = 0.05
	sasl.login.retry.backoff.max.ms = 10000
	sasl.login.retry.backoff.ms = 100
	sasl.mechanism = GSSAPI
	sasl.oauthbearer.clock.skew.seconds = 30
	sasl.oauthbearer.expected.audience = null
	sasl.oauthbearer.expected.issuer = null
	sasl.oauthbearer.jwks.endpoint.refresh.ms = 3600000
	sasl.oauthbearer.jwks.endpoint.retry.backoff.max.ms = 10000
	sasl.oauthbearer.jwks.endpoint.retry.backoff.ms = 100
	sasl.oauthbearer.jwks.endpoint.url = null
	sasl.oauthbearer.scope.claim.name = scope
	sasl.oauthbearer.sub.claim.name = sub
	sasl.oauthbearer.token.endpoint.url = null
	security.protocol = PLAINTEXT
	security.providers = null
	send.buffer.bytes = 131072
	socket.connection.setup.timeout.max.ms = 30000
	socket.connection.setup.timeout.ms = 10000
	ssl.cipher.suites = null
	ssl.enabled.protocols = [TLSv1.2, TLSv1.3]
	ssl.endpoint.identification.algorithm = https
	ssl.engine.factory.class = null
	ssl.key.password = null
	ssl.keymanager.algorithm = SunX509
	ssl.keystore.certificate.chain = null
	ssl.keystore.key = null
	ssl.keystore.location = null
	ssl.keystore.password = null
	ssl.keystore.type = JKS
	ssl.protocol = TLSv1.3
	ssl.provider = null
	ssl.secure.random.implementation = null
	ssl.trustmanager.algorithm = PKIX
	ssl.truststore.certificates = null
	ssl.truststore.location = null
	ssl.truststore.password = null
	ssl.truststore.type = JKS

INFO  integrationTests.ServiceTests Started ServiceTests in 0.17 seconds (JVM running for 6.985)
INFO  o.a.k.common.utils.AppInfoParser Kafka version: 3.1.2
INFO  o.a.k.common.utils.AppInfoParser Kafka commitId: f8c67dc3ae0a3265
INFO  o.a.k.common.utils.AppInfoParser Kafka startTimeMs: 1716667329865
INFO  o.a.k.common.utils.AppInfoParser Kafka version: 3.1.2
INFO  o.a.k.common.utils.AppInfoParser Kafka commitId: f8c67dc3ae0a3265
INFO  o.a.k.common.utils.AppInfoParser Kafka startTimeMs: 1716667329865
INFO  o.a.k.c.c.i.ConsumerCoordinator [Consumer clientId=d069efc342504c5a8154b49add3629bf, groupId=c6e04107c07b43a7b704c0e071430b30default] Resetting generation due to: consumer pro-actively leaving the group
INFO  o.a.k.c.c.i.ConsumerCoordinator [Consumer clientId=d069efc342504c5a8154b49add3629bf, groupId=c6e04107c07b43a7b704c0e071430b30default] Request joining group due to: consumer pro-actively leaving the group
INFO  o.a.kafka.common.metrics.Metrics Metrics scheduler closed
INFO  o.a.kafka.common.metrics.Metrics Closing reporter org.apache.kafka.common.metrics.JmxReporter
INFO  o.a.kafka.common.metrics.Metrics Metrics reporters closed
INFO  o.a.k.common.utils.AppInfoParser App info kafka.consumer for d069efc342504c5a8154b49add3629bf unregistered
INFO  t.s.TradingEngineStreamingService Stopped trading engine service
INFO  o.a.k.c.c.i.ConsumerCoordinator [Consumer clientId=9dadaf49de694f57b528016dcaa3506e, groupId=c6e04107c07b43a7b704c0e071430b30default] Resetting generation due to: consumer pro-actively leaving the group
INFO  o.a.k.c.c.i.ConsumerCoordinator [Consumer clientId=9dadaf49de694f57b528016dcaa3506e, groupId=c6e04107c07b43a7b704c0e071430b30default] Request joining group due to: consumer pro-actively leaving the group
INFO  o.a.kafka.common.metrics.Metrics Metrics scheduler closed
INFO  o.a.kafka.common.metrics.Metrics Closing reporter org.apache.kafka.common.metrics.JmxReporter
INFO  o.a.kafka.common.metrics.Metrics Metrics reporters closed
INFO  o.a.k.common.utils.AppInfoParser App info kafka.consumer for 9dadaf49de694f57b528016dcaa3506e unregistered
INFO  s.kafka.KafkaRequestResponseClient Created topic 242e7d2cd3dd4a408d5188c785ac360b-trading-engine-requests-writes
INFO  s.kafka.KafkaRequestResponseClient Created topic 242e7d2cd3dd4a408d5188c785ac360b-290e9821af0a412db2aa9a812e4d6757-responses
INFO  o.a.k.common.utils.AppInfoParser App info kafka.admin.client for adminclient-20 unregistered
INFO  o.a.kafka.common.metrics.Metrics Metrics scheduler closed
INFO  o.a.kafka.common.metrics.Metrics Closing reporter org.apache.kafka.common.metrics.JmxReporter
INFO  o.a.kafka.common.metrics.Metrics Metrics reporters closed
INFO  o.a.k.c.consumer.ConsumerConfig ConsumerConfig values: 
	allow.auto.create.topics = true
	auto.commit.interval.ms = 5000
	auto.offset.reset = earliest
	bootstrap.servers = [localhost:9092]
	check.crcs = true
	client.dns.lookup = use_all_dns_ips
	client.id = 131e948c118b4c609fba1222f836b7bf
	client.rack = 
	connections.max.idle.ms = 540000
	default.api.timeout.ms = 60000
	enable.auto.commit = false
	exclude.internal.topics = true
	fetch.max.bytes = 52428800
	fetch.max.wait.ms = 500
	fetch.min.bytes = 1
	group.id = 242e7d2cd3dd4a408d5188c785ac360bdefault
	group.instance.id = null
	heartbeat.interval.ms = 3000
	interceptor.classes = []
	internal.leave.group.on.close = true
	internal.throw.on.fetch.stable.offset.unsupported = false
	isolation.level = read_uncommitted
	key.deserializer = class org.apache.kafka.common.serialization.StringDeserializer
	max.partition.fetch.bytes = 1048576
	max.poll.interval.ms = 300000
	max.poll.records = 500
	metadata.max.age.ms = 300000
	metric.reporters = []
	metrics.num.samples = 2
	metrics.recording.level = INFO
	metrics.sample.window.ms = 30000
	partition.assignment.strategy = [class org.apache.kafka.clients.consumer.RangeAssignor, class org.apache.kafka.clients.consumer.CooperativeStickyAssignor]
	receive.buffer.bytes = 65536
	reconnect.backoff.max.ms = 1000
	reconnect.backoff.ms = 50
	request.timeout.ms = 30000
	retry.backoff.ms = 100
	sasl.client.callback.handler.class = null
	sasl.jaas.config = null
	sasl.kerberos.kinit.cmd = /usr/bin/kinit
	sasl.kerberos.min.time.before.relogin = 60000
	sasl.kerberos.service.name = null
	sasl.kerberos.ticket.renew.jitter = 0.05
	sasl.kerberos.ticket.renew.window.factor = 0.8
	sasl.login.callback.handler.class = null
	sasl.login.class = null
	sasl.login.connect.timeout.ms = null
	sasl.login.read.timeout.ms = null
	sasl.login.refresh.buffer.seconds = 300
	sasl.login.refresh.min.period.seconds = 60
	sasl.login.refresh.window.factor = 0.8
	sasl.login.refresh.window.jitter = 0.05
	sasl.login.retry.backoff.max.ms = 10000
	sasl.login.retry.backoff.ms = 100
	sasl.mechanism = GSSAPI
	sasl.oauthbearer.clock.skew.seconds = 30
	sasl.oauthbearer.expected.audience = null
	sasl.oauthbearer.expected.issuer = null
	sasl.oauthbearer.jwks.endpoint.refresh.ms = 3600000
	sasl.oauthbearer.jwks.endpoint.retry.backoff.max.ms = 10000
	sasl.oauthbearer.jwks.endpoint.retry.backoff.ms = 100
	sasl.oauthbearer.jwks.endpoint.url = null
	sasl.oauthbearer.scope.claim.name = scope
	sasl.oauthbearer.sub.claim.name = sub
	sasl.oauthbearer.token.endpoint.url = null
	security.protocol = PLAINTEXT
	security.providers = null
	send.buffer.bytes = 131072
	session.timeout.ms = 45000
	socket.connection.setup.timeout.max.ms = 30000
	socket.connection.setup.timeout.ms = 10000
	ssl.cipher.suites = null
	ssl.enabled.protocols = [TLSv1.2, TLSv1.3]
	ssl.endpoint.identification.algorithm = https
	ssl.engine.factory.class = null
	ssl.key.password = null
	ssl.keymanager.algorithm = SunX509
	ssl.keystore.certificate.chain = null
	ssl.keystore.key = null
	ssl.keystore.location = null
	ssl.keystore.password = null
	ssl.keystore.type = JKS
	ssl.protocol = TLSv1.3
	ssl.provider = null
	ssl.secure.random.implementation = null
	ssl.trustmanager.algorithm = PKIX
	ssl.truststore.certificates = null
	ssl.truststore.location = null
	ssl.truststore.password = null
	ssl.truststore.type = JKS
	value.deserializer = class org.springframework.kafka.support.serializer.JsonDeserializer

INFO  o.a.k.common.utils.AppInfoParser Kafka version: 3.1.2
INFO  o.a.k.common.utils.AppInfoParser Kafka commitId: f8c67dc3ae0a3265
INFO  o.a.k.common.utils.AppInfoParser Kafka startTimeMs: 1716667329888
INFO  o.a.k.c.consumer.KafkaConsumer [Consumer clientId=131e948c118b4c609fba1222f836b7bf, groupId=242e7d2cd3dd4a408d5188c785ac360bdefault] Subscribed to partition(s): 242e7d2cd3dd4a408d5188c785ac360b-290e9821af0a412db2aa9a812e4d6757-responses-0
INFO  o.a.k.c.consumer.KafkaConsumer [Consumer clientId=131e948c118b4c609fba1222f836b7bf, groupId=242e7d2cd3dd4a408d5188c785ac360bdefault] Seeking to offset 0 for partition 242e7d2cd3dd4a408d5188c785ac360b-290e9821af0a412db2aa9a812e4d6757-responses-0
INFO  org.apache.kafka.clients.Metadata [Producer clientId=84530cde9f8a411f9bbb6be27e24db67] Resetting the last seen epoch of partition 242e7d2cd3dd4a408d5188c785ac360b-trading-engine-requests-writes-0 to 0 since the associated topicId changed from null to lQlk77jCRMaPwwTmehmtFw
INFO  org.apache.kafka.clients.Metadata [Consumer clientId=131e948c118b4c609fba1222f836b7bf, groupId=242e7d2cd3dd4a408d5188c785ac360bdefault] Resetting the last seen epoch of partition 242e7d2cd3dd4a408d5188c785ac360b-290e9821af0a412db2aa9a812e4d6757-responses-0 to 0 since the associated topicId changed from null to w10i_5y2Sj-WDwdtEq_jbg
INFO  org.apache.kafka.clients.Metadata [Consumer clientId=131e948c118b4c609fba1222f836b7bf, groupId=242e7d2cd3dd4a408d5188c785ac360bdefault] Cluster ID: vYZdA2sdT-SraCOH9C0BQQ
INFO  s.kafka.KafkaRequestResponseClient Created topic 242e7d2cd3dd4a408d5188c785ac360b-trading-engine-requests-reads
INFO  s.kafka.KafkaRequestResponseClient Created topic 242e7d2cd3dd4a408d5188c785ac360b-market-data
INFO  o.a.k.common.utils.AppInfoParser App info kafka.admin.client for adminclient-19 unregistered
INFO  o.a.kafka.common.metrics.Metrics Metrics scheduler closed
INFO  o.a.kafka.common.metrics.Metrics Closing reporter org.apache.kafka.common.metrics.JmxReporter
INFO  o.a.kafka.common.metrics.Metrics Metrics reporters closed
INFO  t.s.TradingEngineStreamingService Running trading engine service; starting at offset '0'
INFO  o.a.k.c.consumer.ConsumerConfig ConsumerConfig values: 
	allow.auto.create.topics = true
	auto.commit.interval.ms = 5000
	auto.offset.reset = earliest
	bootstrap.servers = [localhost:9092]
	check.crcs = true
	client.dns.lookup = use_all_dns_ips
	client.id = 60dd21a357024a8b9d9b0b4e337b5618
	client.rack = 
	connections.max.idle.ms = 540000
	default.api.timeout.ms = 60000
	enable.auto.commit = false
	exclude.internal.topics = true
	fetch.max.bytes = 52428800
	fetch.max.wait.ms = 500
	fetch.min.bytes = 1
	group.id = 242e7d2cd3dd4a408d5188c785ac360bdefault
	group.instance.id = null
	heartbeat.interval.ms = 3000
	interceptor.classes = []
	internal.leave.group.on.close = true
	internal.throw.on.fetch.stable.offset.unsupported = false
	isolation.level = read_uncommitted
	key.deserializer = class org.apache.kafka.common.serialization.StringDeserializer
	max.partition.fetch.bytes = 1048576
	max.poll.interval.ms = 300000
	max.poll.records = 500
	metadata.max.age.ms = 300000
	metric.reporters = []
	metrics.num.samples = 2
	metrics.recording.level = INFO
	metrics.sample.window.ms = 30000
	partition.assignment.strategy = [class org.apache.kafka.clients.consumer.RangeAssignor, class org.apache.kafka.clients.consumer.CooperativeStickyAssignor]
	receive.buffer.bytes = 65536
	reconnect.backoff.max.ms = 1000
	reconnect.backoff.ms = 50
	request.timeout.ms = 30000
	retry.backoff.ms = 100
	sasl.client.callback.handler.class = null
	sasl.jaas.config = null
	sasl.kerberos.kinit.cmd = /usr/bin/kinit
	sasl.kerberos.min.time.before.relogin = 60000
	sasl.kerberos.service.name = null
	sasl.kerberos.ticket.renew.jitter = 0.05
	sasl.kerberos.ticket.renew.window.factor = 0.8
	sasl.login.callback.handler.class = null
	sasl.login.class = null
	sasl.login.connect.timeout.ms = null
	sasl.login.read.timeout.ms = null
	sasl.login.refresh.buffer.seconds = 300
	sasl.login.refresh.min.period.seconds = 60
	sasl.login.refresh.window.factor = 0.8
	sasl.login.refresh.window.jitter = 0.05
	sasl.login.retry.backoff.max.ms = 10000
	sasl.login.retry.backoff.ms = 100
	sasl.mechanism = GSSAPI
	sasl.oauthbearer.clock.skew.seconds = 30
	sasl.oauthbearer.expected.audience = null
	sasl.oauthbearer.expected.issuer = null
	sasl.oauthbearer.jwks.endpoint.refresh.ms = 3600000
	sasl.oauthbearer.jwks.endpoint.retry.backoff.max.ms = 10000
	sasl.oauthbearer.jwks.endpoint.retry.backoff.ms = 100
	sasl.oauthbearer.jwks.endpoint.url = null
	sasl.oauthbearer.scope.claim.name = scope
	sasl.oauthbearer.sub.claim.name = sub
	sasl.oauthbearer.token.endpoint.url = null
	security.protocol = PLAINTEXT
	security.providers = null
	send.buffer.bytes = 131072
	session.timeout.ms = 45000
	socket.connection.setup.timeout.max.ms = 30000
	socket.connection.setup.timeout.ms = 10000
	ssl.cipher.suites = null
	ssl.enabled.protocols = [TLSv1.2, TLSv1.3]
	ssl.endpoint.identification.algorithm = https
	ssl.engine.factory.class = null
	ssl.key.password = null
	ssl.keymanager.algorithm = SunX509
	ssl.keystore.certificate.chain = null
	ssl.keystore.key = null
	ssl.keystore.location = null
	ssl.keystore.password = null
	ssl.keystore.type = JKS
	ssl.protocol = TLSv1.3
	ssl.provider = null
	ssl.secure.random.implementation = null
	ssl.trustmanager.algorithm = PKIX
	ssl.truststore.certificates = null
	ssl.truststore.location = null
	ssl.truststore.password = null
	ssl.truststore.type = JKS
	value.deserializer = class org.springframework.kafka.support.serializer.JsonDeserializer

INFO  o.a.k.common.utils.AppInfoParser Kafka version: 3.1.2
INFO  o.a.k.common.utils.AppInfoParser Kafka commitId: f8c67dc3ae0a3265
INFO  o.a.k.common.utils.AppInfoParser Kafka startTimeMs: 1716667329915
INFO  o.a.k.c.consumer.KafkaConsumer [Consumer clientId=60dd21a357024a8b9d9b0b4e337b5618, groupId=242e7d2cd3dd4a408d5188c785ac360bdefault] Subscribed to partition(s): 242e7d2cd3dd4a408d5188c785ac360b-trading-engine-requests-writes-0, 242e7d2cd3dd4a408d5188c785ac360b-trading-engine-requests-reads-0
INFO  o.a.k.c.consumer.KafkaConsumer [Consumer clientId=60dd21a357024a8b9d9b0b4e337b5618, groupId=242e7d2cd3dd4a408d5188c785ac360bdefault] Seeking to offset 0 for partition 242e7d2cd3dd4a408d5188c785ac360b-trading-engine-requests-writes-0
INFO  org.apache.kafka.clients.Metadata [Consumer clientId=60dd21a357024a8b9d9b0b4e337b5618, groupId=242e7d2cd3dd4a408d5188c785ac360bdefault] Resetting the last seen epoch of partition 242e7d2cd3dd4a408d5188c785ac360b-trading-engine-requests-writes-0 to 0 since the associated topicId changed from null to lQlk77jCRMaPwwTmehmtFw
INFO  org.apache.kafka.clients.Metadata [Consumer clientId=60dd21a357024a8b9d9b0b4e337b5618, groupId=242e7d2cd3dd4a408d5188c785ac360bdefault] Resetting the last seen epoch of partition 242e7d2cd3dd4a408d5188c785ac360b-trading-engine-requests-reads-0 to 0 since the associated topicId changed from null to l10Jh_sRRyGKo5Q-aKFLhw
INFO  org.apache.kafka.clients.Metadata [Consumer clientId=60dd21a357024a8b9d9b0b4e337b5618, groupId=242e7d2cd3dd4a408d5188c785ac360bdefault] Cluster ID: vYZdA2sdT-SraCOH9C0BQQ
INFO  o.a.k.c.c.i.ConsumerCoordinator [Consumer clientId=60dd21a357024a8b9d9b0b4e337b5618, groupId=242e7d2cd3dd4a408d5188c785ac360bdefault] Discovered group coordinator localhost:9092 (id: 2147483646 rack: null)
INFO  o.a.k.c.c.i.ConsumerCoordinator [Consumer clientId=60dd21a357024a8b9d9b0b4e337b5618, groupId=242e7d2cd3dd4a408d5188c785ac360bdefault] Found no committed offset for partition 242e7d2cd3dd4a408d5188c785ac360b-trading-engine-requests-reads-0
INFO  o.a.k.c.c.i.SubscriptionState [Consumer clientId=60dd21a357024a8b9d9b0b4e337b5618, groupId=242e7d2cd3dd4a408d5188c785ac360bdefault] Resetting offset for partition 242e7d2cd3dd4a408d5188c785ac360b-trading-engine-requests-reads-0 to position FetchPosition{offset=0, offsetEpoch=Optional.empty, currentLeader=LeaderAndEpoch{leader=Optional[localhost:9092 (id: 1 rack: null)], epoch=0}}.
INFO  t.s.TradingEngineStreamingService Processing 'Cancel' request
INFO  org.apache.kafka.clients.Metadata [Producer clientId=84530cde9f8a411f9bbb6be27e24db67] Resetting the last seen epoch of partition 242e7d2cd3dd4a408d5188c785ac360b-290e9821af0a412db2aa9a812e4d6757-responses-0 to 0 since the associated topicId changed from null to w10i_5y2Sj-WDwdtEq_jbg
INFO  o.a.k.c.producer.KafkaProducer [Producer clientId=84530cde9f8a411f9bbb6be27e24db67] Closing the Kafka producer with timeoutMillis = 9223372036854775807 ms.
INFO  o.a.kafka.common.metrics.Metrics Metrics scheduler closed
INFO  o.a.kafka.common.metrics.Metrics Closing reporter org.apache.kafka.common.metrics.JmxReporter
INFO  o.a.kafka.common.metrics.Metrics Metrics reporters closed
INFO  o.a.k.common.utils.AppInfoParser App info kafka.producer for 84530cde9f8a411f9bbb6be27e24db67 unregistered
INFO  o.a.k.c.producer.KafkaProducer [Producer clientId=84530cde9f8a411f9bbb6be27e24db67] Closing the Kafka producer with timeoutMillis = 9223372036854775807 ms.
INFO  o.a.kafka.common.metrics.Metrics Metrics scheduler closed
INFO  o.a.kafka.common.metrics.Metrics Closing reporter org.apache.kafka.common.metrics.JmxReporter
INFO  o.a.kafka.common.metrics.Metrics Metrics reporters closed
INFO  o.a.k.common.utils.AppInfoParser App info kafka.producer for 84530cde9f8a411f9bbb6be27e24db67 unregistered
INFO  o.a.k.c.producer.KafkaProducer [Producer clientId=84530cde9f8a411f9bbb6be27e24db67] Closing the Kafka producer with timeoutMillis = 9223372036854775807 ms.
INFO  o.a.kafka.common.metrics.Metrics Metrics scheduler closed
INFO  o.a.kafka.common.metrics.Metrics Closing reporter org.apache.kafka.common.metrics.JmxReporter
INFO  o.a.kafka.common.metrics.Metrics Metrics reporters closed
INFO  o.a.k.common.utils.AppInfoParser App info kafka.producer for 84530cde9f8a411f9bbb6be27e24db67 unregistered
]]></system-out>
  <system-err><![CDATA[]]></system-err>
</testsuite>
