<?xml version="1.0" encoding="UTF-8"?>
<testsuite name="integrationTests.ContextRehydrationTests" tests="1" skipped="0" failures="0" errors="0" timestamp="2024-05-25T20:02:07" hostname="RyansMacStudio" time="0.212">
  <properties/>
  <testcase name="Test1()" classname="integrationTests.ContextRehydrationTests" time="0.212"/>
  <system-out><![CDATA[INFO  o.s.t.c.s.AbstractContextLoader Could not detect default resource locations for test class [integrationTests.ContextRehydrationTests]: no resource found for suffixes {-context.xml, Context.groovy}.
INFO  o.s.b.t.c.SpringBootTestContextBootstrapper Loaded default TestExecutionListener class names from location [META-INF/spring.factories]: [org.springframework.boot.test.autoconfigure.restdocs.RestDocsTestExecutionListener, org.springframework.boot.test.autoconfigure.web.client.MockRestServiceServerResetTestExecutionListener, org.springframework.boot.test.autoconfigure.web.servlet.MockMvcPrintOnlyOnFailureTestExecutionListener, org.springframework.boot.test.autoconfigure.web.servlet.WebDriverTestExecutionListener, org.springframework.boot.test.autoconfigure.webservices.client.MockWebServiceServerTestExecutionListener, org.springframework.boot.test.mock.mockito.MockitoTestExecutionListener, org.springframework.boot.test.mock.mockito.ResetMocksTestExecutionListener, org.springframework.test.context.web.ServletTestExecutionListener, org.springframework.test.context.support.DirtiesContextBeforeModesTestExecutionListener, org.springframework.test.context.event.ApplicationEventsTestExecutionListener, org.springframework.test.context.support.DependencyInjectionTestExecutionListener, org.springframework.test.context.support.DirtiesContextTestExecutionListener, org.springframework.test.context.transaction.TransactionalTestExecutionListener, org.springframework.test.context.jdbc.SqlScriptsTestExecutionListener, org.springframework.test.context.event.EventPublishingTestExecutionListener]
INFO  o.s.b.t.c.SpringBootTestContextBootstrapper Using TestExecutionListeners: [org.springframework.test.context.web.ServletTestExecutionListener@288e50c1, org.springframework.test.context.support.DirtiesContextBeforeModesTestExecutionListener@58e0d1ac, org.springframework.test.context.event.ApplicationEventsTestExecutionListener@7fba30fe, org.springframework.boot.test.mock.mockito.MockitoTestExecutionListener@5cbebfba, org.springframework.boot.test.autoconfigure.SpringBootDependencyInjectionTestExecutionListener@66ce4b4, org.springframework.test.context.support.DirtiesContextTestExecutionListener@58df2864, org.springframework.test.context.transaction.TransactionalTestExecutionListener@76ccde41, org.springframework.test.context.jdbc.SqlScriptsTestExecutionListener@5f26fc4d, org.springframework.test.context.event.EventPublishingTestExecutionListener@3e8eea59, org.springframework.boot.test.autoconfigure.restdocs.RestDocsTestExecutionListener@1fb379e4, org.springframework.boot.test.autoconfigure.web.client.MockRestServiceServerResetTestExecutionListener@f9d8285, org.springframework.boot.test.autoconfigure.web.servlet.MockMvcPrintOnlyOnFailureTestExecutionListener@67b1c3af, org.springframework.boot.test.autoconfigure.web.servlet.WebDriverTestExecutionListener@2e243122, org.springframework.boot.test.autoconfigure.webservices.client.MockWebServiceServerTestExecutionListener@2a5c115b, org.springframework.boot.test.mock.mockito.ResetMocksTestExecutionListener@49b6373f]

  .   ____          _            __ _ _
 /\\ / ___'_ __ _ _(_)_ __  __ _ \ \ \ \
( ( )\___ | '_ | '_| | '_ \/ _` | \ \ \ \
 \\/  ___)| |_)| | | | | || (_| |  ) ) ) )
  '  |____| .__|_| |_|_| |_\__, | / / / /
 =========|_|==============|___/=/_/_/_/
 :: Spring Boot ::                (v2.7.5)

INFO  i.ContextRehydrationTests Starting ContextRehydrationTests using Java 17.0.8.1 on RyansMacStudio with PID 14697 (started by ryanossandon in /Users/ryanossandon/Code/ROTE/tradingEngineService)
INFO  i.ContextRehydrationTests No active profile set, falling back to 1 default profile: "default"
INFO  o.s.c.context.scope.GenericScope BeanFactory id=31960589-0cf8-3b02-b495-5679500f92a8
INFO  o.a.k.c.producer.ProducerConfig ProducerConfig values: 
	acks = -1
	batch.size = 16384
	bootstrap.servers = [localhost:9092]
	buffer.memory = 33554432
	client.dns.lookup = use_all_dns_ips
	client.id = e1c1b59670c046c49c5fff23a813730a
	compression.type = none
	connections.max.idle.ms = 540000
	delivery.timeout.ms = 120000
	enable.idempotence = true
	interceptor.classes = []
	key.serializer = class org.apache.kafka.common.serialization.StringSerializer
	linger.ms = 0
	max.block.ms = 60000
	max.in.flight.requests.per.connection = 5
	max.request.size = 1048576
	metadata.max.age.ms = 300000
	metadata.max.idle.ms = 300000
	metric.reporters = []
	metrics.num.samples = 2
	metrics.recording.level = INFO
	metrics.sample.window.ms = 30000
	partitioner.class = class org.apache.kafka.clients.producer.internals.DefaultPartitioner
	receive.buffer.bytes = 32768
	reconnect.backoff.max.ms = 1000
	reconnect.backoff.ms = 50
	request.timeout.ms = 30000
	retries = 2147483647
	retry.backoff.ms = 100
	sasl.client.callback.handler.class = null
	sasl.jaas.config = null
	sasl.kerberos.kinit.cmd = /usr/bin/kinit
	sasl.kerberos.min.time.before.relogin = 60000
	sasl.kerberos.service.name = null
	sasl.kerberos.ticket.renew.jitter = 0.05
	sasl.kerberos.ticket.renew.window.factor = 0.8
	sasl.login.callback.handler.class = null
	sasl.login.class = null
	sasl.login.connect.timeout.ms = null
	sasl.login.read.timeout.ms = null
	sasl.login.refresh.buffer.seconds = 300
	sasl.login.refresh.min.period.seconds = 60
	sasl.login.refresh.window.factor = 0.8
	sasl.login.refresh.window.jitter = 0.05
	sasl.login.retry.backoff.max.ms = 10000
	sasl.login.retry.backoff.ms = 100
	sasl.mechanism = GSSAPI
	sasl.oauthbearer.clock.skew.seconds = 30
	sasl.oauthbearer.expected.audience = null
	sasl.oauthbearer.expected.issuer = null
	sasl.oauthbearer.jwks.endpoint.refresh.ms = 3600000
	sasl.oauthbearer.jwks.endpoint.retry.backoff.max.ms = 10000
	sasl.oauthbearer.jwks.endpoint.retry.backoff.ms = 100
	sasl.oauthbearer.jwks.endpoint.url = null
	sasl.oauthbearer.scope.claim.name = scope
	sasl.oauthbearer.sub.claim.name = sub
	sasl.oauthbearer.token.endpoint.url = null
	security.protocol = PLAINTEXT
	security.providers = null
	send.buffer.bytes = 131072
	socket.connection.setup.timeout.max.ms = 30000
	socket.connection.setup.timeout.ms = 10000
	ssl.cipher.suites = null
	ssl.enabled.protocols = [TLSv1.2, TLSv1.3]
	ssl.endpoint.identification.algorithm = https
	ssl.engine.factory.class = null
	ssl.key.password = null
	ssl.keymanager.algorithm = SunX509
	ssl.keystore.certificate.chain = null
	ssl.keystore.key = null
	ssl.keystore.location = null
	ssl.keystore.password = null
	ssl.keystore.type = JKS
	ssl.protocol = TLSv1.3
	ssl.provider = null
	ssl.secure.random.implementation = null
	ssl.trustmanager.algorithm = PKIX
	ssl.truststore.certificates = null
	ssl.truststore.location = null
	ssl.truststore.password = null
	ssl.truststore.type = JKS
	transaction.timeout.ms = 60000
	transactional.id = null
	value.serializer = class org.springframework.kafka.support.serializer.JsonSerializer

INFO  o.a.k.c.producer.KafkaProducer [Producer clientId=e1c1b59670c046c49c5fff23a813730a] Instantiated an idempotent producer.
INFO  o.a.k.common.utils.AppInfoParser Kafka version: 3.1.2
INFO  o.a.k.common.utils.AppInfoParser Kafka commitId: f8c67dc3ae0a3265
INFO  o.a.k.common.utils.AppInfoParser Kafka startTimeMs: 1716667327130
INFO  org.apache.kafka.clients.Metadata [Producer clientId=e1c1b59670c046c49c5fff23a813730a] Cluster ID: vYZdA2sdT-SraCOH9C0BQQ
INFO  o.a.k.c.p.i.TransactionManager [Producer clientId=e1c1b59670c046c49c5fff23a813730a] ProducerId set to 1 with epoch 0
WARN  o.s.b.a.s.s.UserDetailsServiceAutoConfiguration 

Using generated security password: 94b869ce-1a8c-40ff-bb2c-e4554eeeb34f

This generated password is for development use only. Your security configuration must be updated before running your application in production.

INFO  o.s.s.w.DefaultSecurityFilterChain Will secure any request with [org.springframework.security.web.session.DisableEncodeUrlFilter@5603632c, org.springframework.security.web.context.request.async.WebAsyncManagerIntegrationFilter@76685ab0, org.springframework.security.web.context.SecurityContextPersistenceFilter@4cf46574, org.springframework.security.web.header.HeaderWriterFilter@1ee5792a, org.springframework.security.web.csrf.CsrfFilter@21cb5648, org.springframework.security.web.authentication.logout.LogoutFilter@3bfead8d, org.springframework.security.web.authentication.UsernamePasswordAuthenticationFilter@6c4c32ff, org.springframework.security.web.authentication.ui.DefaultLoginPageGeneratingFilter@4512f5f1, org.springframework.security.web.authentication.ui.DefaultLogoutPageGeneratingFilter@7bbe5548, org.springframework.security.web.authentication.www.BasicAuthenticationFilter@5a1a5521, org.springframework.security.web.savedrequest.RequestCacheAwareFilter@779cda39, org.springframework.security.web.servletapi.SecurityContextHolderAwareRequestFilter@4205d1c9, org.springframework.security.web.authentication.AnonymousAuthenticationFilter@7305a443, org.springframework.security.web.session.SessionManagementFilter@37f60cd4, org.springframework.security.web.access.ExceptionTranslationFilter@69fa5536, org.springframework.security.web.access.intercept.FilterSecurityInterceptor@760ac834]
INFO  o.a.k.c.admin.AdminClientConfig AdminClientConfig values: 
	bootstrap.servers = [localhost:9092]
	client.dns.lookup = use_all_dns_ips
	client.id = 
	connections.max.idle.ms = 300000
	default.api.timeout.ms = 60000
	metadata.max.age.ms = 300000
	metric.reporters = []
	metrics.num.samples = 2
	metrics.recording.level = INFO
	metrics.sample.window.ms = 30000
	receive.buffer.bytes = 65536
	reconnect.backoff.max.ms = 1000
	reconnect.backoff.ms = 50
	request.timeout.ms = 30000
	retries = 2147483647
	retry.backoff.ms = 100
	sasl.client.callback.handler.class = null
	sasl.jaas.config = null
	sasl.kerberos.kinit.cmd = /usr/bin/kinit
	sasl.kerberos.min.time.before.relogin = 60000
	sasl.kerberos.service.name = null
	sasl.kerberos.ticket.renew.jitter = 0.05
	sasl.kerberos.ticket.renew.window.factor = 0.8
	sasl.login.callback.handler.class = null
	sasl.login.class = null
	sasl.login.connect.timeout.ms = null
	sasl.login.read.timeout.ms = null
	sasl.login.refresh.buffer.seconds = 300
	sasl.login.refresh.min.period.seconds = 60
	sasl.login.refresh.window.factor = 0.8
	sasl.login.refresh.window.jitter = 0.05
	sasl.login.retry.backoff.max.ms = 10000
	sasl.login.retry.backoff.ms = 100
	sasl.mechanism = GSSAPI
	sasl.oauthbearer.clock.skew.seconds = 30
	sasl.oauthbearer.expected.audience = null
	sasl.oauthbearer.expected.issuer = null
	sasl.oauthbearer.jwks.endpoint.refresh.ms = 3600000
	sasl.oauthbearer.jwks.endpoint.retry.backoff.max.ms = 10000
	sasl.oauthbearer.jwks.endpoint.retry.backoff.ms = 100
	sasl.oauthbearer.jwks.endpoint.url = null
	sasl.oauthbearer.scope.claim.name = scope
	sasl.oauthbearer.sub.claim.name = sub
	sasl.oauthbearer.token.endpoint.url = null
	security.protocol = PLAINTEXT
	security.providers = null
	send.buffer.bytes = 131072
	socket.connection.setup.timeout.max.ms = 30000
	socket.connection.setup.timeout.ms = 10000
	ssl.cipher.suites = null
	ssl.enabled.protocols = [TLSv1.2, TLSv1.3]
	ssl.endpoint.identification.algorithm = https
	ssl.engine.factory.class = null
	ssl.key.password = null
	ssl.keymanager.algorithm = SunX509
	ssl.keystore.certificate.chain = null
	ssl.keystore.key = null
	ssl.keystore.location = null
	ssl.keystore.password = null
	ssl.keystore.type = JKS
	ssl.protocol = TLSv1.3
	ssl.provider = null
	ssl.secure.random.implementation = null
	ssl.trustmanager.algorithm = PKIX
	ssl.truststore.certificates = null
	ssl.truststore.location = null
	ssl.truststore.password = null
	ssl.truststore.type = JKS

INFO  o.a.k.c.admin.AdminClientConfig AdminClientConfig values: 
	bootstrap.servers = [localhost:9092]
	client.dns.lookup = use_all_dns_ips
	client.id = 
	connections.max.idle.ms = 300000
	default.api.timeout.ms = 60000
	metadata.max.age.ms = 300000
	metric.reporters = []
	metrics.num.samples = 2
	metrics.recording.level = INFO
	metrics.sample.window.ms = 30000
	receive.buffer.bytes = 65536
	reconnect.backoff.max.ms = 1000
	reconnect.backoff.ms = 50
	request.timeout.ms = 30000
	retries = 2147483647
	retry.backoff.ms = 100
	sasl.client.callback.handler.class = null
	sasl.jaas.config = null
	sasl.kerberos.kinit.cmd = /usr/bin/kinit
	sasl.kerberos.min.time.before.relogin = 60000
	sasl.kerberos.service.name = null
	sasl.kerberos.ticket.renew.jitter = 0.05
	sasl.kerberos.ticket.renew.window.factor = 0.8
	sasl.login.callback.handler.class = null
	sasl.login.class = null
	sasl.login.connect.timeout.ms = null
	sasl.login.read.timeout.ms = null
	sasl.login.refresh.buffer.seconds = 300
	sasl.login.refresh.min.period.seconds = 60
	sasl.login.refresh.window.factor = 0.8
	sasl.login.refresh.window.jitter = 0.05
	sasl.login.retry.backoff.max.ms = 10000
	sasl.login.retry.backoff.ms = 100
	sasl.mechanism = GSSAPI
	sasl.oauthbearer.clock.skew.seconds = 30
	sasl.oauthbearer.expected.audience = null
	sasl.oauthbearer.expected.issuer = null
	sasl.oauthbearer.jwks.endpoint.refresh.ms = 3600000
	sasl.oauthbearer.jwks.endpoint.retry.backoff.max.ms = 10000
	sasl.oauthbearer.jwks.endpoint.retry.backoff.ms = 100
	sasl.oauthbearer.jwks.endpoint.url = null
	sasl.oauthbearer.scope.claim.name = scope
	sasl.oauthbearer.sub.claim.name = sub
	sasl.oauthbearer.token.endpoint.url = null
	security.protocol = PLAINTEXT
	security.providers = null
	send.buffer.bytes = 131072
	socket.connection.setup.timeout.max.ms = 30000
	socket.connection.setup.timeout.ms = 10000
	ssl.cipher.suites = null
	ssl.enabled.protocols = [TLSv1.2, TLSv1.3]
	ssl.endpoint.identification.algorithm = https
	ssl.engine.factory.class = null
	ssl.key.password = null
	ssl.keymanager.algorithm = SunX509
	ssl.keystore.certificate.chain = null
	ssl.keystore.key = null
	ssl.keystore.location = null
	ssl.keystore.password = null
	ssl.keystore.type = JKS
	ssl.protocol = TLSv1.3
	ssl.provider = null
	ssl.secure.random.implementation = null
	ssl.trustmanager.algorithm = PKIX
	ssl.truststore.certificates = null
	ssl.truststore.location = null
	ssl.truststore.password = null
	ssl.truststore.type = JKS

INFO  i.ContextRehydrationTests Started ContextRehydrationTests in 0.44 seconds (JVM running for 4.442)
INFO  o.a.k.common.utils.AppInfoParser Kafka version: 3.1.2
INFO  o.a.k.common.utils.AppInfoParser Kafka commitId: f8c67dc3ae0a3265
INFO  o.a.k.common.utils.AppInfoParser Kafka startTimeMs: 1716667327324
INFO  o.a.k.common.utils.AppInfoParser Kafka version: 3.1.2
INFO  o.a.k.common.utils.AppInfoParser Kafka commitId: f8c67dc3ae0a3265
INFO  o.a.k.common.utils.AppInfoParser Kafka startTimeMs: 1716667327324
INFO  s.kafka.KafkaRequestResponseClient Created topic f99455e361a440199711111d8a0e2b4c-trading-engine-requests-writes
INFO  s.kafka.KafkaRequestResponseClient Created topic f99455e361a440199711111d8a0e2b4c-4938283cd2484cae81f232416118a05b-responses
INFO  o.a.k.common.utils.AppInfoParser App info kafka.admin.client for adminclient-4 unregistered
INFO  o.a.kafka.common.metrics.Metrics Metrics scheduler closed
INFO  o.a.kafka.common.metrics.Metrics Closing reporter org.apache.kafka.common.metrics.JmxReporter
INFO  o.a.kafka.common.metrics.Metrics Metrics reporters closed
INFO  o.a.k.c.consumer.ConsumerConfig ConsumerConfig values: 
	allow.auto.create.topics = true
	auto.commit.interval.ms = 5000
	auto.offset.reset = earliest
	bootstrap.servers = [localhost:9092]
	check.crcs = true
	client.dns.lookup = use_all_dns_ips
	client.id = c069007f6d0b400cb389b2bcb48f2ff7
	client.rack = 
	connections.max.idle.ms = 540000
	default.api.timeout.ms = 60000
	enable.auto.commit = false
	exclude.internal.topics = true
	fetch.max.bytes = 52428800
	fetch.max.wait.ms = 500
	fetch.min.bytes = 1
	group.id = f99455e361a440199711111d8a0e2b4cdefault
	group.instance.id = null
	heartbeat.interval.ms = 3000
	interceptor.classes = []
	internal.leave.group.on.close = true
	internal.throw.on.fetch.stable.offset.unsupported = false
	isolation.level = read_uncommitted
	key.deserializer = class org.apache.kafka.common.serialization.StringDeserializer
	max.partition.fetch.bytes = 1048576
	max.poll.interval.ms = 300000
	max.poll.records = 500
	metadata.max.age.ms = 300000
	metric.reporters = []
	metrics.num.samples = 2
	metrics.recording.level = INFO
	metrics.sample.window.ms = 30000
	partition.assignment.strategy = [class org.apache.kafka.clients.consumer.RangeAssignor, class org.apache.kafka.clients.consumer.CooperativeStickyAssignor]
	receive.buffer.bytes = 65536
	reconnect.backoff.max.ms = 1000
	reconnect.backoff.ms = 50
	request.timeout.ms = 30000
	retry.backoff.ms = 100
	sasl.client.callback.handler.class = null
	sasl.jaas.config = null
	sasl.kerberos.kinit.cmd = /usr/bin/kinit
	sasl.kerberos.min.time.before.relogin = 60000
	sasl.kerberos.service.name = null
	sasl.kerberos.ticket.renew.jitter = 0.05
	sasl.kerberos.ticket.renew.window.factor = 0.8
	sasl.login.callback.handler.class = null
	sasl.login.class = null
	sasl.login.connect.timeout.ms = null
	sasl.login.read.timeout.ms = null
	sasl.login.refresh.buffer.seconds = 300
	sasl.login.refresh.min.period.seconds = 60
	sasl.login.refresh.window.factor = 0.8
	sasl.login.refresh.window.jitter = 0.05
	sasl.login.retry.backoff.max.ms = 10000
	sasl.login.retry.backoff.ms = 100
	sasl.mechanism = GSSAPI
	sasl.oauthbearer.clock.skew.seconds = 30
	sasl.oauthbearer.expected.audience = null
	sasl.oauthbearer.expected.issuer = null
	sasl.oauthbearer.jwks.endpoint.refresh.ms = 3600000
	sasl.oauthbearer.jwks.endpoint.retry.backoff.max.ms = 10000
	sasl.oauthbearer.jwks.endpoint.retry.backoff.ms = 100
	sasl.oauthbearer.jwks.endpoint.url = null
	sasl.oauthbearer.scope.claim.name = scope
	sasl.oauthbearer.sub.claim.name = sub
	sasl.oauthbearer.token.endpoint.url = null
	security.protocol = PLAINTEXT
	security.providers = null
	send.buffer.bytes = 131072
	session.timeout.ms = 45000
	socket.connection.setup.timeout.max.ms = 30000
	socket.connection.setup.timeout.ms = 10000
	ssl.cipher.suites = null
	ssl.enabled.protocols = [TLSv1.2, TLSv1.3]
	ssl.endpoint.identification.algorithm = https
	ssl.engine.factory.class = null
	ssl.key.password = null
	ssl.keymanager.algorithm = SunX509
	ssl.keystore.certificate.chain = null
	ssl.keystore.key = null
	ssl.keystore.location = null
	ssl.keystore.password = null
	ssl.keystore.type = JKS
	ssl.protocol = TLSv1.3
	ssl.provider = null
	ssl.secure.random.implementation = null
	ssl.trustmanager.algorithm = PKIX
	ssl.truststore.certificates = null
	ssl.truststore.location = null
	ssl.truststore.password = null
	ssl.truststore.type = JKS
	value.deserializer = class org.springframework.kafka.support.serializer.JsonDeserializer

INFO  o.a.k.common.utils.AppInfoParser Kafka version: 3.1.2
INFO  o.a.k.common.utils.AppInfoParser Kafka commitId: f8c67dc3ae0a3265
INFO  o.a.k.common.utils.AppInfoParser Kafka startTimeMs: 1716667327372
INFO  o.a.k.c.consumer.KafkaConsumer [Consumer clientId=c069007f6d0b400cb389b2bcb48f2ff7, groupId=f99455e361a440199711111d8a0e2b4cdefault] Subscribed to partition(s): f99455e361a440199711111d8a0e2b4c-4938283cd2484cae81f232416118a05b-responses-0
INFO  o.a.k.c.consumer.KafkaConsumer [Consumer clientId=c069007f6d0b400cb389b2bcb48f2ff7, groupId=f99455e361a440199711111d8a0e2b4cdefault] Seeking to offset 0 for partition f99455e361a440199711111d8a0e2b4c-4938283cd2484cae81f232416118a05b-responses-0
INFO  org.apache.kafka.clients.Metadata [Producer clientId=e1c1b59670c046c49c5fff23a813730a] Resetting the last seen epoch of partition f99455e361a440199711111d8a0e2b4c-trading-engine-requests-writes-0 to 0 since the associated topicId changed from null to Wny62ej0RoSRyCpXdpRnUQ
INFO  org.apache.kafka.clients.Metadata [Consumer clientId=c069007f6d0b400cb389b2bcb48f2ff7, groupId=f99455e361a440199711111d8a0e2b4cdefault] Resetting the last seen epoch of partition f99455e361a440199711111d8a0e2b4c-4938283cd2484cae81f232416118a05b-responses-0 to 0 since the associated topicId changed from null to z9AyV9ifTDGr4CYnvdMSVQ
INFO  org.apache.kafka.clients.Metadata [Consumer clientId=c069007f6d0b400cb389b2bcb48f2ff7, groupId=f99455e361a440199711111d8a0e2b4cdefault] Cluster ID: vYZdA2sdT-SraCOH9C0BQQ
INFO  s.kafka.KafkaRequestResponseClient Created topic f99455e361a440199711111d8a0e2b4c-trading-engine-requests-reads
INFO  s.kafka.KafkaRequestResponseClient Created topic f99455e361a440199711111d8a0e2b4c-market-data
INFO  o.a.k.common.utils.AppInfoParser App info kafka.admin.client for adminclient-3 unregistered
INFO  o.a.kafka.common.metrics.Metrics Metrics scheduler closed
INFO  o.a.kafka.common.metrics.Metrics Closing reporter org.apache.kafka.common.metrics.JmxReporter
INFO  o.a.kafka.common.metrics.Metrics Metrics reporters closed
INFO  t.s.TradingEngineStreamingService Running trading engine service; starting at offset '0'
INFO  o.a.k.c.consumer.ConsumerConfig ConsumerConfig values: 
	allow.auto.create.topics = true
	auto.commit.interval.ms = 5000
	auto.offset.reset = earliest
	bootstrap.servers = [localhost:9092]
	check.crcs = true
	client.dns.lookup = use_all_dns_ips
	client.id = 4c1e2fd7b77a4b31b82113703f186895
	client.rack = 
	connections.max.idle.ms = 540000
	default.api.timeout.ms = 60000
	enable.auto.commit = false
	exclude.internal.topics = true
	fetch.max.bytes = 52428800
	fetch.max.wait.ms = 500
	fetch.min.bytes = 1
	group.id = f99455e361a440199711111d8a0e2b4cdefault
	group.instance.id = null
	heartbeat.interval.ms = 3000
	interceptor.classes = []
	internal.leave.group.on.close = true
	internal.throw.on.fetch.stable.offset.unsupported = false
	isolation.level = read_uncommitted
	key.deserializer = class org.apache.kafka.common.serialization.StringDeserializer
	max.partition.fetch.bytes = 1048576
	max.poll.interval.ms = 300000
	max.poll.records = 500
	metadata.max.age.ms = 300000
	metric.reporters = []
	metrics.num.samples = 2
	metrics.recording.level = INFO
	metrics.sample.window.ms = 30000
	partition.assignment.strategy = [class org.apache.kafka.clients.consumer.RangeAssignor, class org.apache.kafka.clients.consumer.CooperativeStickyAssignor]
	receive.buffer.bytes = 65536
	reconnect.backoff.max.ms = 1000
	reconnect.backoff.ms = 50
	request.timeout.ms = 30000
	retry.backoff.ms = 100
	sasl.client.callback.handler.class = null
	sasl.jaas.config = null
	sasl.kerberos.kinit.cmd = /usr/bin/kinit
	sasl.kerberos.min.time.before.relogin = 60000
	sasl.kerberos.service.name = null
	sasl.kerberos.ticket.renew.jitter = 0.05
	sasl.kerberos.ticket.renew.window.factor = 0.8
	sasl.login.callback.handler.class = null
	sasl.login.class = null
	sasl.login.connect.timeout.ms = null
	sasl.login.read.timeout.ms = null
	sasl.login.refresh.buffer.seconds = 300
	sasl.login.refresh.min.period.seconds = 60
	sasl.login.refresh.window.factor = 0.8
	sasl.login.refresh.window.jitter = 0.05
	sasl.login.retry.backoff.max.ms = 10000
	sasl.login.retry.backoff.ms = 100
	sasl.mechanism = GSSAPI
	sasl.oauthbearer.clock.skew.seconds = 30
	sasl.oauthbearer.expected.audience = null
	sasl.oauthbearer.expected.issuer = null
	sasl.oauthbearer.jwks.endpoint.refresh.ms = 3600000
	sasl.oauthbearer.jwks.endpoint.retry.backoff.max.ms = 10000
	sasl.oauthbearer.jwks.endpoint.retry.backoff.ms = 100
	sasl.oauthbearer.jwks.endpoint.url = null
	sasl.oauthbearer.scope.claim.name = scope
	sasl.oauthbearer.sub.claim.name = sub
	sasl.oauthbearer.token.endpoint.url = null
	security.protocol = PLAINTEXT
	security.providers = null
	send.buffer.bytes = 131072
	session.timeout.ms = 45000
	socket.connection.setup.timeout.max.ms = 30000
	socket.connection.setup.timeout.ms = 10000
	ssl.cipher.suites = null
	ssl.enabled.protocols = [TLSv1.2, TLSv1.3]
	ssl.endpoint.identification.algorithm = https
	ssl.engine.factory.class = null
	ssl.key.password = null
	ssl.keymanager.algorithm = SunX509
	ssl.keystore.certificate.chain = null
	ssl.keystore.key = null
	ssl.keystore.location = null
	ssl.keystore.password = null
	ssl.keystore.type = JKS
	ssl.protocol = TLSv1.3
	ssl.provider = null
	ssl.secure.random.implementation = null
	ssl.trustmanager.algorithm = PKIX
	ssl.truststore.certificates = null
	ssl.truststore.location = null
	ssl.truststore.password = null
	ssl.truststore.type = JKS
	value.deserializer = class org.springframework.kafka.support.serializer.JsonDeserializer

INFO  o.a.k.common.utils.AppInfoParser Kafka version: 3.1.2
INFO  o.a.k.common.utils.AppInfoParser Kafka commitId: f8c67dc3ae0a3265
INFO  o.a.k.common.utils.AppInfoParser Kafka startTimeMs: 1716667327504
INFO  o.a.k.c.consumer.KafkaConsumer [Consumer clientId=4c1e2fd7b77a4b31b82113703f186895, groupId=f99455e361a440199711111d8a0e2b4cdefault] Subscribed to partition(s): f99455e361a440199711111d8a0e2b4c-trading-engine-requests-writes-0, f99455e361a440199711111d8a0e2b4c-trading-engine-requests-reads-0
INFO  o.a.k.c.consumer.KafkaConsumer [Consumer clientId=4c1e2fd7b77a4b31b82113703f186895, groupId=f99455e361a440199711111d8a0e2b4cdefault] Seeking to offset 0 for partition f99455e361a440199711111d8a0e2b4c-trading-engine-requests-writes-0
INFO  org.apache.kafka.clients.Metadata [Consumer clientId=4c1e2fd7b77a4b31b82113703f186895, groupId=f99455e361a440199711111d8a0e2b4cdefault] Resetting the last seen epoch of partition f99455e361a440199711111d8a0e2b4c-trading-engine-requests-reads-0 to 0 since the associated topicId changed from null to ElzOJi-VQWm7-UZzzvwxxQ
INFO  org.apache.kafka.clients.Metadata [Consumer clientId=4c1e2fd7b77a4b31b82113703f186895, groupId=f99455e361a440199711111d8a0e2b4cdefault] Resetting the last seen epoch of partition f99455e361a440199711111d8a0e2b4c-trading-engine-requests-writes-0 to 0 since the associated topicId changed from null to Wny62ej0RoSRyCpXdpRnUQ
INFO  org.apache.kafka.clients.Metadata [Consumer clientId=4c1e2fd7b77a4b31b82113703f186895, groupId=f99455e361a440199711111d8a0e2b4cdefault] Cluster ID: vYZdA2sdT-SraCOH9C0BQQ
INFO  o.a.k.c.c.i.ConsumerCoordinator [Consumer clientId=4c1e2fd7b77a4b31b82113703f186895, groupId=f99455e361a440199711111d8a0e2b4cdefault] Discovered group coordinator localhost:9092 (id: 2147483646 rack: null)
INFO  o.a.k.c.c.i.ConsumerCoordinator [Consumer clientId=4c1e2fd7b77a4b31b82113703f186895, groupId=f99455e361a440199711111d8a0e2b4cdefault] Found no committed offset for partition f99455e361a440199711111d8a0e2b4c-trading-engine-requests-reads-0
INFO  o.a.k.c.c.i.SubscriptionState [Consumer clientId=4c1e2fd7b77a4b31b82113703f186895, groupId=f99455e361a440199711111d8a0e2b4cdefault] Resetting offset for partition f99455e361a440199711111d8a0e2b4c-trading-engine-requests-reads-0 to position FetchPosition{offset=0, offsetEpoch=Optional.empty, currentLeader=LeaderAndEpoch{leader=Optional[localhost:9092 (id: 1 rack: null)], epoch=0}}.
INFO  t.s.TradingEngineStreamingService Processing 'GetBalance' request
INFO  org.apache.kafka.clients.Metadata [Producer clientId=e1c1b59670c046c49c5fff23a813730a] Resetting the last seen epoch of partition f99455e361a440199711111d8a0e2b4c-4938283cd2484cae81f232416118a05b-responses-0 to 0 since the associated topicId changed from null to z9AyV9ifTDGr4CYnvdMSVQ
INFO  o.a.k.c.producer.KafkaProducer [Producer clientId=e1c1b59670c046c49c5fff23a813730a] Closing the Kafka producer with timeoutMillis = 9223372036854775807 ms.
INFO  o.a.kafka.common.metrics.Metrics Metrics scheduler closed
INFO  o.a.kafka.common.metrics.Metrics Closing reporter org.apache.kafka.common.metrics.JmxReporter
INFO  o.a.kafka.common.metrics.Metrics Metrics reporters closed
INFO  o.a.k.common.utils.AppInfoParser App info kafka.producer for e1c1b59670c046c49c5fff23a813730a unregistered
INFO  o.a.k.c.producer.KafkaProducer [Producer clientId=e1c1b59670c046c49c5fff23a813730a] Closing the Kafka producer with timeoutMillis = 9223372036854775807 ms.
INFO  o.a.kafka.common.metrics.Metrics Metrics scheduler closed
INFO  o.a.kafka.common.metrics.Metrics Closing reporter org.apache.kafka.common.metrics.JmxReporter
INFO  o.a.kafka.common.metrics.Metrics Metrics reporters closed
INFO  o.a.k.common.utils.AppInfoParser App info kafka.producer for e1c1b59670c046c49c5fff23a813730a unregistered
INFO  o.a.k.c.producer.KafkaProducer [Producer clientId=e1c1b59670c046c49c5fff23a813730a] Closing the Kafka producer with timeoutMillis = 9223372036854775807 ms.
INFO  o.a.kafka.common.metrics.Metrics Metrics scheduler closed
INFO  o.a.kafka.common.metrics.Metrics Closing reporter org.apache.kafka.common.metrics.JmxReporter
INFO  o.a.kafka.common.metrics.Metrics Metrics reporters closed
INFO  o.a.k.common.utils.AppInfoParser App info kafka.producer for e1c1b59670c046c49c5fff23a813730a unregistered
]]></system-out>
  <system-err><![CDATA[]]></system-err>
</testsuite>
